2024-01-18 13:06:02.966 [ERROR] [WebSocketConnectReadThread-12] [com.huobi.wss.handle.WssMarketHandle.onError:98] - onError:
java.net.ConnectException: Connection timed out: connect
	at java.net.DualStackPlainSocketImpl.connect0(Native Method)
	at java.net.DualStackPlainSocketImpl.socketConnect(DualStackPlainSocketImpl.java:75)
	at java.net.AbstractPlainSocketImpl.doConnect(AbstractPlainSocketImpl.java:476)
	at java.net.AbstractPlainSocketImpl.connectToAddress(AbstractPlainSocketImpl.java:218)
	at java.net.AbstractPlainSocketImpl.connect(AbstractPlainSocketImpl.java:200)
	at java.net.PlainSocketImpl.connect(PlainSocketImpl.java:162)
	at java.net.Socket.connect(Socket.java:606)
	at org.java_websocket.client.WebSocketClient.run(WebSocketClient.java:395)
	at java.lang.Thread.run(Thread.java:750)
2024-01-18 13:06:02.981 [ERROR] [WebSocketConnectReadThread-12] [com.huobi.wss.handle.WssMarketHandle.onClose:93] - onClose i:-1,s:Connection timed out: connect,b:false
2024-01-18 13:06:21.204 [DEBUG] [WebSocketConnectReadThread-12] [com.huobi.wss.handle.WssMarketHandle.onOpen:57] - onOpen Success
2024-01-18 13:06:21.404 [INFO] [pool-2-thread-1] [com.huobi.usdt.wss.WssIndexSubTest.lambda$test1$0:25] - 订阅(sub)指数K线数据用户收到的数据===============:{"ch":"market.BTC-USDT.index.1min","ts":1705554379120,"tick":{"id":1705554360,"open":"42636.71","close":"42636.68","high":"42636.71333333333","low":"42636.676666666666","amount":"0","vol":"0","count":0}}
2024-01-18 13:06:21.418 [INFO] [pool-2-thread-1] [com.huobi.usdt.wss.WssIndexSubTest.lambda$test1$0:28] - 订阅(sub)指数K线数据的ts为：1705554379120,当前的时间戳为：1705554381405,时间间隔为：2285毫秒
2024-01-18 13:06:21.590 [INFO] [pool-2-thread-1] [com.huobi.usdt.wss.WssIndexSubTest.lambda$test1$0:25] - 订阅(sub)指数K线数据用户收到的数据===============:{"ch":"market.BTC-USDT.index.1min","ts":1705554380119,"tick":{"id":1705554360,"open":"42636.71","close":"42636.68","high":"42636.71333333333","low":"42636.676666666666","amount":"0","vol":"0","count":0}}
2024-01-18 13:06:21.591 [INFO] [pool-2-thread-1] [com.huobi.usdt.wss.WssIndexSubTest.lambda$test1$0:28] - 订阅(sub)指数K线数据的ts为：1705554380119,当前的时间戳为：1705554381591,时间间隔为：1472毫秒
2024-01-18 13:06:22.572 [INFO] [pool-2-thread-1] [com.huobi.usdt.wss.WssIndexSubTest.lambda$test1$0:25] - 订阅(sub)指数K线数据用户收到的数据===============:{"ch":"market.BTC-USDT.index.1min","ts":1705554381108,"tick":{"id":1705554360,"open":"42636.71","close":"42636.676666666666","high":"42636.71333333333","low":"42636.676666666666","amount":"0","vol":"0","count":0}}
2024-01-18 13:06:22.573 [INFO] [pool-2-thread-1] [com.huobi.usdt.wss.WssIndexSubTest.lambda$test1$0:28] - 订阅(sub)指数K线数据的ts为：1705554381108,当前的时间戳为：1705554382573,时间间隔为：1465毫秒
2024-01-18 13:06:23.586 [INFO] [pool-2-thread-1] [com.huobi.usdt.wss.WssIndexSubTest.lambda$test1$0:25] - 订阅(sub)指数K线数据用户收到的数据===============:{"ch":"market.BTC-USDT.index.1min","ts":1705554382122,"tick":{"id":1705554360,"open":"42636.71","close":"42636.71","high":"42636.71333333333","low":"42636.676666666666","amount":"0","vol":"0","count":0}}
2024-01-18 13:06:23.588 [INFO] [pool-2-thread-1] [com.huobi.usdt.wss.WssIndexSubTest.lambda$test1$0:28] - 订阅(sub)指数K线数据的ts为：1705554382122,当前的时间戳为：1705554383588,时间间隔为：1466毫秒
2024-01-18 13:06:24.675 [INFO] [pool-2-thread-1] [com.huobi.usdt.wss.WssIndexSubTest.lambda$test1$0:25] - 订阅(sub)指数K线数据用户收到的数据===============:{"ch":"market.BTC-USDT.index.1min","ts":1705554383199,"tick":{"id":1705554360,"open":"42636.71","close":"42636.71","high":"42636.71333333333","low":"42636.676666666666","amount":"0","vol":"0","count":0}}
2024-01-18 13:06:24.675 [INFO] [pool-2-thread-1] [com.huobi.usdt.wss.WssIndexSubTest.lambda$test1$0:28] - 订阅(sub)指数K线数据的ts为：1705554383199,当前的时间戳为：1705554384675,时间间隔为：1476毫秒
2024-01-18 13:06:25.587 [INFO] [pool-2-thread-1] [com.huobi.usdt.wss.WssIndexSubTest.lambda$test1$0:25] - 订阅(sub)指数K线数据用户收到的数据===============:{"ch":"market.BTC-USDT.index.1min","ts":1705554384115,"tick":{"id":1705554360,"open":"42636.71","close":"42636.71","high":"42636.71333333333","low":"42636.676666666666","amount":"0","vol":"0","count":0}}
2024-01-18 13:06:25.588 [INFO] [pool-2-thread-1] [com.huobi.usdt.wss.WssIndexSubTest.lambda$test1$0:28] - 订阅(sub)指数K线数据的ts为：1705554384115,当前的时间戳为：1705554385587,时间间隔为：1472毫秒
2024-01-18 13:06:26.205 [DEBUG] [pool-2-thread-1] [com.huobi.wss.handle.WssMarketHandle.dealPing:125] - 发送pong:{"pong":1}
2024-01-18 13:06:26.590 [INFO] [pool-2-thread-1] [com.huobi.usdt.wss.WssIndexSubTest.lambda$test1$0:25] - 订阅(sub)指数K线数据用户收到的数据===============:{"ch":"market.BTC-USDT.index.1min","ts":1705554385124,"tick":{"id":1705554360,"open":"42636.71","close":"42636.71","high":"42636.71333333333","low":"42636.676666666666","amount":"0","vol":"0","count":0}}
2024-01-18 13:06:26.591 [INFO] [pool-2-thread-1] [com.huobi.usdt.wss.WssIndexSubTest.lambda$test1$0:28] - 订阅(sub)指数K线数据的ts为：1705554385124,当前的时间戳为：1705554386591,时间间隔为：1467毫秒
2024-01-18 13:06:27.589 [INFO] [pool-2-thread-1] [com.huobi.usdt.wss.WssIndexSubTest.lambda$test1$0:25] - 订阅(sub)指数K线数据用户收到的数据===============:{"ch":"market.BTC-USDT.index.1min","ts":1705554386121,"tick":{"id":1705554360,"open":"42636.71","close":"42636.71333333333","high":"42636.71333333333","low":"42636.676666666666","amount":"0","vol":"0","count":0}}
2024-01-18 13:06:27.590 [INFO] [pool-2-thread-1] [com.huobi.usdt.wss.WssIndexSubTest.lambda$test1$0:28] - 订阅(sub)指数K线数据的ts为：1705554386121,当前的时间戳为：1705554387590,时间间隔为：1469毫秒
2024-01-18 13:06:28.698 [INFO] [pool-2-thread-1] [com.huobi.usdt.wss.WssIndexSubTest.lambda$test1$0:25] - 订阅(sub)指数K线数据用户收到的数据===============:{"ch":"market.BTC-USDT.index.1min","ts":1705554387117,"tick":{"id":1705554360,"open":"42636.71","close":"42636.71333333333","high":"42636.71333333333","low":"42636.676666666666","amount":"0","vol":"0","count":0}}
2024-01-18 13:06:28.699 [INFO] [pool-2-thread-1] [com.huobi.usdt.wss.WssIndexSubTest.lambda$test1$0:28] - 订阅(sub)指数K线数据的ts为：1705554387117,当前的时间戳为：1705554388699,时间间隔为：1582毫秒
2024-01-18 13:06:29.592 [INFO] [pool-2-thread-1] [com.huobi.usdt.wss.WssIndexSubTest.lambda$test1$0:25] - 订阅(sub)指数K线数据用户收到的数据===============:{"ch":"market.BTC-USDT.index.1min","ts":1705554388122,"tick":{"id":1705554360,"open":"42636.71","close":"42636.71","high":"42636.71333333333","low":"42636.676666666666","amount":"0","vol":"0","count":0}}
2024-01-18 13:06:29.593 [INFO] [pool-2-thread-1] [com.huobi.usdt.wss.WssIndexSubTest.lambda$test1$0:28] - 订阅(sub)指数K线数据的ts为：1705554388122,当前的时间戳为：1705554389593,时间间隔为：1471毫秒
2024-01-18 13:06:30.608 [INFO] [pool-2-thread-1] [com.huobi.usdt.wss.WssIndexSubTest.lambda$test1$0:25] - 订阅(sub)指数K线数据用户收到的数据===============:{"ch":"market.BTC-USDT.index.1min","ts":1705554389141,"tick":{"id":1705554360,"open":"42636.71","close":"42636.71","high":"42636.71333333333","low":"42636.676666666666","amount":"0","vol":"0","count":0}}
2024-01-18 13:06:30.609 [INFO] [pool-2-thread-1] [com.huobi.usdt.wss.WssIndexSubTest.lambda$test1$0:28] - 订阅(sub)指数K线数据的ts为：1705554389141,当前的时间戳为：1705554390609,时间间隔为：1468毫秒
2024-01-18 13:06:31.196 [DEBUG] [pool-2-thread-1] [com.huobi.wss.handle.WssMarketHandle.dealPing:125] - 发送pong:{"pong":2}
2024-01-18 13:06:31.587 [INFO] [pool-2-thread-1] [com.huobi.usdt.wss.WssIndexSubTest.lambda$test1$0:25] - 订阅(sub)指数K线数据用户收到的数据===============:{"ch":"market.BTC-USDT.index.1min","ts":1705554390115,"tick":{"id":1705554360,"open":"42636.71","close":"42636.71","high":"42636.71333333333","low":"42636.676666666666","amount":"0","vol":"0","count":0}}
2024-01-18 13:06:31.587 [INFO] [pool-2-thread-1] [com.huobi.usdt.wss.WssIndexSubTest.lambda$test1$0:28] - 订阅(sub)指数K线数据的ts为：1705554390115,当前的时间戳为：1705554391587,时间间隔为：1472毫秒
2024-01-18 13:06:32.592 [INFO] [pool-2-thread-1] [com.huobi.usdt.wss.WssIndexSubTest.lambda$test1$0:25] - 订阅(sub)指数K线数据用户收到的数据===============:{"ch":"market.BTC-USDT.index.1min","ts":1705554391120,"tick":{"id":1705554360,"open":"42636.71","close":"42636.71333333333","high":"42636.71333333333","low":"42636.676666666666","amount":"0","vol":"0","count":0}}
2024-01-18 13:06:32.593 [INFO] [pool-2-thread-1] [com.huobi.usdt.wss.WssIndexSubTest.lambda$test1$0:28] - 订阅(sub)指数K线数据的ts为：1705554391120,当前的时间戳为：1705554392593,时间间隔为：1473毫秒
2024-01-18 13:06:33.586 [INFO] [pool-2-thread-1] [com.huobi.usdt.wss.WssIndexSubTest.lambda$test1$0:25] - 订阅(sub)指数K线数据用户收到的数据===============:{"ch":"market.BTC-USDT.index.1min","ts":1705554392119,"tick":{"id":1705554360,"open":"42636.71","close":"42636.71","high":"42636.71333333333","low":"42636.676666666666","amount":"0","vol":"0","count":0}}
2024-01-18 13:06:33.587 [INFO] [pool-2-thread-1] [com.huobi.usdt.wss.WssIndexSubTest.lambda$test1$0:28] - 订阅(sub)指数K线数据的ts为：1705554392119,当前的时间戳为：1705554393586,时间间隔为：1467毫秒
2024-01-18 13:06:34.584 [INFO] [pool-2-thread-1] [com.huobi.usdt.wss.WssIndexSubTest.lambda$test1$0:25] - 订阅(sub)指数K线数据用户收到的数据===============:{"ch":"market.BTC-USDT.index.1min","ts":1705554393119,"tick":{"id":1705554360,"open":"42636.71","close":"42636.71","high":"42636.71333333333","low":"42636.676666666666","amount":"0","vol":"0","count":0}}
2024-01-18 13:06:34.585 [INFO] [pool-2-thread-1] [com.huobi.usdt.wss.WssIndexSubTest.lambda$test1$0:28] - 订阅(sub)指数K线数据的ts为：1705554393119,当前的时间戳为：1705554394585,时间间隔为：1466毫秒
2024-01-18 13:06:35.585 [INFO] [pool-2-thread-1] [com.huobi.usdt.wss.WssIndexSubTest.lambda$test1$0:25] - 订阅(sub)指数K线数据用户收到的数据===============:{"ch":"market.BTC-USDT.index.1min","ts":1705554394119,"tick":{"id":1705554360,"open":"42636.71","close":"42636.71333333333","high":"42636.71333333333","low":"42636.676666666666","amount":"0","vol":"0","count":0}}
2024-01-18 13:06:35.586 [INFO] [pool-2-thread-1] [com.huobi.usdt.wss.WssIndexSubTest.lambda$test1$0:28] - 订阅(sub)指数K线数据的ts为：1705554394119,当前的时间戳为：1705554395585,时间间隔为：1466毫秒
2024-01-18 13:06:36.196 [DEBUG] [pool-2-thread-1] [com.huobi.wss.handle.WssMarketHandle.dealPing:125] - 发送pong:{"pong":3}
2024-01-18 13:06:36.590 [INFO] [pool-2-thread-1] [com.huobi.usdt.wss.WssIndexSubTest.lambda$test1$0:25] - 订阅(sub)指数K线数据用户收到的数据===============:{"ch":"market.BTC-USDT.index.1min","ts":1705554395119,"tick":{"id":1705554360,"open":"42636.71","close":"42636.71","high":"42636.71333333333","low":"42636.676666666666","amount":"0","vol":"0","count":0}}
2024-01-18 13:06:36.591 [INFO] [pool-2-thread-1] [com.huobi.usdt.wss.WssIndexSubTest.lambda$test1$0:28] - 订阅(sub)指数K线数据的ts为：1705554395119,当前的时间戳为：1705554396591,时间间隔为：1472毫秒
2024-01-18 13:06:37.580 [INFO] [pool-2-thread-1] [com.huobi.usdt.wss.WssIndexSubTest.lambda$test1$0:25] - 订阅(sub)指数K线数据用户收到的数据===============:{"ch":"market.BTC-USDT.index.1min","ts":1705554396113,"tick":{"id":1705554360,"open":"42636.71","close":"42636.71","high":"42636.71333333333","low":"42636.676666666666","amount":"0","vol":"0","count":0}}
2024-01-18 13:06:37.580 [INFO] [pool-2-thread-1] [com.huobi.usdt.wss.WssIndexSubTest.lambda$test1$0:28] - 订阅(sub)指数K线数据的ts为：1705554396113,当前的时间戳为：1705554397580,时间间隔为：1467毫秒
2024-01-18 13:06:38.587 [INFO] [pool-2-thread-1] [com.huobi.usdt.wss.WssIndexSubTest.lambda$test1$0:25] - 订阅(sub)指数K线数据用户收到的数据===============:{"ch":"market.BTC-USDT.index.1min","ts":1705554397119,"tick":{"id":1705554360,"open":"42636.71","close":"42636.71333333333","high":"42636.71333333333","low":"42636.676666666666","amount":"0","vol":"0","count":0}}
2024-01-18 13:06:38.589 [INFO] [pool-2-thread-1] [com.huobi.usdt.wss.WssIndexSubTest.lambda$test1$0:28] - 订阅(sub)指数K线数据的ts为：1705554397119,当前的时间戳为：1705554398589,时间间隔为：1470毫秒
2024-01-18 13:06:39.589 [INFO] [pool-2-thread-1] [com.huobi.usdt.wss.WssIndexSubTest.lambda$test1$0:25] - 订阅(sub)指数K线数据用户收到的数据===============:{"ch":"market.BTC-USDT.index.1min","ts":1705554398122,"tick":{"id":1705554360,"open":"42636.71","close":"42636.71","high":"42636.71333333333","low":"42636.676666666666","amount":"0","vol":"0","count":0}}
2024-01-18 13:06:39.589 [INFO] [pool-2-thread-1] [com.huobi.usdt.wss.WssIndexSubTest.lambda$test1$0:28] - 订阅(sub)指数K线数据的ts为：1705554398122,当前的时间戳为：1705554399589,时间间隔为：1467毫秒
2024-01-18 13:06:40.588 [INFO] [pool-2-thread-1] [com.huobi.usdt.wss.WssIndexSubTest.lambda$test1$0:25] - 订阅(sub)指数K线数据用户收到的数据===============:{"ch":"market.BTC-USDT.index.1min","ts":1705554399118,"tick":{"id":1705554360,"open":"42636.71","close":"42636.71","high":"42636.71333333333","low":"42636.676666666666","amount":"0","vol":"0","count":0}}
2024-01-18 13:06:40.588 [INFO] [pool-2-thread-1] [com.huobi.usdt.wss.WssIndexSubTest.lambda$test1$0:28] - 订阅(sub)指数K线数据的ts为：1705554399118,当前的时间戳为：1705554400588,时间间隔为：1470毫秒
2024-01-18 13:06:41.197 [DEBUG] [pool-2-thread-1] [com.huobi.wss.handle.WssMarketHandle.dealPing:125] - 发送pong:{"pong":4}
2024-01-18 13:06:41.598 [INFO] [pool-2-thread-1] [com.huobi.usdt.wss.WssIndexSubTest.lambda$test1$0:25] - 订阅(sub)指数K线数据用户收到的数据===============:{"ch":"market.BTC-USDT.index.1min","ts":1705554400117,"tick":{"id":1705554360,"open":"42636.71","close":"42636.71","high":"42636.71333333333","low":"42636.676666666666","amount":"0","vol":"0","count":0}}
2024-01-18 13:06:41.598 [INFO] [pool-2-thread-1] [com.huobi.usdt.wss.WssIndexSubTest.lambda$test1$0:28] - 订阅(sub)指数K线数据的ts为：1705554400117,当前的时间戳为：1705554401598,时间间隔为：1481毫秒
2024-01-18 13:06:42.599 [INFO] [pool-2-thread-1] [com.huobi.usdt.wss.WssIndexSubTest.lambda$test1$0:25] - 订阅(sub)指数K线数据用户收到的数据===============:{"ch":"market.BTC-USDT.index.1min","ts":1705554401119,"tick":{"id":1705554360,"open":"42636.71","close":"42636.71333333333","high":"42636.71333333333","low":"42636.676666666666","amount":"0","vol":"0","count":0}}
2024-01-18 13:06:42.599 [INFO] [pool-2-thread-1] [com.huobi.usdt.wss.WssIndexSubTest.lambda$test1$0:28] - 订阅(sub)指数K线数据的ts为：1705554401119,当前的时间戳为：1705554402599,时间间隔为：1480毫秒
2024-01-18 13:06:43.590 [INFO] [pool-2-thread-1] [com.huobi.usdt.wss.WssIndexSubTest.lambda$test1$0:25] - 订阅(sub)指数K线数据用户收到的数据===============:{"ch":"market.BTC-USDT.index.1min","ts":1705554402115,"tick":{"id":1705554360,"open":"42636.71","close":"42636.71","high":"42636.71333333333","low":"42636.676666666666","amount":"0","vol":"0","count":0}}
2024-01-18 13:06:43.590 [INFO] [pool-2-thread-1] [com.huobi.usdt.wss.WssIndexSubTest.lambda$test1$0:28] - 订阅(sub)指数K线数据的ts为：1705554402115,当前的时间戳为：1705554403590,时间间隔为：1475毫秒
2024-01-18 13:06:44.582 [INFO] [pool-2-thread-1] [com.huobi.usdt.wss.WssIndexSubTest.lambda$test1$0:25] - 订阅(sub)指数K线数据用户收到的数据===============:{"ch":"market.BTC-USDT.index.1min","ts":1705554403115,"tick":{"id":1705554360,"open":"42636.71","close":"42636.71","high":"42636.71333333333","low":"42636.676666666666","amount":"0","vol":"0","count":0}}
2024-01-18 13:06:44.582 [INFO] [pool-2-thread-1] [com.huobi.usdt.wss.WssIndexSubTest.lambda$test1$0:28] - 订阅(sub)指数K线数据的ts为：1705554403115,当前的时间戳为：1705554404582,时间间隔为：1467毫秒
2024-01-18 13:06:45.586 [INFO] [pool-2-thread-1] [com.huobi.usdt.wss.WssIndexSubTest.lambda$test1$0:25] - 订阅(sub)指数K线数据用户收到的数据===============:{"ch":"market.BTC-USDT.index.1min","ts":1705554404113,"tick":{"id":1705554360,"open":"42636.71","close":"42636.71333333333","high":"42636.71333333333","low":"42636.676666666666","amount":"0","vol":"0","count":0}}
2024-01-18 13:06:45.586 [INFO] [pool-2-thread-1] [com.huobi.usdt.wss.WssIndexSubTest.lambda$test1$0:28] - 订阅(sub)指数K线数据的ts为：1705554404113,当前的时间戳为：1705554405586,时间间隔为：1473毫秒
2024-01-18 13:06:46.194 [DEBUG] [pool-2-thread-1] [com.huobi.wss.handle.WssMarketHandle.dealPing:125] - 发送pong:{"pong":5}
2024-01-18 13:06:46.587 [INFO] [pool-2-thread-1] [com.huobi.usdt.wss.WssIndexSubTest.lambda$test1$0:25] - 订阅(sub)指数K线数据用户收到的数据===============:{"ch":"market.BTC-USDT.index.1min","ts":1705554405117,"tick":{"id":1705554360,"open":"42636.71","close":"42636.71","high":"42636.71333333333","low":"42636.676666666666","amount":"0","vol":"0","count":0}}
2024-01-18 13:06:46.588 [INFO] [pool-2-thread-1] [com.huobi.usdt.wss.WssIndexSubTest.lambda$test1$0:28] - 订阅(sub)指数K线数据的ts为：1705554405117,当前的时间戳为：1705554406588,时间间隔为：1471毫秒
2024-01-18 13:06:47.592 [INFO] [pool-2-thread-1] [com.huobi.usdt.wss.WssIndexSubTest.lambda$test1$0:25] - 订阅(sub)指数K线数据用户收到的数据===============:{"ch":"market.BTC-USDT.index.1min","ts":1705554406125,"tick":{"id":1705554360,"open":"42636.71","close":"42636.71","high":"42636.71333333333","low":"42636.676666666666","amount":"0","vol":"0","count":0}}
2024-01-18 13:06:47.593 [INFO] [pool-2-thread-1] [com.huobi.usdt.wss.WssIndexSubTest.lambda$test1$0:28] - 订阅(sub)指数K线数据的ts为：1705554406125,当前的时间戳为：1705554407593,时间间隔为：1468毫秒
2024-01-18 13:06:48.728 [INFO] [pool-2-thread-1] [com.huobi.usdt.wss.WssIndexSubTest.lambda$test1$0:25] - 订阅(sub)指数K线数据用户收到的数据===============:{"ch":"market.BTC-USDT.index.1min","ts":1705554407263,"tick":{"id":1705554360,"open":"42636.71","close":"42636.71","high":"42636.71333333333","low":"42636.676666666666","amount":"0","vol":"0","count":0}}
2024-01-18 13:06:48.729 [INFO] [pool-2-thread-1] [com.huobi.usdt.wss.WssIndexSubTest.lambda$test1$0:28] - 订阅(sub)指数K线数据的ts为：1705554407263,当前的时间戳为：1705554408729,时间间隔为：1466毫秒
2024-01-18 13:06:49.779 [INFO] [pool-2-thread-1] [com.huobi.usdt.wss.WssIndexSubTest.lambda$test1$0:25] - 订阅(sub)指数K线数据用户收到的数据===============:{"ch":"market.BTC-USDT.index.1min","ts":1705554408313,"tick":{"id":1705554360,"open":"42636.71","close":"42636.71","high":"42636.71333333333","low":"42636.676666666666","amount":"0","vol":"0","count":0}}
2024-01-18 13:06:49.780 [INFO] [pool-2-thread-1] [com.huobi.usdt.wss.WssIndexSubTest.lambda$test1$0:28] - 订阅(sub)指数K线数据的ts为：1705554408313,当前的时间戳为：1705554409780,时间间隔为：1467毫秒
2024-01-18 13:07:36.521 [DEBUG] [WebSocketConnectReadThread-14] [com.huobi.wss.handle.WssMarketHandle.onOpen:57] - onOpen Success
2024-01-18 13:07:36.753 [INFO] [pool-2-thread-1] [com.huobi.usdt.wss.WssIndexSubTest.lambda$test1$0:25] - 订阅(sub)指数K线数据用户收到的数据===============:{"ch":"market.BTC-USDT.index.1min","ts":1705554455116,"tick":{"id":1705554420,"open":"42635.12666666666","close":"42634.80333333334","high":"42635.12666666666","low":"42634.77333333333","amount":"0","vol":"0","count":0}}
2024-01-18 13:07:46.893 [INFO] [pool-2-thread-1] [com.huobi.usdt.wss.WssIndexSubTest.lambda$test1$0:28] - 订阅(sub)指数K线数据的ts为：1705554455116,当前的时间戳为：1705554456756,时间间隔为：1640毫秒
2024-01-18 13:07:46.894 [INFO] [pool-2-thread-1] [com.huobi.usdt.wss.WssIndexSubTest.lambda$test1$0:25] - 订阅(sub)指数K线数据用户收到的数据===============:{"ch":"market.BTC-USDT.index.1min","ts":1705554456108,"tick":{"id":1705554420,"open":"42635.12666666666","close":"42634.806666666664","high":"42635.12666666666","low":"42634.77333333333","amount":"0","vol":"0","count":0}}
2024-01-18 13:07:46.895 [INFO] [pool-2-thread-1] [com.huobi.usdt.wss.WssIndexSubTest.lambda$test1$0:28] - 订阅(sub)指数K线数据的ts为：1705554456108,当前的时间戳为：1705554466895,时间间隔为：10787毫秒
2024-01-18 13:07:46.895 [INFO] [pool-2-thread-1] [com.huobi.usdt.wss.WssIndexSubTest.lambda$test1$0:25] - 订阅(sub)指数K线数据用户收到的数据===============:{"ch":"market.BTC-USDT.index.1min","ts":1705554457113,"tick":{"id":1705554420,"open":"42635.12666666666","close":"42634.806666666664","high":"42635.12666666666","low":"42634.77333333333","amount":"0","vol":"0","count":0}}
2024-01-18 13:07:46.895 [INFO] [pool-2-thread-1] [com.huobi.usdt.wss.WssIndexSubTest.lambda$test1$0:28] - 订阅(sub)指数K线数据的ts为：1705554457113,当前的时间戳为：1705554466895,时间间隔为：9782毫秒
2024-01-18 13:07:46.896 [INFO] [pool-2-thread-1] [com.huobi.usdt.wss.WssIndexSubTest.lambda$test1$0:25] - 订阅(sub)指数K线数据用户收到的数据===============:{"ch":"market.BTC-USDT.index.1min","ts":1705554458116,"tick":{"id":1705554420,"open":"42635.12666666666","close":"42634.80333333334","high":"42635.12666666666","low":"42634.77333333333","amount":"0","vol":"0","count":0}}
2024-01-18 13:07:46.896 [INFO] [pool-2-thread-1] [com.huobi.usdt.wss.WssIndexSubTest.lambda$test1$0:28] - 订阅(sub)指数K线数据的ts为：1705554458116,当前的时间戳为：1705554466896,时间间隔为：8780毫秒
2024-01-18 13:07:46.896 [INFO] [pool-2-thread-1] [com.huobi.usdt.wss.WssIndexSubTest.lambda$test1$0:25] - 订阅(sub)指数K线数据用户收到的数据===============:{"ch":"market.BTC-USDT.index.1min","ts":1705554459114,"tick":{"id":1705554420,"open":"42635.12666666666","close":"42634.806666666664","high":"42635.12666666666","low":"42634.77333333333","amount":"0","vol":"0","count":0}}
2024-01-18 13:07:46.896 [INFO] [pool-2-thread-1] [com.huobi.usdt.wss.WssIndexSubTest.lambda$test1$0:28] - 订阅(sub)指数K线数据的ts为：1705554459114,当前的时间戳为：1705554466896,时间间隔为：7782毫秒
2024-01-18 13:07:46.897 [DEBUG] [pool-2-thread-1] [com.huobi.wss.handle.WssMarketHandle.dealPing:125] - 发送pong:{"pong":1}
2024-01-18 13:07:46.897 [INFO] [pool-2-thread-1] [com.huobi.usdt.wss.WssIndexSubTest.lambda$test1$0:25] - 订阅(sub)指数K线数据用户收到的数据===============:{"ch":"market.BTC-USDT.index.1min","ts":1705554460114,"tick":{"id":1705554420,"open":"42635.12666666666","close":"42634.84","high":"42635.12666666666","low":"42634.77333333333","amount":"0","vol":"0","count":0}}
2024-01-18 13:07:46.897 [INFO] [pool-2-thread-1] [com.huobi.usdt.wss.WssIndexSubTest.lambda$test1$0:28] - 订阅(sub)指数K线数据的ts为：1705554460114,当前的时间戳为：1705554466897,时间间隔为：6783毫秒
2024-01-18 13:07:46.897 [INFO] [pool-2-thread-1] [com.huobi.usdt.wss.WssIndexSubTest.lambda$test1$0:25] - 订阅(sub)指数K线数据用户收到的数据===============:{"ch":"market.BTC-USDT.index.1min","ts":1705554461120,"tick":{"id":1705554420,"open":"42635.12666666666","close":"42634.83666666667","high":"42635.12666666666","low":"42634.77333333333","amount":"0","vol":"0","count":0}}
2024-01-18 13:07:46.898 [INFO] [pool-2-thread-1] [com.huobi.usdt.wss.WssIndexSubTest.lambda$test1$0:28] - 订阅(sub)指数K线数据的ts为：1705554461120,当前的时间戳为：1705554466898,时间间隔为：5778毫秒
2024-01-18 13:07:46.898 [INFO] [pool-2-thread-1] [com.huobi.usdt.wss.WssIndexSubTest.lambda$test1$0:25] - 订阅(sub)指数K线数据用户收到的数据===============:{"ch":"market.BTC-USDT.index.1min","ts":1705554462115,"tick":{"id":1705554420,"open":"42635.12666666666","close":"42634.83666666667","high":"42635.12666666666","low":"42634.77333333333","amount":"0","vol":"0","count":0}}
2024-01-18 13:07:46.898 [INFO] [pool-2-thread-1] [com.huobi.usdt.wss.WssIndexSubTest.lambda$test1$0:28] - 订阅(sub)指数K线数据的ts为：1705554462115,当前的时间戳为：1705554466898,时间间隔为：4783毫秒
2024-01-18 13:07:46.898 [INFO] [pool-2-thread-1] [com.huobi.usdt.wss.WssIndexSubTest.lambda$test1$0:25] - 订阅(sub)指数K线数据用户收到的数据===============:{"ch":"market.BTC-USDT.index.1min","ts":1705554463314,"tick":{"id":1705554420,"open":"42635.12666666666","close":"42634.84","high":"42635.12666666666","low":"42634.77333333333","amount":"0","vol":"0","count":0}}
2024-01-18 13:07:46.899 [INFO] [pool-2-thread-1] [com.huobi.usdt.wss.WssIndexSubTest.lambda$test1$0:28] - 订阅(sub)指数K线数据的ts为：1705554463314,当前的时间戳为：1705554466898,时间间隔为：3584毫秒
2024-01-18 13:07:46.899 [INFO] [pool-2-thread-1] [com.huobi.usdt.wss.WssIndexSubTest.lambda$test1$0:25] - 订阅(sub)指数K线数据用户收到的数据===============:{"ch":"market.BTC-USDT.index.1min","ts":1705554464121,"tick":{"id":1705554420,"open":"42635.12666666666","close":"42634.84","high":"42635.12666666666","low":"42634.77333333333","amount":"0","vol":"0","count":0}}
2024-01-18 13:07:46.899 [INFO] [pool-2-thread-1] [com.huobi.usdt.wss.WssIndexSubTest.lambda$test1$0:28] - 订阅(sub)指数K线数据的ts为：1705554464121,当前的时间戳为：1705554466899,时间间隔为：2778毫秒
2024-01-18 13:07:46.899 [DEBUG] [pool-2-thread-1] [com.huobi.wss.handle.WssMarketHandle.dealPing:125] - 发送pong:{"pong":2}
2024-01-18 13:07:46.899 [INFO] [pool-2-thread-1] [com.huobi.usdt.wss.WssIndexSubTest.lambda$test1$0:25] - 订阅(sub)指数K线数据用户收到的数据===============:{"ch":"market.BTC-USDT.index.1min","ts":1705554465118,"tick":{"id":1705554420,"open":"42635.12666666666","close":"42634.84","high":"42635.12666666666","low":"42634.77333333333","amount":"0","vol":"0","count":0}}
2024-01-18 13:07:46.900 [INFO] [pool-2-thread-1] [com.huobi.usdt.wss.WssIndexSubTest.lambda$test1$0:28] - 订阅(sub)指数K线数据的ts为：1705554465118,当前的时间戳为：1705554466900,时间间隔为：1782毫秒
2024-01-18 13:50:31.614 [DEBUG] [WebSocketConnectReadThread-12] [com.huobi.wss.handle.WssMarketReqHandle.onOpen:41] - onOpen Success
2024-01-18 13:50:31.663 [DEBUG] [WebSocketConnectReadThread-12] [com.huobi.wss.handle.WssMarketReqHandle.dealPing:129] - 发送pong:{"pong":1705557031627}
2024-01-18 13:50:36.622 [DEBUG] [WebSocketConnectReadThread-12] [com.huobi.wss.handle.WssMarketReqHandle.dealPing:129] - 发送pong:{"pong":1705557036621}
2024-01-18 13:50:41.605 [DEBUG] [WebSocketConnectReadThread-12] [com.huobi.wss.handle.WssMarketReqHandle.dealPing:129] - 发送pong:{"pong":1705557041605}
2024-01-18 13:50:46.602 [DEBUG] [WebSocketConnectReadThread-12] [com.huobi.wss.handle.WssMarketReqHandle.dealPing:129] - 发送pong:{"pong":1705557046602}
2024-01-18 13:50:51.603 [DEBUG] [WebSocketConnectReadThread-12] [com.huobi.wss.handle.WssMarketReqHandle.dealPing:129] - 发送pong:{"pong":1705557051603}
2024-01-18 13:50:56.604 [DEBUG] [WebSocketConnectReadThread-12] [com.huobi.wss.handle.WssMarketReqHandle.dealPing:129] - 发送pong:{"pong":1705557056604}
2024-01-18 13:51:01.605 [DEBUG] [WebSocketConnectReadThread-12] [com.huobi.wss.handle.WssMarketReqHandle.dealPing:129] - 发送pong:{"pong":1705557061605}
2024-01-18 13:51:06.603 [DEBUG] [WebSocketConnectReadThread-12] [com.huobi.wss.handle.WssMarketReqHandle.dealPing:129] - 发送pong:{"pong":1705557066602}
2024-01-18 13:51:11.602 [DEBUG] [WebSocketConnectReadThread-12] [com.huobi.wss.handle.WssMarketReqHandle.dealPing:129] - 发送pong:{"pong":1705557071602}
2024-01-18 13:51:16.602 [DEBUG] [WebSocketConnectReadThread-12] [com.huobi.wss.handle.WssMarketReqHandle.dealPing:129] - 发送pong:{"pong":1705557076602}
2024-01-18 13:51:21.602 [DEBUG] [WebSocketConnectReadThread-12] [com.huobi.wss.handle.WssMarketReqHandle.dealPing:129] - 发送pong:{"pong":1705557081602}
2024-01-18 13:51:26.603 [DEBUG] [WebSocketConnectReadThread-12] [com.huobi.wss.handle.WssMarketReqHandle.dealPing:129] - 发送pong:{"pong":1705557086603}
2024-01-18 13:51:31.604 [DEBUG] [WebSocketConnectReadThread-12] [com.huobi.wss.handle.WssMarketReqHandle.dealPing:129] - 发送pong:{"pong":1705557091604}
2024-01-18 13:51:36.609 [DEBUG] [WebSocketConnectReadThread-12] [com.huobi.wss.handle.WssMarketReqHandle.dealPing:129] - 发送pong:{"pong":1705557096609}
2024-01-18 13:51:41.603 [DEBUG] [WebSocketConnectReadThread-12] [com.huobi.wss.handle.WssMarketReqHandle.dealPing:129] - 发送pong:{"pong":1705557101603}
2024-01-18 13:51:46.611 [DEBUG] [WebSocketConnectReadThread-12] [com.huobi.wss.handle.WssMarketReqHandle.dealPing:129] - 发送pong:{"pong":1705557106611}
2024-01-18 13:52:18.172 [DEBUG] [WebSocketConnectReadThread-14] [com.huobi.wss.handle.WssMarketReqHandle.onOpen:41] - onOpen Success
2024-01-18 13:52:18.238 [DEBUG] [WebSocketConnectReadThread-14] [com.huobi.wss.handle.WssMarketReqHandle.dealPing:129] - 发送pong:{"pong":1705557138194}
2024-01-18 13:52:23.160 [DEBUG] [WebSocketConnectReadThread-14] [com.huobi.wss.handle.WssMarketReqHandle.dealPing:129] - 发送pong:{"pong":1705557143160}
2024-01-18 13:52:28.162 [DEBUG] [WebSocketConnectReadThread-14] [com.huobi.wss.handle.WssMarketReqHandle.dealPing:129] - 发送pong:{"pong":1705557148162}
