2024-10-22 15:07:00.952 [DEBUG] [main] [com.huobi.future.api.BaseTest.getContractAccountInfo:30] - 2.获取用户账户信息：{"data":[{"adjustFactor":0.025000000000000000,"leverRate":5,"marginAvailable":0,"marginBalance":0,"marginFrozen":0,"marginPosition":0,"marginStatic":0,"profitReal":0,"profitUnreal":0,"symbol":"BTC","withdrawAvailable":0}],"status":"ok","ts":1729580820817}
2024-10-22 15:07:09.605 [DEBUG] [main] [com.huobi.future.api.BaseTest.getContractAccountInfo:32] - 2.获取用户账户信息：{"data":[{"adjustFactor":0.025000000000000000,"leverRate":5,"marginAvailable":0,"marginBalance":0,"marginFrozen":0,"marginPosition":0,"marginStatic":0,"profitReal":0,"profitUnreal":0,"symbol":"BTC","withdrawAvailable":0},{"adjustFactor":0.050000000000000000,"leverRate":5,"marginAvailable":0,"marginBalance":0,"marginFrozen":0,"marginPosition":0,"marginStatic":0,"profitReal":0,"profitUnreal":0,"symbol":"ETH","withdrawAvailable":0},{"adjustFactor":0.050000000000000000,"leverRate":5,"marginAvailable":0,"marginBalance":0,"marginFrozen":0,"marginPosition":0,"marginStatic":0,"profitReal":0,"profitUnreal":0,"symbol":"LTC","withdrawAvailable":0},{"adjustFactor":0.050000000000000000,"leverRate":5,"marginAvailable":0,"marginBalance":0,"marginFrozen":0,"marginPosition":0,"marginStatic":0,"profitReal":0,"profitUnreal":0,"symbol":"EOS","withdrawAvailable":0},{"adjustFactor":0.100000000000000000,"leverRate":5,"marginAvailable":0,"marginBalance":0,"marginFrozen":0,"marginPosition":0,"marginStatic":0,"profitReal":0,"profitUnreal":0,"symbol":"LINK","withdrawAvailable":0},{"adjustFactor":0.100000000000000000,"leverRate":5,"marginAvailable":0,"marginBalance":0,"marginFrozen":0,"marginPosition":0,"marginStatic":0,"profitReal":0,"profitUnreal":0,"symbol":"DOT","withdrawAvailable":0},{"adjustFactor":0.075000000000000000,"leverRate":5,"marginAvailable":0,"marginBalance":0,"marginFrozen":0,"marginPosition":0,"marginStatic":0,"profitReal":0,"profitUnreal":0,"symbol":"TRX","withdrawAvailable":0},{"adjustFactor":0.100000000000000000,"leverRate":5,"marginAvailable":0,"marginBalance":0,"marginFrozen":0,"marginPosition":0,"marginStatic":0,"profitReal":0,"profitUnreal":0,"symbol":"ADA","withdrawAvailable":0},{"adjustFactor":0.050000000000000000,"leverRate":5,"marginAvailable":0,"marginBalance":0,"marginFrozen":0,"marginPosition":0,"marginStatic":0,"profitReal":0,"profitUnreal":0,"symbol":"BCH","withdrawAvailable":0},{"adjustFactor":0.050000000000000000,"leverRate":5,"marginAvailable":0,"marginBalance":0,"marginFrozen":0,"marginPosition":0,"marginStatic":0,"profitReal":0,"profitUnreal":0,"symbol":"XRP","withdrawAvailable":0},{"adjustFactor":0.075000000000000000,"leverRate":5,"marginAvailable":0,"marginBalance":0,"marginFrozen":0,"marginPosition":0,"marginStatic":0,"profitReal":0,"profitUnreal":0,"symbol":"BSV","withdrawAvailable":0},{"adjustFactor":0.075000000000000000,"leverRate":5,"marginAvailable":0,"marginBalance":0,"marginFrozen":0,"marginPosition":0,"marginStatic":0,"profitReal":0,"profitUnreal":0,"symbol":"ETC","withdrawAvailable":0},{"adjustFactor":0.100000000000000000,"leverRate":5,"marginAvailable":0,"marginBalance":0,"marginFrozen":0,"marginPosition":0,"marginStatic":0,"profitReal":0,"profitUnreal":0,"symbol":"FIL","withdrawAvailable":0},{"adjustFactor":0.025000000000000000,"leverRate":5,"marginAvailable":0,"marginBalance":0,"marginFrozen":0,"marginPosition":0,"marginStatic":0,"profitReal":0,"profitUnreal":0,"symbol":"USDT","withdrawAvailable":0},{"adjustFactor":0.100000000000000000,"leverRate":5,"marginAvailable":0,"marginBalance":0,"marginFrozen":0,"marginPosition":0,"marginStatic":0,"profitReal":0,"profitUnreal":0,"symbol":"HT","withdrawAvailable":0},{"adjustFactor":0.100000000000000000,"leverRate":5,"marginAvailable":0,"marginBalance":0,"marginFrozen":0,"marginPosition":0,"marginStatic":0,"profitReal":0,"profitUnreal":0,"symbol":"HUSD","withdrawAvailable":0}],"status":"ok","ts":1729580829520}
2024-10-22 15:07:21.151 [DEBUG] [main] [com.huobi.api.service.coin_futures.account.AccountAPIServiceImpl.getContractBalanceValuation:406] - body:{"status":"ok","data":[{"valuation_asset":"BTC","balance":"0"}],"ts":1729580841083}
2024-10-22 15:07:21.202 [DEBUG] [main] [com.huobi.future.api.BaseTest.getContractBalanceValuation:24] - 1.获取账户总资产估值：{"data":[{"balance":"0","valuationAsset":"BTC"}],"status":"ok","ts":1729580841083}
2024-10-22 15:19:35.988 [ERROR] [WebSocketConnectReadThread-11] [com.huobi.wss.handle.WssNotificationHandle.onClose:101] - onClose i:-1,s:,b:true
2024-10-22 15:29:52.916 [ERROR] [WebSocketConnectReadThread-11] [com.huobi.wss.handle.WssNotificationHandle.onClose:101] - onClose i:-1,s:,b:true
2024-10-22 15:30:01.070 [ERROR] [WebSocketConnectReadThread-11] [com.huobi.wss.handle.WssNotificationHandle.onClose:101] - onClose i:-1,s:,b:true
2024-10-22 15:32:05.243 [INFO] [WebSocketConnectReadThread-13] [com.huobi.wss.handle.WssNotificationHandle.addAuth:157] - before send 
2024-10-22 15:32:05.254 [INFO] [WebSocketConnectReadThread-13] [com.huobi.wss.handle.WssNotificationHandle.addAuth:159] - after send 
2024-10-22 15:32:05.757 [INFO] [pool-2-thread-2] [com.huobi.future.wss.WssCenterNotificationSubHmac256Test.lambda$test1$0:28] - 用户收到的数据===============:{"op":"notify","topic":"public.futures.heartbeat","event":"init","ts":1729582325618,"data":{"heartbeat":1,"estimated_recovery_time":null}}
2024-10-22 15:32:05.819 [INFO] [pool-2-thread-2] [com.huobi.future.wss.WssCenterNotificationSubHmac256Test.lambda$test1$0:31] - ts为：1729582325618,当前的时间戳为：1729582325764,时间间隔为：146毫秒
2024-10-22 15:32:10.766 [DEBUG] [pool-2-thread-4] [com.huobi.wss.handle.WssNotificationHandle.dealPing:129] - 发送pong:1729582330619
2024-10-22 15:32:16.070 [DEBUG] [pool-2-thread-5] [com.huobi.wss.handle.WssNotificationHandle.dealPing:129] - 发送pong:1729582335915
2024-10-22 15:32:21.341 [DEBUG] [pool-2-thread-6] [com.huobi.wss.handle.WssNotificationHandle.dealPing:129] - 发送pong:1729582341216
2024-10-22 15:32:26.640 [DEBUG] [pool-2-thread-7] [com.huobi.wss.handle.WssNotificationHandle.dealPing:129] - 发送pong:1729582346485
2024-10-22 15:32:31.960 [DEBUG] [pool-2-thread-8] [com.huobi.wss.handle.WssNotificationHandle.dealPing:129] - 发送pong:1729582351785
2024-10-22 15:32:37.251 [DEBUG] [pool-2-thread-9] [com.huobi.wss.handle.WssNotificationHandle.dealPing:129] - 发送pong:1729582357103
2024-10-22 15:32:42.517 [DEBUG] [pool-2-thread-10] [com.huobi.wss.handle.WssNotificationHandle.dealPing:129] - 发送pong:1729582362392
2024-10-22 15:32:47.804 [DEBUG] [pool-2-thread-1] [com.huobi.wss.handle.WssNotificationHandle.dealPing:129] - 发送pong:1729582367659
2024-10-22 15:32:53.088 [DEBUG] [pool-2-thread-3] [com.huobi.wss.handle.WssNotificationHandle.dealPing:129] - 发送pong:1729582372946
2024-10-22 15:32:58.379 [DEBUG] [pool-2-thread-2] [com.huobi.wss.handle.WssNotificationHandle.dealPing:129] - 发送pong:1729582378229
2024-10-22 15:33:03.704 [DEBUG] [pool-2-thread-4] [com.huobi.wss.handle.WssNotificationHandle.dealPing:129] - 发送pong:1729582383520
2024-10-22 15:33:10.408 [DEBUG] [pool-2-thread-5] [com.huobi.wss.handle.WssNotificationHandle.dealPing:129] - 发送pong:1729582390259
2024-10-22 15:33:15.787 [DEBUG] [pool-2-thread-6] [com.huobi.wss.handle.WssNotificationHandle.dealPing:129] - 发送pong:1729582395553
2024-10-22 15:33:21.109 [DEBUG] [pool-2-thread-7] [com.huobi.wss.handle.WssNotificationHandle.dealPing:129] - 发送pong:1729582400925
2024-10-22 15:33:26.365 [DEBUG] [pool-2-thread-8] [com.huobi.wss.handle.WssNotificationHandle.dealPing:129] - 发送pong:1729582406246
2024-10-22 15:33:35.422 [INFO] [WebSocketConnectReadThread-11] [com.huobi.wss.handle.WssNotificationHandle.addAuth:174] - before send 
2024-10-22 15:33:35.426 [INFO] [WebSocketConnectReadThread-11] [com.huobi.wss.handle.WssNotificationHandle.addAuth:176] - after send 
2024-10-22 15:33:35.932 [INFO] [pool-2-thread-2] [com.huobi.future.wss.WssCenterNotificationSubHmac256Test.lambda$test1$0:30] - 用户收到的数据===============:{"op":"notify","topic":"public.futures.heartbeat","event":"init","ts":1729582415763,"data":{"heartbeat":1,"estimated_recovery_time":null}}
2024-10-22 15:33:35.951 [INFO] [pool-2-thread-2] [com.huobi.future.wss.WssCenterNotificationSubHmac256Test.lambda$test1$0:33] - ts为：1729582415763,当前的时间戳为：1729582415934,时间间隔为：171毫秒
2024-10-22 15:33:40.976 [DEBUG] [pool-2-thread-4] [com.huobi.wss.handle.WssNotificationHandle.dealPing:129] - 发送pong:1729582420764
2024-10-22 15:33:46.245 [DEBUG] [pool-2-thread-5] [com.huobi.wss.handle.WssNotificationHandle.dealPing:129] - 发送pong:1729582426110
2024-10-22 15:33:51.518 [DEBUG] [pool-2-thread-6] [com.huobi.wss.handle.WssNotificationHandle.dealPing:129] - 发送pong:1729582431379
2024-10-22 15:33:56.781 [DEBUG] [pool-2-thread-7] [com.huobi.wss.handle.WssNotificationHandle.dealPing:129] - 发送pong:1729582436651
2024-10-22 15:34:02.044 [DEBUG] [pool-2-thread-8] [com.huobi.wss.handle.WssNotificationHandle.dealPing:129] - 发送pong:1729582441916
2024-10-22 15:34:07.289 [DEBUG] [pool-2-thread-9] [com.huobi.wss.handle.WssNotificationHandle.dealPing:129] - 发送pong:1729582447179
2024-10-22 15:34:12.512 [DEBUG] [pool-2-thread-10] [com.huobi.wss.handle.WssNotificationHandle.dealPing:129] - 发送pong:1729582452423
2024-10-22 15:34:17.765 [DEBUG] [pool-2-thread-1] [com.huobi.wss.handle.WssNotificationHandle.dealPing:129] - 发送pong:1729582457657
2024-10-22 15:34:22.975 [DEBUG] [pool-2-thread-3] [com.huobi.wss.handle.WssNotificationHandle.dealPing:129] - 发送pong:1729582462901
2024-10-22 15:34:28.240 [DEBUG] [pool-2-thread-2] [com.huobi.wss.handle.WssNotificationHandle.dealPing:129] - 发送pong:1729582468110
2024-10-22 15:34:33.503 [DEBUG] [pool-2-thread-4] [com.huobi.wss.handle.WssNotificationHandle.dealPing:129] - 发送pong:1729582473373
2024-10-22 15:35:05.554 [DEBUG] [WebSocketConnectReadThread-11] [com.huobi.wss.handle.WssMarketReqHandle.onOpen:41] - onOpen Success
2024-10-22 15:35:05.602 [DEBUG] [WebSocketConnectReadThread-11] [com.huobi.wss.handle.WssMarketReqHandle.dealPing:129] - 发送pong:{"pong":1729582505567}
2024-10-22 15:35:06.046 [INFO] [WebSocketConnectReadThread-11] [com.huobi.future.wss.WssIndexReqTest.lambda$test1$0:26] - 请求(req)指数K线数据用户收到的原始数据:{"id":"","rep":"market.BTC-USD.index.1min","wsid":769372505,"ts":1729582505932,"status":"ok","data":[]}
2024-10-22 15:35:06.064 [INFO] [WebSocketConnectReadThread-11] [com.huobi.future.wss.WssIndexReqTest.lambda$test1$0:28] - 请求(req)指数K线数据解析之后的数据为:{"wsid":769372505,"data":[],"id":"","status":"ok","ts":"1729582505932"}
2024-10-22 15:35:06.909 [INFO] [WebSocketConnectReadThread-11] [com.huobi.future.wss.WssIndexReqTest.lambda$test1$0:26] - 请求(req)指数K线数据用户收到的原始数据:{"id":"","rep":"market.BTC-USD.index.1min","wsid":769372505,"ts":1729582506779,"status":"ok","data":[]}
2024-10-22 15:35:06.909 [INFO] [WebSocketConnectReadThread-11] [com.huobi.future.wss.WssIndexReqTest.lambda$test1$0:28] - 请求(req)指数K线数据解析之后的数据为:{"wsid":769372505,"data":[],"id":"","status":"ok","ts":"1729582506779"}
2024-10-22 15:35:07.929 [INFO] [WebSocketConnectReadThread-11] [com.huobi.future.wss.WssIndexReqTest.lambda$test1$0:26] - 请求(req)指数K线数据用户收到的原始数据:{"id":"","rep":"market.BTC-USD.index.1min","wsid":769372505,"ts":1729582507785,"status":"ok","data":[]}
2024-10-22 15:35:07.930 [INFO] [WebSocketConnectReadThread-11] [com.huobi.future.wss.WssIndexReqTest.lambda$test1$0:28] - 请求(req)指数K线数据解析之后的数据为:{"wsid":769372505,"data":[],"id":"","status":"ok","ts":"1729582507785"}
2024-10-22 15:35:08.893 [INFO] [WebSocketConnectReadThread-11] [com.huobi.future.wss.WssIndexReqTest.lambda$test1$0:26] - 请求(req)指数K线数据用户收到的原始数据:{"id":"","rep":"market.BTC-USD.index.1min","wsid":769372505,"ts":1729582508787,"status":"ok","data":[]}
2024-10-22 15:35:08.893 [INFO] [WebSocketConnectReadThread-11] [com.huobi.future.wss.WssIndexReqTest.lambda$test1$0:28] - 请求(req)指数K线数据解析之后的数据为:{"wsid":769372505,"data":[],"id":"","status":"ok","ts":"1729582508787"}
2024-10-22 15:35:09.870 [INFO] [WebSocketConnectReadThread-11] [com.huobi.future.wss.WssIndexReqTest.lambda$test1$0:26] - 请求(req)指数K线数据用户收到的原始数据:{"id":"","rep":"market.BTC-USD.index.1min","wsid":769372505,"ts":1729582509787,"status":"ok","data":[]}
2024-10-22 15:35:09.871 [INFO] [WebSocketConnectReadThread-11] [com.huobi.future.wss.WssIndexReqTest.lambda$test1$0:28] - 请求(req)指数K线数据解析之后的数据为:{"wsid":769372505,"data":[],"id":"","status":"ok","ts":"1729582509787"}
2024-10-22 15:35:10.577 [DEBUG] [WebSocketConnectReadThread-11] [com.huobi.wss.handle.WssMarketReqHandle.dealPing:129] - 发送pong:{"pong":1729582510577}
2024-10-22 15:35:10.926 [INFO] [WebSocketConnectReadThread-11] [com.huobi.future.wss.WssIndexReqTest.lambda$test1$0:26] - 请求(req)指数K线数据用户收到的原始数据:{"id":"","rep":"market.BTC-USD.index.1min","wsid":769372505,"ts":1729582510855,"status":"ok","data":[]}
2024-10-22 15:35:10.926 [INFO] [WebSocketConnectReadThread-11] [com.huobi.future.wss.WssIndexReqTest.lambda$test1$0:28] - 请求(req)指数K线数据解析之后的数据为:{"wsid":769372505,"data":[],"id":"","status":"ok","ts":"1729582510855"}
2024-10-22 15:35:11.947 [INFO] [WebSocketConnectReadThread-11] [com.huobi.future.wss.WssIndexReqTest.lambda$test1$0:26] - 请求(req)指数K线数据用户收到的原始数据:{"id":"","rep":"market.BTC-USD.index.1min","wsid":769372505,"ts":1729582511795,"status":"ok","data":[]}
2024-10-22 15:35:11.948 [INFO] [WebSocketConnectReadThread-11] [com.huobi.future.wss.WssIndexReqTest.lambda$test1$0:28] - 请求(req)指数K线数据解析之后的数据为:{"wsid":769372505,"data":[],"id":"","status":"ok","ts":"1729582511795"}
2024-10-22 15:35:12.944 [INFO] [WebSocketConnectReadThread-11] [com.huobi.future.wss.WssIndexReqTest.lambda$test1$0:26] - 请求(req)指数K线数据用户收到的原始数据:{"id":"","rep":"market.BTC-USD.index.1min","wsid":769372505,"ts":1729582512800,"status":"ok","data":[]}
2024-10-22 15:35:12.945 [INFO] [WebSocketConnectReadThread-11] [com.huobi.future.wss.WssIndexReqTest.lambda$test1$0:28] - 请求(req)指数K线数据解析之后的数据为:{"wsid":769372505,"data":[],"id":"","status":"ok","ts":"1729582512800"}
2024-10-22 15:35:13.925 [INFO] [WebSocketConnectReadThread-11] [com.huobi.future.wss.WssIndexReqTest.lambda$test1$0:26] - 请求(req)指数K线数据用户收到的原始数据:{"id":"","rep":"market.BTC-USD.index.1min","wsid":769372505,"ts":1729582513813,"status":"ok","data":[]}
2024-10-22 15:35:13.926 [INFO] [WebSocketConnectReadThread-11] [com.huobi.future.wss.WssIndexReqTest.lambda$test1$0:28] - 请求(req)指数K线数据解析之后的数据为:{"wsid":769372505,"data":[],"id":"","status":"ok","ts":"1729582513813"}
2024-10-22 15:35:14.907 [INFO] [WebSocketConnectReadThread-11] [com.huobi.future.wss.WssIndexReqTest.lambda$test1$0:26] - 请求(req)指数K线数据用户收到的原始数据:{"id":"","rep":"market.BTC-USD.index.1min","wsid":769372505,"ts":1729582514816,"status":"ok","data":[]}
2024-10-22 15:35:14.907 [INFO] [WebSocketConnectReadThread-11] [com.huobi.future.wss.WssIndexReqTest.lambda$test1$0:28] - 请求(req)指数K线数据解析之后的数据为:{"wsid":769372505,"data":[],"id":"","status":"ok","ts":"1729582514816"}
2024-10-22 15:35:15.594 [DEBUG] [WebSocketConnectReadThread-11] [com.huobi.wss.handle.WssMarketReqHandle.dealPing:129] - 发送pong:{"pong":1729582515594}
2024-10-22 15:35:16.077 [INFO] [WebSocketConnectReadThread-11] [com.huobi.future.wss.WssIndexReqTest.lambda$test1$0:26] - 请求(req)指数K线数据用户收到的原始数据:{"id":"","rep":"market.BTC-USD.index.1min","wsid":769372505,"ts":1729582515918,"status":"ok","data":[]}
2024-10-22 15:35:16.078 [INFO] [WebSocketConnectReadThread-11] [com.huobi.future.wss.WssIndexReqTest.lambda$test1$0:28] - 请求(req)指数K线数据解析之后的数据为:{"wsid":769372505,"data":[],"id":"","status":"ok","ts":"1729582515918"}
2024-10-22 15:35:16.939 [INFO] [WebSocketConnectReadThread-11] [com.huobi.future.wss.WssIndexReqTest.lambda$test1$0:26] - 请求(req)指数K线数据用户收到的原始数据:{"id":"","rep":"market.BTC-USD.index.1min","wsid":769372505,"ts":1729582516826,"status":"ok","data":[]}
2024-10-22 15:35:16.940 [INFO] [WebSocketConnectReadThread-11] [com.huobi.future.wss.WssIndexReqTest.lambda$test1$0:28] - 请求(req)指数K线数据解析之后的数据为:{"wsid":769372505,"data":[],"id":"","status":"ok","ts":"1729582516826"}
2024-10-22 15:35:17.981 [INFO] [WebSocketConnectReadThread-11] [com.huobi.future.wss.WssIndexReqTest.lambda$test1$0:26] - 请求(req)指数K线数据用户收到的原始数据:{"id":"","rep":"market.BTC-USD.index.1min","wsid":769372505,"ts":1729582517823,"status":"ok","data":[]}
2024-10-22 15:35:17.982 [INFO] [WebSocketConnectReadThread-11] [com.huobi.future.wss.WssIndexReqTest.lambda$test1$0:28] - 请求(req)指数K线数据解析之后的数据为:{"wsid":769372505,"data":[],"id":"","status":"ok","ts":"1729582517823"}
2024-10-22 15:35:18.941 [INFO] [WebSocketConnectReadThread-11] [com.huobi.future.wss.WssIndexReqTest.lambda$test1$0:26] - 请求(req)指数K线数据用户收到的原始数据:{"id":"","rep":"market.BTC-USD.index.1min","wsid":769372505,"ts":1729582518824,"status":"ok","data":[]}
2024-10-22 15:35:18.942 [INFO] [WebSocketConnectReadThread-11] [com.huobi.future.wss.WssIndexReqTest.lambda$test1$0:28] - 请求(req)指数K线数据解析之后的数据为:{"wsid":769372505,"data":[],"id":"","status":"ok","ts":"1729582518824"}
2024-10-22 15:35:19.926 [INFO] [WebSocketConnectReadThread-11] [com.huobi.future.wss.WssIndexReqTest.lambda$test1$0:26] - 请求(req)指数K线数据用户收到的原始数据:{"id":"","rep":"market.BTC-USD.index.1min","wsid":769372505,"ts":1729582519835,"status":"ok","data":[]}
2024-10-22 15:35:19.927 [INFO] [WebSocketConnectReadThread-11] [com.huobi.future.wss.WssIndexReqTest.lambda$test1$0:28] - 请求(req)指数K线数据解析之后的数据为:{"wsid":769372505,"data":[],"id":"","status":"ok","ts":"1729582519835"}
2024-10-22 15:35:20.542 [DEBUG] [WebSocketConnectReadThread-11] [com.huobi.wss.handle.WssMarketReqHandle.dealPing:129] - 发送pong:{"pong":1729582520542}
2024-10-22 15:35:21.131 [INFO] [WebSocketConnectReadThread-11] [com.huobi.future.wss.WssIndexReqTest.lambda$test1$0:26] - 请求(req)指数K线数据用户收到的原始数据:{"id":"","rep":"market.BTC-USD.index.1min","wsid":769372505,"ts":1729582520868,"status":"ok","data":[]}
2024-10-22 15:35:21.134 [INFO] [WebSocketConnectReadThread-11] [com.huobi.future.wss.WssIndexReqTest.lambda$test1$0:28] - 请求(req)指数K线数据解析之后的数据为:{"wsid":769372505,"data":[],"id":"","status":"ok","ts":"1729582520868"}
2024-10-22 15:35:21.976 [INFO] [WebSocketConnectReadThread-11] [com.huobi.future.wss.WssIndexReqTest.lambda$test1$0:26] - 请求(req)指数K线数据用户收到的原始数据:{"id":"","rep":"market.BTC-USD.index.1min","wsid":769372505,"ts":1729582521837,"status":"ok","data":[]}
2024-10-22 15:35:21.977 [INFO] [WebSocketConnectReadThread-11] [com.huobi.future.wss.WssIndexReqTest.lambda$test1$0:28] - 请求(req)指数K线数据解析之后的数据为:{"wsid":769372505,"data":[],"id":"","status":"ok","ts":"1729582521837"}
2024-10-22 15:35:22.941 [INFO] [WebSocketConnectReadThread-11] [com.huobi.future.wss.WssIndexReqTest.lambda$test1$0:26] - 请求(req)指数K线数据用户收到的原始数据:{"id":"","rep":"market.BTC-USD.index.1min","wsid":769372505,"ts":1729582522839,"status":"ok","data":[]}
2024-10-22 15:35:22.942 [INFO] [WebSocketConnectReadThread-11] [com.huobi.future.wss.WssIndexReqTest.lambda$test1$0:28] - 请求(req)指数K线数据解析之后的数据为:{"wsid":769372505,"data":[],"id":"","status":"ok","ts":"1729582522839"}
2024-10-22 15:35:23.950 [INFO] [WebSocketConnectReadThread-11] [com.huobi.future.wss.WssIndexReqTest.lambda$test1$0:26] - 请求(req)指数K线数据用户收到的原始数据:{"id":"","rep":"market.BTC-USD.index.1min","wsid":769372505,"ts":1729582523845,"status":"ok","data":[]}
2024-10-22 15:35:23.950 [INFO] [WebSocketConnectReadThread-11] [com.huobi.future.wss.WssIndexReqTest.lambda$test1$0:28] - 请求(req)指数K线数据解析之后的数据为:{"wsid":769372505,"data":[],"id":"","status":"ok","ts":"1729582523845"}
2024-10-22 15:35:24.941 [INFO] [WebSocketConnectReadThread-11] [com.huobi.future.wss.WssIndexReqTest.lambda$test1$0:26] - 请求(req)指数K线数据用户收到的原始数据:{"id":"","rep":"market.BTC-USD.index.1min","wsid":769372505,"ts":1729582524849,"status":"ok","data":[]}
2024-10-22 15:35:24.942 [INFO] [WebSocketConnectReadThread-11] [com.huobi.future.wss.WssIndexReqTest.lambda$test1$0:28] - 请求(req)指数K线数据解析之后的数据为:{"wsid":769372505,"data":[],"id":"","status":"ok","ts":"1729582524849"}
2024-10-22 15:35:25.520 [DEBUG] [WebSocketConnectReadThread-11] [com.huobi.wss.handle.WssMarketReqHandle.dealPing:129] - 发送pong:{"pong":1729582525520}
2024-10-22 15:35:25.958 [INFO] [WebSocketConnectReadThread-11] [com.huobi.future.wss.WssIndexReqTest.lambda$test1$0:26] - 请求(req)指数K线数据用户收到的原始数据:{"id":"","rep":"market.BTC-USD.index.1min","wsid":769372505,"ts":1729582525851,"status":"ok","data":[]}
2024-10-22 15:35:25.959 [INFO] [WebSocketConnectReadThread-11] [com.huobi.future.wss.WssIndexReqTest.lambda$test1$0:28] - 请求(req)指数K线数据解析之后的数据为:{"wsid":769372505,"data":[],"id":"","status":"ok","ts":"1729582525851"}
2024-10-22 15:35:26.936 [INFO] [WebSocketConnectReadThread-11] [com.huobi.future.wss.WssIndexReqTest.lambda$test1$0:26] - 请求(req)指数K线数据用户收到的原始数据:{"id":"","rep":"market.BTC-USD.index.1min","wsid":769372505,"ts":1729582526854,"status":"ok","data":[]}
2024-10-22 15:35:26.937 [INFO] [WebSocketConnectReadThread-11] [com.huobi.future.wss.WssIndexReqTest.lambda$test1$0:28] - 请求(req)指数K线数据解析之后的数据为:{"wsid":769372505,"data":[],"id":"","status":"ok","ts":"1729582526854"}
2024-10-22 15:35:27.984 [INFO] [WebSocketConnectReadThread-11] [com.huobi.future.wss.WssIndexReqTest.lambda$test1$0:26] - 请求(req)指数K线数据用户收到的原始数据:{"id":"","rep":"market.BTC-USD.index.1min","wsid":769372505,"ts":1729582527859,"status":"ok","data":[]}
2024-10-22 15:35:27.984 [INFO] [WebSocketConnectReadThread-11] [com.huobi.future.wss.WssIndexReqTest.lambda$test1$0:28] - 请求(req)指数K线数据解析之后的数据为:{"wsid":769372505,"data":[],"id":"","status":"ok","ts":"1729582527859"}
2024-10-22 15:35:28.972 [INFO] [WebSocketConnectReadThread-11] [com.huobi.future.wss.WssIndexReqTest.lambda$test1$0:26] - 请求(req)指数K线数据用户收到的原始数据:{"id":"","rep":"market.BTC-USD.index.1min","wsid":769372505,"ts":1729582528865,"status":"ok","data":[]}
2024-10-22 15:35:28.972 [INFO] [WebSocketConnectReadThread-11] [com.huobi.future.wss.WssIndexReqTest.lambda$test1$0:28] - 请求(req)指数K线数据解析之后的数据为:{"wsid":769372505,"data":[],"id":"","status":"ok","ts":"1729582528865"}
2024-10-22 15:35:29.964 [INFO] [WebSocketConnectReadThread-11] [com.huobi.future.wss.WssIndexReqTest.lambda$test1$0:26] - 请求(req)指数K线数据用户收到的原始数据:{"id":"","rep":"market.BTC-USD.index.1min","wsid":769372505,"ts":1729582529873,"status":"ok","data":[]}
2024-10-22 15:35:29.965 [INFO] [WebSocketConnectReadThread-11] [com.huobi.future.wss.WssIndexReqTest.lambda$test1$0:28] - 请求(req)指数K线数据解析之后的数据为:{"wsid":769372505,"data":[],"id":"","status":"ok","ts":"1729582529873"}
2024-10-22 15:35:30.545 [DEBUG] [WebSocketConnectReadThread-11] [com.huobi.wss.handle.WssMarketReqHandle.dealPing:129] - 发送pong:{"pong":1729582530545}
2024-10-22 15:35:30.998 [INFO] [WebSocketConnectReadThread-11] [com.huobi.future.wss.WssIndexReqTest.lambda$test1$0:26] - 请求(req)指数K线数据用户收到的原始数据:{"id":"","rep":"market.BTC-USD.index.1min","wsid":769372505,"ts":1729582530866,"status":"ok","data":[]}
2024-10-22 15:35:30.999 [INFO] [WebSocketConnectReadThread-11] [com.huobi.future.wss.WssIndexReqTest.lambda$test1$0:28] - 请求(req)指数K线数据解析之后的数据为:{"wsid":769372505,"data":[],"id":"","status":"ok","ts":"1729582530866"}
2024-10-22 15:35:32.009 [INFO] [WebSocketConnectReadThread-11] [com.huobi.future.wss.WssIndexReqTest.lambda$test1$0:26] - 请求(req)指数K线数据用户收到的原始数据:{"id":"","rep":"market.BTC-USD.index.1min","wsid":769372505,"ts":1729582531879,"status":"ok","data":[]}
2024-10-22 15:35:32.010 [INFO] [WebSocketConnectReadThread-11] [com.huobi.future.wss.WssIndexReqTest.lambda$test1$0:28] - 请求(req)指数K线数据解析之后的数据为:{"wsid":769372505,"data":[],"id":"","status":"ok","ts":"1729582531879"}
2024-10-22 15:35:33.012 [INFO] [WebSocketConnectReadThread-11] [com.huobi.future.wss.WssIndexReqTest.lambda$test1$0:26] - 请求(req)指数K线数据用户收到的原始数据:{"id":"","rep":"market.BTC-USD.index.1min","wsid":769372505,"ts":1729582532884,"status":"ok","data":[]}
2024-10-22 15:35:33.013 [INFO] [WebSocketConnectReadThread-11] [com.huobi.future.wss.WssIndexReqTest.lambda$test1$0:28] - 请求(req)指数K线数据解析之后的数据为:{"wsid":769372505,"data":[],"id":"","status":"ok","ts":"1729582532884"}
2024-10-22 15:35:33.974 [INFO] [WebSocketConnectReadThread-11] [com.huobi.future.wss.WssIndexReqTest.lambda$test1$0:26] - 请求(req)指数K线数据用户收到的原始数据:{"id":"","rep":"market.BTC-USD.index.1min","wsid":769372505,"ts":1729582533887,"status":"ok","data":[]}
2024-10-22 15:35:33.975 [INFO] [WebSocketConnectReadThread-11] [com.huobi.future.wss.WssIndexReqTest.lambda$test1$0:28] - 请求(req)指数K线数据解析之后的数据为:{"wsid":769372505,"data":[],"id":"","status":"ok","ts":"1729582533887"}
2024-10-22 15:35:35.013 [INFO] [WebSocketConnectReadThread-11] [com.huobi.future.wss.WssIndexReqTest.lambda$test1$0:26] - 请求(req)指数K线数据用户收到的原始数据:{"id":"","rep":"market.BTC-USD.index.1min","wsid":769372505,"ts":1729582534887,"status":"ok","data":[]}
2024-10-22 15:35:35.014 [INFO] [WebSocketConnectReadThread-11] [com.huobi.future.wss.WssIndexReqTest.lambda$test1$0:28] - 请求(req)指数K线数据解析之后的数据为:{"wsid":769372505,"data":[],"id":"","status":"ok","ts":"1729582534887"}
2024-10-22 15:35:35.546 [DEBUG] [WebSocketConnectReadThread-11] [com.huobi.wss.handle.WssMarketReqHandle.dealPing:129] - 发送pong:{"pong":1729582535546}
2024-10-22 15:35:36.021 [INFO] [WebSocketConnectReadThread-11] [com.huobi.future.wss.WssIndexReqTest.lambda$test1$0:26] - 请求(req)指数K线数据用户收到的原始数据:{"id":"","rep":"market.BTC-USD.index.1min","wsid":769372505,"ts":1729582535884,"status":"ok","data":[]}
2024-10-22 15:35:36.022 [INFO] [WebSocketConnectReadThread-11] [com.huobi.future.wss.WssIndexReqTest.lambda$test1$0:28] - 请求(req)指数K线数据解析之后的数据为:{"wsid":769372505,"data":[],"id":"","status":"ok","ts":"1729582535884"}
2024-10-22 15:35:37.043 [INFO] [WebSocketConnectReadThread-11] [com.huobi.future.wss.WssIndexReqTest.lambda$test1$0:26] - 请求(req)指数K线数据用户收到的原始数据:{"id":"","rep":"market.BTC-USD.index.1min","wsid":769372505,"ts":1729582536897,"status":"ok","data":[]}
2024-10-22 15:35:37.044 [INFO] [WebSocketConnectReadThread-11] [com.huobi.future.wss.WssIndexReqTest.lambda$test1$0:28] - 请求(req)指数K线数据解析之后的数据为:{"wsid":769372505,"data":[],"id":"","status":"ok","ts":"1729582536897"}
2024-10-22 15:35:38.044 [INFO] [WebSocketConnectReadThread-11] [com.huobi.future.wss.WssIndexReqTest.lambda$test1$0:26] - 请求(req)指数K线数据用户收到的原始数据:{"id":"","rep":"market.BTC-USD.index.1min","wsid":769372505,"ts":1729582537895,"status":"ok","data":[]}
2024-10-22 15:35:38.045 [INFO] [WebSocketConnectReadThread-11] [com.huobi.future.wss.WssIndexReqTest.lambda$test1$0:28] - 请求(req)指数K线数据解析之后的数据为:{"wsid":769372505,"data":[],"id":"","status":"ok","ts":"1729582537895"}
2024-10-22 15:35:38.990 [INFO] [WebSocketConnectReadThread-11] [com.huobi.future.wss.WssIndexReqTest.lambda$test1$0:26] - 请求(req)指数K线数据用户收到的原始数据:{"id":"","rep":"market.BTC-USD.index.1min","wsid":769372505,"ts":1729582538903,"status":"ok","data":[]}
2024-10-22 15:35:38.991 [INFO] [WebSocketConnectReadThread-11] [com.huobi.future.wss.WssIndexReqTest.lambda$test1$0:28] - 请求(req)指数K线数据解析之后的数据为:{"wsid":769372505,"data":[],"id":"","status":"ok","ts":"1729582538903"}
2024-10-22 15:35:39.990 [INFO] [WebSocketConnectReadThread-11] [com.huobi.future.wss.WssIndexReqTest.lambda$test1$0:26] - 请求(req)指数K线数据用户收到的原始数据:{"id":"","rep":"market.BTC-USD.index.1min","wsid":769372505,"ts":1729582539903,"status":"ok","data":[]}
2024-10-22 15:35:39.990 [INFO] [WebSocketConnectReadThread-11] [com.huobi.future.wss.WssIndexReqTest.lambda$test1$0:28] - 请求(req)指数K线数据解析之后的数据为:{"wsid":769372505,"data":[],"id":"","status":"ok","ts":"1729582539903"}
2024-10-22 15:35:40.586 [DEBUG] [WebSocketConnectReadThread-11] [com.huobi.wss.handle.WssMarketReqHandle.dealPing:129] - 发送pong:{"pong":1729582540586}
2024-10-22 15:35:41.049 [INFO] [WebSocketConnectReadThread-11] [com.huobi.future.wss.WssIndexReqTest.lambda$test1$0:26] - 请求(req)指数K线数据用户收到的原始数据:{"id":"","rep":"market.BTC-USD.index.1min","wsid":769372505,"ts":1729582540943,"status":"ok","data":[]}
2024-10-22 15:35:41.050 [INFO] [WebSocketConnectReadThread-11] [com.huobi.future.wss.WssIndexReqTest.lambda$test1$0:28] - 请求(req)指数K线数据解析之后的数据为:{"wsid":769372505,"data":[],"id":"","status":"ok","ts":"1729582540943"}
2024-10-22 15:35:42.005 [INFO] [WebSocketConnectReadThread-11] [com.huobi.future.wss.WssIndexReqTest.lambda$test1$0:26] - 请求(req)指数K线数据用户收到的原始数据:{"id":"","rep":"market.BTC-USD.index.1min","wsid":769372505,"ts":1729582541910,"status":"ok","data":[]}
2024-10-22 15:35:42.006 [INFO] [WebSocketConnectReadThread-11] [com.huobi.future.wss.WssIndexReqTest.lambda$test1$0:28] - 请求(req)指数K线数据解析之后的数据为:{"wsid":769372505,"data":[],"id":"","status":"ok","ts":"1729582541910"}
2024-10-22 15:35:43.011 [INFO] [WebSocketConnectReadThread-11] [com.huobi.future.wss.WssIndexReqTest.lambda$test1$0:26] - 请求(req)指数K线数据用户收到的原始数据:{"id":"","rep":"market.BTC-USD.index.1min","wsid":769372505,"ts":1729582542913,"status":"ok","data":[]}
2024-10-22 15:35:43.011 [INFO] [WebSocketConnectReadThread-11] [com.huobi.future.wss.WssIndexReqTest.lambda$test1$0:28] - 请求(req)指数K线数据解析之后的数据为:{"wsid":769372505,"data":[],"id":"","status":"ok","ts":"1729582542913"}
2024-10-22 15:35:44.001 [INFO] [WebSocketConnectReadThread-11] [com.huobi.future.wss.WssIndexReqTest.lambda$test1$0:26] - 请求(req)指数K线数据用户收到的原始数据:{"id":"","rep":"market.BTC-USD.index.1min","wsid":769372505,"ts":1729582543915,"status":"ok","data":[]}
2024-10-22 15:35:44.002 [INFO] [WebSocketConnectReadThread-11] [com.huobi.future.wss.WssIndexReqTest.lambda$test1$0:28] - 请求(req)指数K线数据解析之后的数据为:{"wsid":769372505,"data":[],"id":"","status":"ok","ts":"1729582543915"}
2024-10-22 15:35:45.055 [INFO] [WebSocketConnectReadThread-11] [com.huobi.future.wss.WssIndexReqTest.lambda$test1$0:26] - 请求(req)指数K线数据用户收到的原始数据:{"id":"","rep":"market.BTC-USD.index.1min","wsid":769372505,"ts":1729582544916,"status":"ok","data":[]}
2024-10-22 15:35:45.056 [INFO] [WebSocketConnectReadThread-11] [com.huobi.future.wss.WssIndexReqTest.lambda$test1$0:28] - 请求(req)指数K线数据解析之后的数据为:{"wsid":769372505,"data":[],"id":"","status":"ok","ts":"1729582544916"}
2024-10-22 15:35:45.517 [DEBUG] [WebSocketConnectReadThread-11] [com.huobi.wss.handle.WssMarketReqHandle.dealPing:129] - 发送pong:{"pong":1729582545517}
2024-10-22 15:35:46.012 [INFO] [WebSocketConnectReadThread-11] [com.huobi.future.wss.WssIndexReqTest.lambda$test1$0:26] - 请求(req)指数K线数据用户收到的原始数据:{"id":"","rep":"market.BTC-USD.index.1min","wsid":769372505,"ts":1729582545918,"status":"ok","data":[]}
2024-10-22 15:35:46.013 [INFO] [WebSocketConnectReadThread-11] [com.huobi.future.wss.WssIndexReqTest.lambda$test1$0:28] - 请求(req)指数K线数据解析之后的数据为:{"wsid":769372505,"data":[],"id":"","status":"ok","ts":"1729582545918"}
2024-10-22 15:35:47.028 [INFO] [WebSocketConnectReadThread-11] [com.huobi.future.wss.WssIndexReqTest.lambda$test1$0:26] - 请求(req)指数K线数据用户收到的原始数据:{"id":"","rep":"market.BTC-USD.index.1min","wsid":769372505,"ts":1729582546931,"status":"ok","data":[]}
2024-10-22 15:35:47.028 [INFO] [WebSocketConnectReadThread-11] [com.huobi.future.wss.WssIndexReqTest.lambda$test1$0:28] - 请求(req)指数K线数据解析之后的数据为:{"wsid":769372505,"data":[],"id":"","status":"ok","ts":"1729582546931"}
2024-10-22 15:35:58.011 [DEBUG] [WebSocketConnectReadThread-11] [com.huobi.wss.handle.WssMarketHandle.onOpen:57] - onOpen Success
2024-10-22 15:35:58.344 [INFO] [pool-2-thread-1] [com.huobi.future.wss.WssIndexSubTest.lambda$test1$0:25] - 订阅(sub)指数K线数据用户收到的数据===============:{"ch":"market.BTC-USD.index.1min","ts":1729582557256,"tick":{"id":1729582500,"open":"67547.4775","close":"67564.045","high":"67564.045","low":"67547.4775","amount":"0","vol":"0","count":0}}
2024-10-22 15:35:58.363 [INFO] [pool-2-thread-1] [com.huobi.future.wss.WssIndexSubTest.lambda$test1$0:28] - 订阅(sub)指数K线数据的ts为：1729582557256,当前的时间戳为：1729582558345,时间间隔为：1089毫秒
2024-10-22 15:35:58.375 [INFO] [pool-2-thread-1] [com.huobi.future.wss.WssIndexSubTest.lambda$test1$0:25] - 订阅(sub)指数K线数据用户收到的数据===============:{"ch":"market.BTC-USD.index.1min","ts":1729582558256,"tick":{"id":1729582500,"open":"67547.4775","close":"67565.045","high":"67565.045","low":"67547.4775","amount":"0","vol":"0","count":0}}
2024-10-22 15:35:58.376 [INFO] [pool-2-thread-1] [com.huobi.future.wss.WssIndexSubTest.lambda$test1$0:28] - 订阅(sub)指数K线数据的ts为：1729582558256,当前的时间戳为：1729582558376,时间间隔为：120毫秒
2024-10-22 15:35:59.424 [INFO] [pool-2-thread-1] [com.huobi.future.wss.WssIndexSubTest.lambda$test1$0:25] - 订阅(sub)指数K线数据用户收到的数据===============:{"ch":"market.BTC-USD.index.1min","ts":1729582559256,"tick":{"id":1729582500,"open":"67547.4775","close":"67565.045","high":"67565.045","low":"67547.4775","amount":"0","vol":"0","count":0}}
2024-10-22 15:35:59.425 [INFO] [pool-2-thread-1] [com.huobi.future.wss.WssIndexSubTest.lambda$test1$0:28] - 订阅(sub)指数K线数据的ts为：1729582559256,当前的时间戳为：1729582559425,时间间隔为：169毫秒
2024-10-22 15:36:00.337 [INFO] [pool-2-thread-1] [com.huobi.future.wss.WssIndexSubTest.lambda$test1$0:25] - 订阅(sub)指数K线数据用户收到的数据===============:{"ch":"market.BTC-USD.index.1min","ts":1729582560255,"tick":{"id":1729582560,"open":"67565.045","close":"67565.045","high":"67565.045","low":"67565.045","amount":"0","vol":"0","count":0}}
2024-10-22 15:36:00.337 [INFO] [pool-2-thread-1] [com.huobi.future.wss.WssIndexSubTest.lambda$test1$0:28] - 订阅(sub)指数K线数据的ts为：1729582560255,当前的时间戳为：1729582560337,时间间隔为：82毫秒
2024-10-22 15:36:01.468 [INFO] [pool-2-thread-1] [com.huobi.future.wss.WssIndexSubTest.lambda$test1$0:25] - 订阅(sub)指数K线数据用户收到的数据===============:{"ch":"market.BTC-USD.index.1min","ts":1729582561256,"tick":{"id":1729582560,"open":"67565.045","close":"67565.045","high":"67565.045","low":"67565.045","amount":"0","vol":"0","count":0}}
2024-10-22 15:36:01.469 [INFO] [pool-2-thread-1] [com.huobi.future.wss.WssIndexSubTest.lambda$test1$0:28] - 订阅(sub)指数K线数据的ts为：1729582561256,当前的时间戳为：1729582561468,时间间隔为：212毫秒
2024-10-22 15:36:02.495 [INFO] [pool-2-thread-1] [com.huobi.future.wss.WssIndexSubTest.lambda$test1$0:25] - 订阅(sub)指数K线数据用户收到的数据===============:{"ch":"market.BTC-USD.index.1min","ts":1729582562256,"tick":{"id":1729582560,"open":"67565.045","close":"67560.91","high":"67565.045","low":"67560.91","amount":"0","vol":"0","count":0}}
2024-10-22 15:36:02.496 [INFO] [pool-2-thread-1] [com.huobi.future.wss.WssIndexSubTest.lambda$test1$0:28] - 订阅(sub)指数K线数据的ts为：1729582562256,当前的时间戳为：1729582562495,时间间隔为：239毫秒
2024-10-22 15:36:02.991 [DEBUG] [pool-2-thread-1] [com.huobi.wss.handle.WssMarketHandle.dealPing:125] - 发送pong:{"pong":1}
2024-10-22 15:36:03.400 [INFO] [pool-2-thread-1] [com.huobi.future.wss.WssIndexSubTest.lambda$test1$0:25] - 订阅(sub)指数K线数据用户收到的数据===============:{"ch":"market.BTC-USD.index.1min","ts":1729582563256,"tick":{"id":1729582560,"open":"67565.045","close":"67560.91","high":"67565.045","low":"67560.91","amount":"0","vol":"0","count":0}}
2024-10-22 15:36:03.401 [INFO] [pool-2-thread-1] [com.huobi.future.wss.WssIndexSubTest.lambda$test1$0:28] - 订阅(sub)指数K线数据的ts为：1729582563256,当前的时间戳为：1729582563400,时间间隔为：144毫秒
2024-10-22 15:36:04.439 [INFO] [pool-2-thread-1] [com.huobi.future.wss.WssIndexSubTest.lambda$test1$0:25] - 订阅(sub)指数K线数据用户收到的数据===============:{"ch":"market.BTC-USD.index.1min","ts":1729582564256,"tick":{"id":1729582560,"open":"67565.045","close":"67560.91","high":"67565.045","low":"67560.91","amount":"0","vol":"0","count":0}}
2024-10-22 15:36:04.439 [INFO] [pool-2-thread-1] [com.huobi.future.wss.WssIndexSubTest.lambda$test1$0:28] - 订阅(sub)指数K线数据的ts为：1729582564256,当前的时间戳为：1729582564439,时间间隔为：183毫秒
2024-10-22 15:36:05.463 [INFO] [pool-2-thread-1] [com.huobi.future.wss.WssIndexSubTest.lambda$test1$0:25] - 订阅(sub)指数K线数据用户收到的数据===============:{"ch":"market.BTC-USD.index.1min","ts":1729582565256,"tick":{"id":1729582560,"open":"67565.045","close":"67560.91","high":"67565.045","low":"67560.91","amount":"0","vol":"0","count":0}}
2024-10-22 15:36:05.464 [INFO] [pool-2-thread-1] [com.huobi.future.wss.WssIndexSubTest.lambda$test1$0:28] - 订阅(sub)指数K线数据的ts为：1729582565256,当前的时间戳为：1729582565463,时间间隔为：207毫秒
2024-10-22 15:36:15.161 [INFO] [WebSocketConnectReadThread-11] [com.huobi.wss.handle.WssNotificationHandle.addAuth:174] - before send 
2024-10-22 15:36:15.164 [INFO] [WebSocketConnectReadThread-11] [com.huobi.wss.handle.WssNotificationHandle.addAuth:176] - after send 
2024-10-22 15:36:15.535 [INFO] [pool-2-thread-2] [com.huobi.future.wss.WssCenterNotificationSubHmac256Test.lambda$test1$0:30] - 用户收到的数据===============:{"op":"notify","topic":"public.futures.heartbeat","event":"init","ts":1729582575455,"data":{"heartbeat":1,"estimated_recovery_time":null}}
2024-10-22 15:36:15.552 [INFO] [pool-2-thread-2] [com.huobi.future.wss.WssCenterNotificationSubHmac256Test.lambda$test1$0:33] - ts为：1729582575455,当前的时间戳为：1729582575537,时间间隔为：82毫秒
2024-10-22 15:36:20.614 [DEBUG] [pool-2-thread-4] [com.huobi.wss.handle.WssNotificationHandle.dealPing:129] - 发送pong:1729582580456
2024-10-22 15:36:25.891 [DEBUG] [pool-2-thread-5] [com.huobi.wss.handle.WssNotificationHandle.dealPing:129] - 发送pong:1729582585753
2024-10-22 15:36:30.099 [INFO] [WebSocketConnectReadThread-11] [com.huobi.wss.handle.WssNotificationHandle.addAuth:157] - before send 
2024-10-22 15:36:30.111 [INFO] [WebSocketConnectReadThread-11] [com.huobi.wss.handle.WssNotificationHandle.addAuth:159] - after send 
2024-10-22 15:36:31.520 [DEBUG] [pool-2-thread-6] [com.huobi.wss.handle.WssNotificationHandle.dealPing:129] - 发送pong:1729582591032
2024-10-22 15:36:36.725 [DEBUG] [pool-2-thread-7] [com.huobi.wss.handle.WssNotificationHandle.dealPing:129] - 发送pong:1729582596661
2024-10-22 15:36:41.895 [DEBUG] [pool-2-thread-8] [com.huobi.wss.handle.WssNotificationHandle.dealPing:129] - 发送pong:1729582601866
2024-10-22 15:36:46.079 [ERROR] [WebSocketConnectReadThread-11] [com.huobi.wss.handle.WssNotificationHandle.onClose:101] - onClose i:1006,s:,b:true
2024-10-22 15:36:47.167 [DEBUG] [pool-2-thread-9] [com.huobi.wss.handle.WssNotificationHandle.dealPing:129] - 发送pong:1729582607037
2024-10-22 15:36:52.459 [DEBUG] [pool-2-thread-10] [com.huobi.wss.handle.WssNotificationHandle.dealPing:129] - 发送pong:1729582612308
2024-10-22 15:36:57.658 [DEBUG] [pool-2-thread-1] [com.huobi.wss.handle.WssNotificationHandle.dealPing:129] - 发送pong:1729582617601
2024-10-22 15:37:02.894 [DEBUG] [pool-2-thread-3] [com.huobi.wss.handle.WssNotificationHandle.dealPing:129] - 发送pong:1729582622799
2024-10-22 15:37:08.126 [DEBUG] [pool-2-thread-2] [com.huobi.wss.handle.WssNotificationHandle.dealPing:129] - 发送pong:1729582628036
2024-10-22 15:37:14.896 [DEBUG] [pool-2-thread-4] [com.huobi.wss.handle.WssNotificationHandle.dealPing:129] - 发送pong:1729582633268
2024-10-22 15:37:20.823 [DEBUG] [pool-2-thread-5] [com.huobi.wss.handle.WssNotificationHandle.dealPing:129] - 发送pong:1729582640218
2024-10-22 15:37:26.146 [DEBUG] [pool-2-thread-6] [com.huobi.wss.handle.WssNotificationHandle.dealPing:129] - 发送pong:1729582645965
2024-10-22 15:37:30.118 [ERROR] [pool-1-thread-1] [com.huobi.wss.handle.WssNotificationHandle.run:191] - isClosed:true,isClosing:false，准备重连
2024-10-22 15:37:31.388 [DEBUG] [pool-2-thread-7] [com.huobi.wss.handle.WssNotificationHandle.dealPing:129] - 发送pong:1729582651289
2024-10-22 15:37:36.655 [DEBUG] [pool-2-thread-8] [com.huobi.wss.handle.WssNotificationHandle.dealPing:129] - 发送pong:1729582656534
2024-10-22 15:37:41.910 [DEBUG] [pool-2-thread-9] [com.huobi.wss.handle.WssNotificationHandle.dealPing:129] - 发送pong:1729582661811
2024-10-22 15:37:47.164 [DEBUG] [pool-2-thread-10] [com.huobi.wss.handle.WssNotificationHandle.dealPing:129] - 发送pong:1729582667053
2024-10-22 15:37:52.467 [DEBUG] [pool-2-thread-1] [com.huobi.wss.handle.WssNotificationHandle.dealPing:129] - 发送pong:1729582672309
2024-10-22 15:37:57.028 [INFO] [WebSocketConnectReadThread-11] [com.huobi.wss.handle.WssNotificationHandle.addAuth:157] - before send 
2024-10-22 15:37:57.039 [INFO] [WebSocketConnectReadThread-11] [com.huobi.wss.handle.WssNotificationHandle.addAuth:159] - after send 
2024-10-22 15:37:57.717 [DEBUG] [pool-2-thread-3] [com.huobi.wss.handle.WssNotificationHandle.dealPing:129] - 发送pong:1729582677609
2024-10-22 15:38:03.035 [DEBUG] [pool-2-thread-2] [com.huobi.wss.handle.WssNotificationHandle.dealPing:129] - 发送pong:1729582682859
2024-10-22 15:38:08.264 [DEBUG] [pool-2-thread-4] [com.huobi.wss.handle.WssNotificationHandle.dealPing:129] - 发送pong:1729582688178
2024-10-22 15:38:12.311 [ERROR] [WebSocketConnectReadThread-11] [com.huobi.wss.handle.WssNotificationHandle.onClose:101] - onClose i:1006,s:,b:true
2024-10-22 15:38:13.584 [DEBUG] [pool-2-thread-5] [com.huobi.wss.handle.WssNotificationHandle.dealPing:129] - 发送pong:1729582693406
2024-10-22 15:38:20.244 [DEBUG] [pool-2-thread-6] [com.huobi.wss.handle.WssNotificationHandle.dealPing:129] - 发送pong:1729582700139
2024-10-22 15:38:25.542 [DEBUG] [pool-2-thread-7] [com.huobi.wss.handle.WssNotificationHandle.dealPing:129] - 发送pong:1729582705387
2024-10-22 15:38:30.867 [DEBUG] [pool-2-thread-8] [com.huobi.wss.handle.WssNotificationHandle.dealPing:129] - 发送pong:1729582710685
2024-10-22 15:38:36.192 [DEBUG] [pool-2-thread-9] [com.huobi.wss.handle.WssNotificationHandle.dealPing:129] - 发送pong:1729582716010
2024-10-22 15:38:41.466 [DEBUG] [pool-2-thread-10] [com.huobi.wss.handle.WssNotificationHandle.dealPing:129] - 发送pong:1729582721339
2024-10-22 15:38:46.718 [DEBUG] [pool-2-thread-1] [com.huobi.wss.handle.WssNotificationHandle.dealPing:129] - 发送pong:1729582726611
2024-10-22 15:38:51.986 [DEBUG] [pool-2-thread-3] [com.huobi.wss.handle.WssNotificationHandle.dealPing:129] - 发送pong:1729582731864
2024-10-22 15:38:57.045 [ERROR] [pool-1-thread-1] [com.huobi.wss.handle.WssNotificationHandle.run:191] - isClosed:true,isClosing:false，准备重连
2024-10-22 15:38:57.245 [DEBUG] [pool-2-thread-2] [com.huobi.wss.handle.WssNotificationHandle.dealPing:129] - 发送pong:1729582737131
2024-10-22 15:38:58.162 [INFO] [WebSocketConnectReadThread-18] [com.huobi.wss.handle.WssNotificationHandle.addAuth:157] - before send 
2024-10-22 15:38:58.163 [INFO] [WebSocketConnectReadThread-18] [com.huobi.wss.handle.WssNotificationHandle.addAuth:159] - after send 
2024-10-22 15:38:58.163 [ERROR] [pool-1-thread-1] [com.huobi.wss.handle.WssNotificationHandle.run:193] - 重连的结果为：true
2024-10-22 15:39:02.535 [DEBUG] [pool-2-thread-4] [com.huobi.wss.handle.WssNotificationHandle.dealPing:129] - 发送pong:1729582742387
2024-10-22 15:39:07.754 [DEBUG] [pool-2-thread-5] [com.huobi.wss.handle.WssNotificationHandle.dealPing:129] - 发送pong:1729582747678
2024-10-22 15:39:13.005 [DEBUG] [pool-2-thread-6] [com.huobi.wss.handle.WssNotificationHandle.dealPing:129] - 发送pong:1729582752899
2024-10-22 15:39:13.571 [ERROR] [WebSocketConnectReadThread-18] [com.huobi.wss.handle.WssNotificationHandle.onClose:101] - onClose i:1006,s:,b:true
2024-10-22 15:39:17.049 [ERROR] [pool-1-thread-1] [com.huobi.wss.handle.WssNotificationHandle.run:191] - isClosed:true,isClosing:false，准备重连
2024-10-22 15:39:20.239 [DEBUG] [pool-2-thread-7] [com.huobi.wss.handle.WssNotificationHandle.dealPing:129] - 发送pong:1729582760136
2024-10-22 15:39:21.159 [INFO] [WebSocketConnectReadThread-23] [com.huobi.wss.handle.WssNotificationHandle.addAuth:157] - before send 
2024-10-22 15:39:21.163 [INFO] [WebSocketConnectReadThread-23] [com.huobi.wss.handle.WssNotificationHandle.addAuth:159] - after send 
2024-10-22 15:39:21.164 [ERROR] [pool-1-thread-1] [com.huobi.wss.handle.WssNotificationHandle.run:193] - 重连的结果为：true
2024-10-22 15:39:25.474 [DEBUG] [pool-2-thread-8] [com.huobi.wss.handle.WssNotificationHandle.dealPing:129] - 发送pong:1729582765390
2024-10-22 15:39:30.747 [DEBUG] [pool-2-thread-9] [com.huobi.wss.handle.WssNotificationHandle.dealPing:129] - 发送pong:1729582770617
2024-10-22 15:39:35.991 [DEBUG] [pool-2-thread-10] [com.huobi.wss.handle.WssNotificationHandle.dealPing:129] - 发送pong:1729582775888
2024-10-22 15:39:36.569 [ERROR] [WebSocketConnectReadThread-23] [com.huobi.wss.handle.WssNotificationHandle.onClose:101] - onClose i:1006,s:,b:true
2024-10-22 15:39:37.047 [ERROR] [pool-1-thread-1] [com.huobi.wss.handle.WssNotificationHandle.run:191] - isClosed:true,isClosing:false，准备重连
2024-10-22 15:39:38.145 [INFO] [WebSocketConnectReadThread-28] [com.huobi.wss.handle.WssNotificationHandle.addAuth:157] - before send 
2024-10-22 15:39:38.146 [INFO] [WebSocketConnectReadThread-28] [com.huobi.wss.handle.WssNotificationHandle.addAuth:159] - after send 
2024-10-22 15:39:38.146 [ERROR] [pool-1-thread-1] [com.huobi.wss.handle.WssNotificationHandle.run:193] - 重连的结果为：true
2024-10-22 15:39:41.239 [DEBUG] [pool-2-thread-1] [com.huobi.wss.handle.WssNotificationHandle.dealPing:129] - 发送pong:1729582781138
2024-10-22 15:39:46.486 [DEBUG] [pool-2-thread-3] [com.huobi.wss.handle.WssNotificationHandle.dealPing:129] - 发送pong:1729582786380
2024-10-22 15:39:51.734 [DEBUG] [pool-2-thread-2] [com.huobi.wss.handle.WssNotificationHandle.dealPing:129] - 发送pong:1729582791626
2024-10-22 15:39:53.590 [ERROR] [WebSocketConnectReadThread-28] [com.huobi.wss.handle.WssNotificationHandle.onClose:101] - onClose i:1006,s:,b:true
2024-10-22 15:39:56.991 [DEBUG] [pool-2-thread-4] [com.huobi.wss.handle.WssNotificationHandle.dealPing:129] - 发送pong:1729582796875
2024-10-22 15:39:57.050 [ERROR] [pool-1-thread-1] [com.huobi.wss.handle.WssNotificationHandle.run:191] - isClosed:true,isClosing:false，准备重连
2024-10-22 15:39:58.277 [INFO] [WebSocketConnectReadThread-33] [com.huobi.wss.handle.WssNotificationHandle.addAuth:157] - before send 
2024-10-22 15:39:58.277 [INFO] [WebSocketConnectReadThread-33] [com.huobi.wss.handle.WssNotificationHandle.addAuth:159] - after send 
2024-10-22 15:39:58.278 [ERROR] [pool-1-thread-1] [com.huobi.wss.handle.WssNotificationHandle.run:193] - 重连的结果为：true
2024-10-22 15:40:02.282 [DEBUG] [pool-2-thread-5] [com.huobi.wss.handle.WssNotificationHandle.dealPing:129] - 发送pong:1729582802132
2024-10-22 15:40:07.485 [DEBUG] [pool-2-thread-6] [com.huobi.wss.handle.WssNotificationHandle.dealPing:129] - 发送pong:1729582807423
2024-10-22 15:40:12.731 [DEBUG] [pool-2-thread-7] [com.huobi.wss.handle.WssNotificationHandle.dealPing:129] - 发送pong:1729582812626
2024-10-22 15:40:13.693 [ERROR] [WebSocketConnectReadThread-33] [com.huobi.wss.handle.WssNotificationHandle.onClose:101] - onClose i:1006,s:,b:true
2024-10-22 15:40:17.051 [ERROR] [pool-1-thread-1] [com.huobi.wss.handle.WssNotificationHandle.run:191] - isClosed:true,isClosing:false，准备重连
2024-10-22 15:40:17.820 [INFO] [WebSocketConnectReadThread-38] [com.huobi.wss.handle.WssNotificationHandle.addAuth:157] - before send 
2024-10-22 15:40:17.820 [INFO] [WebSocketConnectReadThread-38] [com.huobi.wss.handle.WssNotificationHandle.addAuth:159] - after send 
2024-10-22 15:40:17.820 [ERROR] [pool-1-thread-1] [com.huobi.wss.handle.WssNotificationHandle.run:193] - 重连的结果为：true
2024-10-22 15:40:20.247 [DEBUG] [pool-2-thread-8] [com.huobi.wss.handle.WssNotificationHandle.dealPing:129] - 发送pong:1729582820132
2024-10-22 15:40:25.510 [DEBUG] [pool-2-thread-9] [com.huobi.wss.handle.WssNotificationHandle.dealPing:129] - 发送pong:1729582825402
2024-10-22 15:40:30.757 [DEBUG] [pool-2-thread-10] [com.huobi.wss.handle.WssNotificationHandle.dealPing:129] - 发送pong:1729582830654
2024-10-22 15:40:33.220 [ERROR] [WebSocketConnectReadThread-38] [com.huobi.wss.handle.WssNotificationHandle.onClose:101] - onClose i:1006,s:,b:true
2024-10-22 15:40:35.958 [DEBUG] [pool-2-thread-1] [com.huobi.wss.handle.WssNotificationHandle.dealPing:129] - 发送pong:1729582835899
2024-10-22 15:40:37.051 [ERROR] [pool-1-thread-1] [com.huobi.wss.handle.WssNotificationHandle.run:191] - isClosed:true,isClosing:false，准备重连
2024-10-22 15:40:38.089 [INFO] [WebSocketConnectReadThread-41] [com.huobi.wss.handle.WssNotificationHandle.addAuth:157] - before send 
2024-10-22 15:40:38.090 [INFO] [WebSocketConnectReadThread-41] [com.huobi.wss.handle.WssNotificationHandle.addAuth:159] - after send 
2024-10-22 15:40:38.091 [ERROR] [pool-1-thread-1] [com.huobi.wss.handle.WssNotificationHandle.run:193] - 重连的结果为：true
2024-10-22 15:40:41.191 [DEBUG] [pool-2-thread-3] [com.huobi.wss.handle.WssNotificationHandle.dealPing:129] - 发送pong:1729582841098
2024-10-22 15:40:46.422 [DEBUG] [pool-2-thread-2] [com.huobi.wss.handle.WssNotificationHandle.dealPing:129] - 发送pong:1729582846331
2024-10-22 15:40:51.657 [DEBUG] [pool-2-thread-4] [com.huobi.wss.handle.WssNotificationHandle.dealPing:129] - 发送pong:1729582851568
2024-10-22 15:40:53.495 [ERROR] [WebSocketConnectReadThread-41] [com.huobi.wss.handle.WssNotificationHandle.onClose:101] - onClose i:1006,s:,b:true
2024-10-22 15:40:56.843 [DEBUG] [pool-2-thread-5] [com.huobi.wss.handle.WssNotificationHandle.dealPing:129] - 发送pong:1729582856797
2024-10-22 15:40:57.051 [ERROR] [pool-1-thread-1] [com.huobi.wss.handle.WssNotificationHandle.run:191] - isClosed:true,isClosing:false，准备重连
2024-10-22 15:40:58.189 [INFO] [WebSocketConnectReadThread-44] [com.huobi.wss.handle.WssNotificationHandle.addAuth:157] - before send 
2024-10-22 15:40:58.189 [INFO] [WebSocketConnectReadThread-44] [com.huobi.wss.handle.WssNotificationHandle.addAuth:159] - after send 
2024-10-22 15:40:58.190 [ERROR] [pool-1-thread-1] [com.huobi.wss.handle.WssNotificationHandle.run:193] - 重连的结果为：true
2024-10-22 15:41:02.073 [DEBUG] [pool-2-thread-6] [com.huobi.wss.handle.WssNotificationHandle.dealPing:129] - 发送pong:1729582861982
2024-10-22 15:41:07.308 [DEBUG] [pool-2-thread-7] [com.huobi.wss.handle.WssNotificationHandle.dealPing:129] - 发送pong:1729582867213
2024-10-22 15:41:12.570 [DEBUG] [pool-2-thread-8] [com.huobi.wss.handle.WssNotificationHandle.dealPing:129] - 发送pong:1729582872448
2024-10-22 15:41:20.243 [DEBUG] [pool-2-thread-9] [com.huobi.wss.handle.WssNotificationHandle.dealPing:129] - 发送pong:1729582880132
2024-10-22 15:41:25.484 [DEBUG] [pool-2-thread-10] [com.huobi.wss.handle.WssNotificationHandle.dealPing:129] - 发送pong:1729582885383
2024-10-22 15:41:30.769 [DEBUG] [pool-2-thread-1] [com.huobi.wss.handle.WssNotificationHandle.dealPing:129] - 发送pong:1729582890624
2024-10-22 15:41:36.050 [DEBUG] [pool-2-thread-3] [com.huobi.wss.handle.WssNotificationHandle.dealPing:129] - 发送pong:1729582895909
2024-10-22 15:41:41.293 [DEBUG] [pool-2-thread-2] [com.huobi.wss.handle.WssNotificationHandle.dealPing:129] - 发送pong:1729582901192
2024-10-22 15:41:46.570 [DEBUG] [pool-2-thread-4] [com.huobi.wss.handle.WssNotificationHandle.dealPing:129] - 发送pong:1729582906432
2024-10-22 15:41:51.779 [DEBUG] [pool-2-thread-5] [com.huobi.wss.handle.WssNotificationHandle.dealPing:129] - 发送pong:1729582911709
2024-10-22 15:41:57.003 [DEBUG] [pool-2-thread-6] [com.huobi.wss.handle.WssNotificationHandle.dealPing:129] - 发送pong:1729582916918
2024-10-22 15:42:02.202 [DEBUG] [pool-2-thread-7] [com.huobi.wss.handle.WssNotificationHandle.dealPing:129] - 发送pong:1729582922143
2024-10-22 15:42:07.382 [DEBUG] [pool-2-thread-8] [com.huobi.wss.handle.WssNotificationHandle.dealPing:129] - 发送pong:1729582927342
2024-10-22 15:42:12.570 [DEBUG] [pool-2-thread-9] [com.huobi.wss.handle.WssNotificationHandle.dealPing:129] - 发送pong:1729582932520
2024-10-22 15:42:20.301 [DEBUG] [pool-2-thread-10] [com.huobi.wss.handle.WssNotificationHandle.dealPing:129] - 发送pong:1729582940124
2024-10-22 15:42:25.495 [DEBUG] [pool-2-thread-1] [com.huobi.wss.handle.WssNotificationHandle.dealPing:129] - 发送pong:1729582945442
2024-10-22 15:42:30.749 [DEBUG] [pool-2-thread-3] [com.huobi.wss.handle.WssNotificationHandle.dealPing:129] - 发送pong:1729582950634
2024-10-22 15:42:35.951 [DEBUG] [pool-2-thread-2] [com.huobi.wss.handle.WssNotificationHandle.dealPing:129] - 发送pong:1729582955887
2024-10-22 15:42:41.200 [DEBUG] [pool-2-thread-4] [com.huobi.wss.handle.WssNotificationHandle.dealPing:129] - 发送pong:1729582961091
2024-10-22 15:42:46.437 [DEBUG] [pool-2-thread-5] [com.huobi.wss.handle.WssNotificationHandle.dealPing:129] - 发送pong:1729582966338
2024-10-22 15:42:51.698 [DEBUG] [pool-2-thread-6] [com.huobi.wss.handle.WssNotificationHandle.dealPing:129] - 发送pong:1729582971575
2024-10-22 15:42:56.950 [DEBUG] [pool-2-thread-7] [com.huobi.wss.handle.WssNotificationHandle.dealPing:129] - 发送pong:1729582976839
2024-10-22 15:42:58.194 [ERROR] [WebSocketTimer] [com.huobi.wss.handle.WssNotificationHandle.onClose:101] - onClose i:1006,s:The connection was closed because the other endpoint did not respond with a pong in time. For more information check: https://github.com/TooTallNate/Java-WebSocket/wiki/Lost-connection-detection,b:false
2024-10-22 15:42:58.287 [ERROR] [pool-1-thread-1] [com.huobi.wss.handle.WssNotificationHandle.run:191] - isClosed:true,isClosing:false，准备重连
2024-10-22 15:42:59.248 [INFO] [WebSocketConnectReadThread-47] [com.huobi.wss.handle.WssNotificationHandle.addAuth:157] - before send 
2024-10-22 15:42:59.249 [INFO] [WebSocketConnectReadThread-47] [com.huobi.wss.handle.WssNotificationHandle.addAuth:159] - after send 
2024-10-22 15:42:59.250 [ERROR] [pool-1-thread-1] [com.huobi.wss.handle.WssNotificationHandle.run:193] - 重连的结果为：true
2024-10-22 15:43:02.126 [DEBUG] [pool-2-thread-8] [com.huobi.wss.handle.WssNotificationHandle.dealPing:129] - 发送pong:1729582982088
2024-10-22 15:43:07.330 [DEBUG] [pool-2-thread-9] [com.huobi.wss.handle.WssNotificationHandle.dealPing:129] - 发送pong:1729582987269
2024-10-22 15:43:12.538 [DEBUG] [pool-2-thread-10] [com.huobi.wss.handle.WssNotificationHandle.dealPing:129] - 发送pong:1729582992469
2024-10-22 15:43:14.587 [ERROR] [WebSocketConnectReadThread-47] [com.huobi.wss.handle.WssNotificationHandle.onClose:101] - onClose i:1006,s:,b:true
2024-10-22 15:43:17.055 [ERROR] [pool-1-thread-1] [com.huobi.wss.handle.WssNotificationHandle.run:191] - isClosed:true,isClosing:false，准备重连
2024-10-22 15:43:18.146 [INFO] [WebSocketConnectReadThread-50] [com.huobi.wss.handle.WssNotificationHandle.addAuth:157] - before send 
2024-10-22 15:43:18.146 [INFO] [WebSocketConnectReadThread-50] [com.huobi.wss.handle.WssNotificationHandle.addAuth:159] - after send 
2024-10-22 15:43:18.146 [ERROR] [pool-1-thread-1] [com.huobi.wss.handle.WssNotificationHandle.run:193] - 重连的结果为：true
2024-10-22 15:43:20.213 [DEBUG] [pool-2-thread-1] [com.huobi.wss.handle.WssNotificationHandle.dealPing:129] - 发送pong:1729583000128
2024-10-22 15:43:23.403 [INFO] [WebSocketConnectReadThread-11] [com.huobi.wss.handle.WssNotificationHandle.addAuth:157] - before send 
2024-10-22 15:43:23.420 [INFO] [WebSocketConnectReadThread-11] [com.huobi.wss.handle.WssNotificationHandle.addAuth:159] - after send 
2024-10-22 15:43:25.451 [DEBUG] [pool-2-thread-3] [com.huobi.wss.handle.WssNotificationHandle.dealPing:129] - 发送pong:1729583005357
2024-10-22 15:43:30.666 [DEBUG] [pool-2-thread-2] [com.huobi.wss.handle.WssNotificationHandle.dealPing:129] - 发送pong:1729583010592
2024-10-22 15:43:35.923 [DEBUG] [pool-2-thread-4] [com.huobi.wss.handle.WssNotificationHandle.dealPing:129] - 发送pong:1729583015805
2024-10-22 15:43:38.691 [ERROR] [WebSocketConnectReadThread-11] [com.huobi.wss.handle.WssNotificationHandle.onClose:101] - onClose i:1006,s:,b:true
2024-10-22 15:43:41.090 [DEBUG] [pool-2-thread-5] [com.huobi.wss.handle.WssNotificationHandle.dealPing:129] - 发送pong:1729583021068
2024-10-22 15:43:46.271 [DEBUG] [pool-2-thread-6] [com.huobi.wss.handle.WssNotificationHandle.dealPing:129] - 发送pong:1729583026228
2024-10-22 15:43:51.447 [DEBUG] [pool-2-thread-7] [com.huobi.wss.handle.WssNotificationHandle.dealPing:129] - 发送pong:1729583031408
2024-10-22 15:43:56.642 [DEBUG] [pool-2-thread-8] [com.huobi.wss.handle.WssNotificationHandle.dealPing:129] - 发送pong:1729583036584
2024-10-22 15:44:01.848 [DEBUG] [pool-2-thread-9] [com.huobi.wss.handle.WssNotificationHandle.dealPing:129] - 发送pong:1729583041779
2024-10-22 15:44:07.064 [DEBUG] [pool-2-thread-10] [com.huobi.wss.handle.WssNotificationHandle.dealPing:129] - 发送pong:1729583046988
2024-10-22 15:44:12.283 [DEBUG] [pool-2-thread-1] [com.huobi.wss.handle.WssNotificationHandle.dealPing:129] - 发送pong:1729583052204
2024-10-22 15:44:20.223 [DEBUG] [pool-2-thread-3] [com.huobi.wss.handle.WssNotificationHandle.dealPing:129] - 发送pong:1729583060127
2024-10-22 15:44:23.461 [ERROR] [pool-1-thread-1] [com.huobi.wss.handle.WssNotificationHandle.run:191] - isClosed:true,isClosing:false，准备重连
2024-10-22 15:44:25.020 [INFO] [WebSocketConnectReadThread-18] [com.huobi.wss.handle.WssNotificationHandle.addAuth:157] - before send 
2024-10-22 15:44:25.020 [INFO] [WebSocketConnectReadThread-18] [com.huobi.wss.handle.WssNotificationHandle.addAuth:159] - after send 
2024-10-22 15:44:25.021 [ERROR] [pool-1-thread-1] [com.huobi.wss.handle.WssNotificationHandle.run:193] - 重连的结果为：true
2024-10-22 15:44:25.433 [DEBUG] [pool-2-thread-2] [com.huobi.wss.handle.WssNotificationHandle.dealPing:129] - 发送pong:1729583065361
2024-10-22 15:44:30.643 [DEBUG] [pool-2-thread-4] [com.huobi.wss.handle.WssNotificationHandle.dealPing:129] - 发送pong:1729583070570
2024-10-22 15:44:35.884 [DEBUG] [pool-2-thread-5] [com.huobi.wss.handle.WssNotificationHandle.dealPing:129] - 发送pong:1729583075779
2024-10-22 15:44:40.301 [ERROR] [WebSocketConnectReadThread-18] [com.huobi.wss.handle.WssNotificationHandle.onClose:101] - onClose i:1006,s:,b:true
2024-10-22 15:44:41.175 [DEBUG] [pool-2-thread-6] [com.huobi.wss.handle.WssNotificationHandle.dealPing:129] - 发送pong:1729583081021
2024-10-22 15:44:43.434 [ERROR] [pool-1-thread-1] [com.huobi.wss.handle.WssNotificationHandle.run:191] - isClosed:true,isClosing:false，准备重连
2024-10-22 15:44:46.428 [DEBUG] [pool-2-thread-7] [com.huobi.wss.handle.WssNotificationHandle.dealPing:129] - 发送pong:1729583086311
2024-10-22 15:44:51.652 [DEBUG] [pool-2-thread-8] [com.huobi.wss.handle.WssNotificationHandle.dealPing:129] - 发送pong:1729583091565
2024-10-22 15:44:56.862 [DEBUG] [pool-2-thread-9] [com.huobi.wss.handle.WssNotificationHandle.dealPing:129] - 发送pong:1729583096788
2024-10-22 15:45:02.095 [DEBUG] [pool-2-thread-10] [com.huobi.wss.handle.WssNotificationHandle.dealPing:129] - 发送pong:1729583101998
2024-10-22 15:45:07.258 [DEBUG] [pool-2-thread-1] [com.huobi.wss.handle.WssNotificationHandle.dealPing:129] - 发送pong:1729583107231
2024-10-22 15:45:12.411 [DEBUG] [pool-2-thread-3] [com.huobi.wss.handle.WssNotificationHandle.dealPing:129] - 发送pong:1729583112394
2024-10-22 15:45:20.161 [DEBUG] [pool-2-thread-2] [com.huobi.wss.handle.WssNotificationHandle.dealPing:129] - 发送pong:1729583120123
2024-10-22 15:45:25.372 [DEBUG] [pool-2-thread-4] [com.huobi.wss.handle.WssNotificationHandle.dealPing:129] - 发送pong:1729583125297
2024-10-22 15:45:30.614 [DEBUG] [pool-2-thread-5] [com.huobi.wss.handle.WssNotificationHandle.dealPing:129] - 发送pong:1729583130511
2024-10-22 15:45:35.827 [DEBUG] [pool-2-thread-6] [com.huobi.wss.handle.WssNotificationHandle.dealPing:129] - 发送pong:1729583135750
2024-10-22 15:45:41.104 [DEBUG] [pool-2-thread-7] [com.huobi.wss.handle.WssNotificationHandle.dealPing:129] - 发送pong:1729583140962
2024-10-22 15:45:46.311 [DEBUG] [pool-2-thread-8] [com.huobi.wss.handle.WssNotificationHandle.dealPing:129] - 发送pong:1729583146241
2024-10-22 15:45:51.554 [DEBUG] [pool-2-thread-9] [com.huobi.wss.handle.WssNotificationHandle.dealPing:129] - 发送pong:1729583151446
2024-10-22 15:45:56.853 [DEBUG] [pool-2-thread-10] [com.huobi.wss.handle.WssNotificationHandle.dealPing:129] - 发送pong:1729583156692
2024-10-22 15:46:02.048 [DEBUG] [pool-2-thread-1] [com.huobi.wss.handle.WssNotificationHandle.dealPing:129] - 发送pong:1729583161988
2024-10-22 15:46:07.302 [DEBUG] [pool-2-thread-3] [com.huobi.wss.handle.WssNotificationHandle.dealPing:129] - 发送pong:1729583167183
2024-10-22 15:46:12.572 [DEBUG] [pool-2-thread-2] [com.huobi.wss.handle.WssNotificationHandle.dealPing:129] - 发送pong:1729583172437
2024-10-22 15:46:20.184 [DEBUG] [pool-2-thread-4] [com.huobi.wss.handle.WssNotificationHandle.dealPing:129] - 发送pong:1729583180124
2024-10-22 15:46:25.435 [DEBUG] [pool-2-thread-5] [com.huobi.wss.handle.WssNotificationHandle.dealPing:129] - 发送pong:1729583185321
2024-10-22 15:46:30.668 [DEBUG] [pool-2-thread-6] [com.huobi.wss.handle.WssNotificationHandle.dealPing:129] - 发送pong:1729583190580
2024-10-22 15:46:35.902 [DEBUG] [pool-2-thread-7] [com.huobi.wss.handle.WssNotificationHandle.dealPing:129] - 发送pong:1729583195802
2024-10-22 15:46:41.066 [DEBUG] [pool-2-thread-8] [com.huobi.wss.handle.WssNotificationHandle.dealPing:129] - 发送pong:1729583201039
2024-10-22 15:46:46.267 [DEBUG] [pool-2-thread-9] [com.huobi.wss.handle.WssNotificationHandle.dealPing:129] - 发送pong:1729583206201
2024-10-22 15:46:51.551 [DEBUG] [pool-2-thread-10] [com.huobi.wss.handle.WssNotificationHandle.dealPing:129] - 发送pong:1729583211402
2024-10-22 15:46:56.757 [DEBUG] [pool-2-thread-1] [com.huobi.wss.handle.WssNotificationHandle.dealPing:129] - 发送pong:1729583216695
2024-10-22 15:47:01.941 [DEBUG] [pool-2-thread-3] [com.huobi.wss.handle.WssNotificationHandle.dealPing:129] - 发送pong:1729583221891
2024-10-22 15:47:07.184 [DEBUG] [pool-2-thread-2] [com.huobi.wss.handle.WssNotificationHandle.dealPing:129] - 发送pong:1729583227076
2024-10-22 15:47:12.417 [DEBUG] [pool-2-thread-4] [com.huobi.wss.handle.WssNotificationHandle.dealPing:129] - 发送pong:1729583232318
2024-10-22 15:47:19.646 [ERROR] [WebSocketConnectReadThread-23] [com.huobi.wss.handle.WssNotificationHandle.onClose:101] - onClose i:-1,s:,b:true
2024-10-22 15:47:19.647 [ERROR] [pool-1-thread-1] [com.huobi.wss.handle.WssNotificationHandle.run:193] - 重连的结果为：false
2024-10-22 15:47:19.651 [ERROR] [pool-1-thread-1] [com.huobi.wss.handle.WssNotificationHandle.run:196] - closeBlocking
2024-10-22 15:47:19.651 [ERROR] [pool-1-thread-1] [com.huobi.wss.handle.WssNotificationHandle.run:191] - isClosed:true,isClosing:false，准备重连
2024-10-22 15:47:20.197 [DEBUG] [pool-2-thread-5] [com.huobi.wss.handle.WssNotificationHandle.dealPing:129] - 发送pong:1729583240125
2024-10-22 15:47:25.382 [DEBUG] [pool-2-thread-6] [com.huobi.wss.handle.WssNotificationHandle.dealPing:129] - 发送pong:1729583245331
2024-10-22 15:47:30.599 [DEBUG] [pool-2-thread-7] [com.huobi.wss.handle.WssNotificationHandle.dealPing:129] - 发送pong:1729583250516
2024-10-22 15:47:35.781 [DEBUG] [pool-2-thread-8] [com.huobi.wss.handle.WssNotificationHandle.dealPing:129] - 发送pong:1729583255735
2024-10-22 15:47:40.956 [DEBUG] [pool-2-thread-9] [com.huobi.wss.handle.WssNotificationHandle.dealPing:129] - 发送pong:1729583260915
2024-10-22 15:47:46.153 [DEBUG] [pool-2-thread-10] [com.huobi.wss.handle.WssNotificationHandle.dealPing:129] - 发送pong:1729583266089
2024-10-22 15:47:51.358 [DEBUG] [pool-2-thread-1] [com.huobi.wss.handle.WssNotificationHandle.dealPing:129] - 发送pong:1729583271286
2024-10-22 15:47:56.563 [DEBUG] [pool-2-thread-3] [com.huobi.wss.handle.WssNotificationHandle.dealPing:129] - 发送pong:1729583276492
2024-10-22 15:48:01.730 [DEBUG] [pool-2-thread-2] [com.huobi.wss.handle.WssNotificationHandle.dealPing:129] - 发送pong:1729583281697
2024-10-22 15:48:06.970 [DEBUG] [pool-2-thread-4] [com.huobi.wss.handle.WssNotificationHandle.dealPing:129] - 发送pong:1729583286864
2024-10-22 15:48:12.156 [DEBUG] [pool-2-thread-5] [com.huobi.wss.handle.WssNotificationHandle.dealPing:129] - 发送pong:1729583292104
2024-10-22 15:48:20.217 [DEBUG] [pool-2-thread-6] [com.huobi.wss.handle.WssNotificationHandle.dealPing:129] - 发送pong:1729583300122
2024-10-22 15:48:23.475 [ERROR] [WebSocketConnectReadThread-25] [com.huobi.wss.handle.WssNotificationHandle.onClose:101] - onClose i:-1,s:,b:true
2024-10-22 15:48:23.477 [ERROR] [pool-1-thread-1] [com.huobi.wss.handle.WssNotificationHandle.run:193] - 重连的结果为：false
2024-10-22 15:48:23.477 [ERROR] [pool-1-thread-1] [com.huobi.wss.handle.WssNotificationHandle.run:196] - closeBlocking
2024-10-22 15:48:23.478 [ERROR] [pool-1-thread-1] [com.huobi.wss.handle.WssNotificationHandle.run:191] - isClosed:true,isClosing:false，准备重连
2024-10-22 15:48:25.432 [DEBUG] [pool-2-thread-7] [com.huobi.wss.handle.WssNotificationHandle.dealPing:129] - 发送pong:1729583305351
2024-10-22 15:48:30.623 [DEBUG] [pool-2-thread-8] [com.huobi.wss.handle.WssNotificationHandle.dealPing:129] - 发送pong:1729583310565
2024-10-22 15:48:35.826 [DEBUG] [pool-2-thread-9] [com.huobi.wss.handle.WssNotificationHandle.dealPing:129] - 发送pong:1729583315755
2024-10-22 15:48:41.045 [DEBUG] [pool-2-thread-10] [com.huobi.wss.handle.WssNotificationHandle.dealPing:129] - 发送pong:1729583320961
2024-10-22 15:48:46.215 [DEBUG] [pool-2-thread-1] [com.huobi.wss.handle.WssNotificationHandle.dealPing:129] - 发送pong:1729583326180
2024-10-22 15:48:51.423 [DEBUG] [pool-2-thread-3] [com.huobi.wss.handle.WssNotificationHandle.dealPing:129] - 发送pong:1729583331349
2024-10-22 15:48:56.605 [DEBUG] [pool-2-thread-2] [com.huobi.wss.handle.WssNotificationHandle.dealPing:129] - 发送pong:1729583336572
2024-10-22 15:49:01.774 [DEBUG] [pool-2-thread-4] [com.huobi.wss.handle.WssNotificationHandle.dealPing:129] - 发送pong:1729583341738
2024-10-22 15:49:06.963 [DEBUG] [pool-2-thread-5] [com.huobi.wss.handle.WssNotificationHandle.dealPing:129] - 发送pong:1729583346907
2024-10-22 15:49:12.168 [DEBUG] [pool-2-thread-6] [com.huobi.wss.handle.WssNotificationHandle.dealPing:129] - 发送pong:1729583352096
2024-10-22 15:49:20.172 [DEBUG] [pool-2-thread-7] [com.huobi.wss.handle.WssNotificationHandle.dealPing:129] - 发送pong:1729583360119
2024-10-22 15:49:25.343 [DEBUG] [pool-2-thread-8] [com.huobi.wss.handle.WssNotificationHandle.dealPing:129] - 发送pong:1729583365304
2024-10-22 15:49:30.505 [DEBUG] [pool-2-thread-9] [com.huobi.wss.handle.WssNotificationHandle.dealPing:129] - 发送pong:1729583370476
2024-10-22 15:49:35.651 [DEBUG] [pool-2-thread-10] [com.huobi.wss.handle.WssNotificationHandle.dealPing:129] - 发送pong:1729583375638
2024-10-22 15:49:40.797 [DEBUG] [pool-2-thread-1] [com.huobi.wss.handle.WssNotificationHandle.dealPing:129] - 发送pong:1729583380783
2024-10-22 15:49:45.963 [DEBUG] [pool-2-thread-3] [com.huobi.wss.handle.WssNotificationHandle.dealPing:129] - 发送pong:1729583385929
2024-10-22 15:49:51.138 [DEBUG] [pool-2-thread-2] [com.huobi.wss.handle.WssNotificationHandle.dealPing:129] - 发送pong:1729583391095
2024-10-22 15:49:56.311 [DEBUG] [pool-2-thread-4] [com.huobi.wss.handle.WssNotificationHandle.dealPing:129] - 发送pong:1729583396271
2024-10-22 15:50:01.499 [DEBUG] [pool-2-thread-5] [com.huobi.wss.handle.WssNotificationHandle.dealPing:129] - 发送pong:1729583401443
2024-10-22 15:50:02.557 [ERROR] [WebSocketConnectReadThread-27] [com.huobi.wss.handle.WssNotificationHandle.onClose:101] - onClose i:-1,s:,b:true
2024-10-22 15:50:02.560 [ERROR] [pool-1-thread-1] [com.huobi.wss.handle.WssNotificationHandle.run:193] - 重连的结果为：false
2024-10-22 15:50:02.560 [ERROR] [pool-1-thread-1] [com.huobi.wss.handle.WssNotificationHandle.run:196] - closeBlocking
2024-10-22 15:50:02.561 [ERROR] [pool-1-thread-1] [com.huobi.wss.handle.WssNotificationHandle.run:191] - isClosed:true,isClosing:false，准备重连
2024-10-22 15:50:06.680 [DEBUG] [pool-2-thread-6] [com.huobi.wss.handle.WssNotificationHandle.dealPing:129] - 发送pong:1729583406632
2024-10-22 15:50:11.845 [DEBUG] [pool-2-thread-7] [com.huobi.wss.handle.WssNotificationHandle.dealPing:129] - 发送pong:1729583411812
2024-10-22 15:50:20.165 [DEBUG] [pool-2-thread-8] [com.huobi.wss.handle.WssNotificationHandle.dealPing:129] - 发送pong:1729583420122
2024-10-22 15:50:22.675 [INFO] [WebSocketConnectReadThread-29] [com.huobi.wss.handle.WssNotificationHandle.addAuth:157] - before send 
2024-10-22 15:50:22.677 [INFO] [WebSocketConnectReadThread-29] [com.huobi.wss.handle.WssNotificationHandle.addAuth:159] - after send 
2024-10-22 15:50:22.677 [ERROR] [pool-1-thread-1] [com.huobi.wss.handle.WssNotificationHandle.run:193] - 重连的结果为：true
2024-10-22 15:50:25.325 [DEBUG] [pool-2-thread-9] [com.huobi.wss.handle.WssNotificationHandle.dealPing:129] - 发送pong:1729583425297
2024-10-22 15:50:30.486 [DEBUG] [pool-2-thread-10] [com.huobi.wss.handle.WssNotificationHandle.dealPing:129] - 发送pong:1729583430456
2024-10-22 15:50:35.670 [DEBUG] [pool-2-thread-1] [com.huobi.wss.handle.WssNotificationHandle.dealPing:129] - 发送pong:1729583435634
2024-10-22 15:50:37.968 [ERROR] [WebSocketConnectReadThread-29] [com.huobi.wss.handle.WssNotificationHandle.onClose:101] - onClose i:1006,s:,b:true
2024-10-22 15:50:40.844 [DEBUG] [pool-2-thread-3] [com.huobi.wss.handle.WssNotificationHandle.dealPing:129] - 发送pong:1729583440802
2024-10-22 15:50:43.481 [ERROR] [pool-1-thread-1] [com.huobi.wss.handle.WssNotificationHandle.run:191] - isClosed:true,isClosing:false，准备重连
2024-10-22 15:50:44.050 [INFO] [WebSocketConnectReadThread-34] [com.huobi.wss.handle.WssNotificationHandle.addAuth:157] - before send 
2024-10-22 15:50:44.051 [INFO] [WebSocketConnectReadThread-34] [com.huobi.wss.handle.WssNotificationHandle.addAuth:159] - after send 
2024-10-22 15:50:44.051 [ERROR] [pool-1-thread-1] [com.huobi.wss.handle.WssNotificationHandle.run:193] - 重连的结果为：true
2024-10-22 15:50:46.004 [DEBUG] [pool-2-thread-2] [com.huobi.wss.handle.WssNotificationHandle.dealPing:129] - 发送pong:1729583445975
2024-10-22 15:50:51.143 [DEBUG] [pool-2-thread-4] [com.huobi.wss.handle.WssNotificationHandle.dealPing:129] - 发送pong:1729583451134
2024-10-22 15:50:56.296 [DEBUG] [pool-2-thread-5] [com.huobi.wss.handle.WssNotificationHandle.dealPing:129] - 发送pong:1729583456275
2024-10-22 15:50:59.068 [ERROR] [WebSocketConnectReadThread-34] [com.huobi.wss.handle.WssNotificationHandle.onClose:101] - onClose i:1006,s:,b:true
2024-10-22 15:51:01.418 [DEBUG] [pool-2-thread-6] [com.huobi.wss.handle.WssNotificationHandle.dealPing:129] - 发送pong:1729583461428
2024-10-22 15:51:03.443 [ERROR] [pool-1-thread-1] [com.huobi.wss.handle.WssNotificationHandle.run:191] - isClosed:true,isClosing:false，准备重连
2024-10-22 15:51:04.241 [INFO] [WebSocketConnectReadThread-39] [com.huobi.wss.handle.WssNotificationHandle.addAuth:157] - before send 
2024-10-22 15:51:04.241 [INFO] [WebSocketConnectReadThread-39] [com.huobi.wss.handle.WssNotificationHandle.addAuth:159] - after send 
2024-10-22 15:51:04.242 [ERROR] [pool-1-thread-1] [com.huobi.wss.handle.WssNotificationHandle.run:193] - 重连的结果为：true
2024-10-22 15:51:06.568 [DEBUG] [pool-2-thread-7] [com.huobi.wss.handle.WssNotificationHandle.dealPing:129] - 发送pong:1729583466554
2024-10-22 15:51:11.731 [DEBUG] [pool-2-thread-8] [com.huobi.wss.handle.WssNotificationHandle.dealPing:129] - 发送pong:1729583471704
2024-10-22 15:51:19.229 [ERROR] [WebSocketConnectReadThread-39] [com.huobi.wss.handle.WssNotificationHandle.onClose:101] - onClose i:1006,s:,b:true
2024-10-22 15:51:20.118 [DEBUG] [pool-2-thread-9] [com.huobi.wss.handle.WssNotificationHandle.dealPing:129] - 发送pong:1729583480121
2024-10-22 15:51:22.682 [ERROR] [pool-1-thread-1] [com.huobi.wss.handle.WssNotificationHandle.run:191] - isClosed:true,isClosing:false，准备重连
2024-10-22 15:51:25.299 [DEBUG] [pool-2-thread-10] [com.huobi.wss.handle.WssNotificationHandle.dealPing:129] - 发送pong:1729583485252
2024-10-22 15:51:30.516 [DEBUG] [pool-2-thread-1] [com.huobi.wss.handle.WssNotificationHandle.dealPing:129] - 发送pong:1729583490433
2024-10-22 15:51:35.739 [DEBUG] [pool-2-thread-3] [com.huobi.wss.handle.WssNotificationHandle.dealPing:129] - 发送pong:1729583495646
2024-10-22 15:51:40.924 [DEBUG] [pool-2-thread-2] [com.huobi.wss.handle.WssNotificationHandle.dealPing:129] - 发送pong:1729583500869
2024-10-22 15:51:46.093 [DEBUG] [pool-2-thread-4] [com.huobi.wss.handle.WssNotificationHandle.dealPing:129] - 发送pong:1729583506054
2024-10-22 15:51:51.274 [DEBUG] [pool-2-thread-5] [com.huobi.wss.handle.WssNotificationHandle.dealPing:129] - 发送pong:1729583511223
2024-10-22 15:51:56.427 [DEBUG] [pool-2-thread-6] [com.huobi.wss.handle.WssNotificationHandle.dealPing:129] - 发送pong:1729583516404
2024-10-22 15:52:01.611 [DEBUG] [pool-2-thread-7] [com.huobi.wss.handle.WssNotificationHandle.dealPing:129] - 发送pong:1729583521557
2024-10-22 15:52:06.782 [DEBUG] [pool-2-thread-8] [com.huobi.wss.handle.WssNotificationHandle.dealPing:129] - 发送pong:1729583526743
2024-10-22 15:52:11.901 [DEBUG] [pool-2-thread-9] [com.huobi.wss.handle.WssNotificationHandle.dealPing:129] - 发送pong:1729583531912
2024-10-22 15:52:20.147 [DEBUG] [pool-2-thread-10] [com.huobi.wss.handle.WssNotificationHandle.dealPing:129] - 发送pong:1729583540179
2024-10-22 15:52:25.319 [DEBUG] [pool-2-thread-1] [com.huobi.wss.handle.WssNotificationHandle.dealPing:129] - 发送pong:1729583545337
2024-10-22 15:52:30.494 [DEBUG] [pool-2-thread-3] [com.huobi.wss.handle.WssNotificationHandle.dealPing:129] - 发送pong:1729583550510
2024-10-22 15:52:35.668 [DEBUG] [pool-2-thread-2] [com.huobi.wss.handle.WssNotificationHandle.dealPing:129] - 发送pong:1729583555699
2024-10-22 15:52:37.652 [ERROR] [WebSocketConnectReadThread-44] [com.huobi.wss.handle.WssNotificationHandle.onError:106] - onError:{}
java.net.ConnectException: Operation timed out (Connection timed out)
	at java.net.PlainSocketImpl.socketConnect(Native Method)
	at java.net.AbstractPlainSocketImpl.doConnect(AbstractPlainSocketImpl.java:476)
	at java.net.AbstractPlainSocketImpl.connectToAddress(AbstractPlainSocketImpl.java:218)
	at java.net.AbstractPlainSocketImpl.connect(AbstractPlainSocketImpl.java:200)
	at java.net.Socket.connect(Socket.java:606)
	at org.java_websocket.client.WebSocketClient.run(WebSocketClient.java:395)
	at java.lang.Thread.run(Thread.java:750)
2024-10-22 15:52:37.653 [ERROR] [WebSocketConnectReadThread-44] [com.huobi.wss.handle.WssNotificationHandle.onClose:101] - onClose i:-1,s:Operation timed out (Connection timed out),b:false
2024-10-22 15:52:37.654 [ERROR] [pool-1-thread-1] [com.huobi.wss.handle.WssNotificationHandle.run:193] - 重连的结果为：false
2024-10-22 15:52:37.654 [ERROR] [pool-1-thread-1] [com.huobi.wss.handle.WssNotificationHandle.run:196] - closeBlocking
2024-10-22 15:52:37.655 [ERROR] [pool-1-thread-1] [com.huobi.wss.handle.WssNotificationHandle.run:191] - isClosed:true,isClosing:false，准备重连
2024-10-22 15:52:38.560 [INFO] [WebSocketConnectReadThread-45] [com.huobi.wss.handle.WssNotificationHandle.addAuth:157] - before send 
2024-10-22 15:52:38.560 [INFO] [WebSocketConnectReadThread-45] [com.huobi.wss.handle.WssNotificationHandle.addAuth:159] - after send 
2024-10-22 15:52:38.561 [ERROR] [pool-1-thread-1] [com.huobi.wss.handle.WssNotificationHandle.run:193] - 重连的结果为：true
2024-10-22 15:52:40.836 [DEBUG] [pool-2-thread-4] [com.huobi.wss.handle.WssNotificationHandle.dealPing:129] - 发送pong:1729583560859
2024-10-22 15:52:46.011 [DEBUG] [pool-2-thread-5] [com.huobi.wss.handle.WssNotificationHandle.dealPing:129] - 发送pong:1729583566027
2024-10-22 15:52:51.190 [DEBUG] [pool-2-thread-6] [com.huobi.wss.handle.WssNotificationHandle.dealPing:129] - 发送pong:1729583571201
2024-10-22 15:52:53.868 [ERROR] [WebSocketConnectReadThread-45] [com.huobi.wss.handle.WssNotificationHandle.onClose:101] - onClose i:1006,s:,b:true
2024-10-22 15:52:53.996 [ERROR] [pool-1-thread-1] [com.huobi.wss.handle.WssNotificationHandle.run:191] - isClosed:true,isClosing:false，准备重连
2024-10-22 15:52:56.357 [DEBUG] [pool-2-thread-7] [com.huobi.wss.handle.WssNotificationHandle.dealPing:129] - 发送pong:1729583576381
2024-10-22 15:53:00.287 [INFO] [WebSocketConnectReadThread-13] [com.huobi.wss.handle.WssNotificationHandle.addAuth:174] - before send 
2024-10-22 15:53:00.292 [INFO] [WebSocketConnectReadThread-13] [com.huobi.wss.handle.WssNotificationHandle.addAuth:176] - after send 
2024-10-22 15:53:00.605 [INFO] [pool-2-thread-2] [com.huobi.future.wss.WssCenterNotificationSubHmac256Test.lambda$test1$0:30] - 用户收到的数据===============:{"op":"notify","topic":"public.futures.heartbeat","event":"init","ts":1729583580600,"data":{"heartbeat":1,"estimated_recovery_time":null}}
2024-10-22 15:53:00.629 [INFO] [pool-2-thread-2] [com.huobi.future.wss.WssCenterNotificationSubHmac256Test.lambda$test1$0:33] - ts为：1729583580600,当前的时间戳为：1729583580607,时间间隔为：7毫秒
2024-10-22 15:53:01.491 [DEBUG] [pool-2-thread-8] [com.huobi.wss.handle.WssNotificationHandle.dealPing:129] - 发送pong:1729583581550
2024-10-22 15:53:05.570 [DEBUG] [pool-2-thread-4] [com.huobi.wss.handle.WssNotificationHandle.dealPing:129] - 发送pong:1729583585601
2024-10-22 15:53:06.631 [DEBUG] [pool-2-thread-9] [com.huobi.wss.handle.WssNotificationHandle.dealPing:129] - 发送pong:1729583586681
2024-10-22 15:53:10.747 [DEBUG] [pool-2-thread-5] [com.huobi.wss.handle.WssNotificationHandle.dealPing:129] - 发送pong:1729583590761
2024-10-22 15:53:11.803 [DEBUG] [pool-2-thread-10] [com.huobi.wss.handle.WssNotificationHandle.dealPing:129] - 发送pong:1729583591822
2024-10-22 15:53:14.163 [INFO] [WebSocketConnectReadThread-48] [com.huobi.wss.handle.WssNotificationHandle.addAuth:157] - before send 
2024-10-22 15:53:14.164 [INFO] [WebSocketConnectReadThread-48] [com.huobi.wss.handle.WssNotificationHandle.addAuth:159] - after send 
2024-10-22 15:53:14.165 [ERROR] [pool-1-thread-1] [com.huobi.wss.handle.WssNotificationHandle.run:193] - 重连的结果为：true
2024-10-22 15:53:15.912 [DEBUG] [pool-2-thread-6] [com.huobi.wss.handle.WssNotificationHandle.dealPing:129] - 发送pong:1729583595938
2024-10-22 15:53:20.135 [DEBUG] [pool-2-thread-1] [com.huobi.wss.handle.WssNotificationHandle.dealPing:129] - 发送pong:1729583600178
2024-10-22 15:53:21.152 [DEBUG] [pool-2-thread-7] [com.huobi.wss.handle.WssNotificationHandle.dealPing:129] - 发送pong:1729583601106
2024-10-22 15:53:25.277 [DEBUG] [pool-2-thread-3] [com.huobi.wss.handle.WssNotificationHandle.dealPing:129] - 发送pong:1729583605325
2024-10-22 15:53:26.353 [DEBUG] [pool-2-thread-8] [com.huobi.wss.handle.WssNotificationHandle.dealPing:129] - 发送pong:1729583606358
2024-10-22 15:53:29.486 [ERROR] [WebSocketConnectReadThread-48] [com.huobi.wss.handle.WssNotificationHandle.onClose:101] - onClose i:1006,s:,b:true
2024-10-22 15:53:30.422 [DEBUG] [pool-2-thread-2] [com.huobi.wss.handle.WssNotificationHandle.dealPing:129] - 发送pong:1729583610468
2024-10-22 15:53:31.509 [DEBUG] [pool-2-thread-9] [com.huobi.wss.handle.WssNotificationHandle.dealPing:129] - 发送pong:1729583611544
2024-10-22 15:53:32.620 [ERROR] [pool-1-thread-1] [com.huobi.wss.handle.WssNotificationHandle.run:191] - isClosed:true,isClosing:false，准备重连
2024-10-22 15:53:35.593 [DEBUG] [pool-2-thread-4] [com.huobi.wss.handle.WssNotificationHandle.dealPing:129] - 发送pong:1729583615613
2024-10-22 15:53:36.739 [DEBUG] [pool-2-thread-10] [com.huobi.wss.handle.WssNotificationHandle.dealPing:129] - 发送pong:1729583616700
2024-10-22 15:53:40.756 [DEBUG] [pool-2-thread-5] [com.huobi.wss.handle.WssNotificationHandle.dealPing:129] - 发送pong:1729583620789
2024-10-22 15:53:41.935 [DEBUG] [pool-2-thread-1] [com.huobi.wss.handle.WssNotificationHandle.dealPing:129] - 发送pong:1729583621930
2024-10-22 15:53:45.910 [DEBUG] [pool-2-thread-6] [com.huobi.wss.handle.WssNotificationHandle.dealPing:129] - 发送pong:1729583625946
2024-10-22 15:53:47.127 [DEBUG] [pool-2-thread-3] [com.huobi.wss.handle.WssNotificationHandle.dealPing:129] - 发送pong:1729583627126
2024-10-22 15:53:51.047 [DEBUG] [pool-2-thread-7] [com.huobi.wss.handle.WssNotificationHandle.dealPing:129] - 发送pong:1729583631100
2024-10-22 15:53:52.296 [DEBUG] [pool-2-thread-2] [com.huobi.wss.handle.WssNotificationHandle.dealPing:129] - 发送pong:1729583632317
2024-10-22 15:53:56.168 [DEBUG] [pool-2-thread-8] [com.huobi.wss.handle.WssNotificationHandle.dealPing:129] - 发送pong:1729583636237
2024-10-22 15:53:57.471 [DEBUG] [pool-2-thread-4] [com.huobi.wss.handle.WssNotificationHandle.dealPing:129] - 发送pong:1729583637486
2024-10-22 15:54:00.087 [INFO] [WebSocketConnectReadThread-13] [com.huobi.wss.handle.WssNotificationHandle.addAuth:157] - before send 
2024-10-22 15:54:00.092 [INFO] [WebSocketConnectReadThread-13] [com.huobi.wss.handle.WssNotificationHandle.addAuth:159] - after send 
2024-10-22 15:54:01.379 [DEBUG] [pool-2-thread-9] [com.huobi.wss.handle.WssNotificationHandle.dealPing:129] - 发送pong:1729583641358
2024-10-22 15:54:05.235 [DEBUG] [pool-2-thread-5] [com.huobi.wss.handle.WssNotificationHandle.dealPing:129] - 发送pong:1729583645256
2024-10-22 15:54:06.527 [DEBUG] [pool-2-thread-10] [com.huobi.wss.handle.WssNotificationHandle.dealPing:129] - 发送pong:1729583646576
2024-10-22 15:54:08.204 [INFO] [WebSocketConnectReadThread-51] [com.huobi.wss.handle.WssNotificationHandle.addAuth:157] - before send 
2024-10-22 15:54:08.205 [INFO] [WebSocketConnectReadThread-51] [com.huobi.wss.handle.WssNotificationHandle.addAuth:159] - after send 
2024-10-22 15:54:08.205 [ERROR] [pool-1-thread-1] [com.huobi.wss.handle.WssNotificationHandle.run:193] - 重连的结果为：true
2024-10-22 15:54:10.367 [DEBUG] [pool-2-thread-6] [com.huobi.wss.handle.WssNotificationHandle.dealPing:129] - 发送pong:1729583650425
2024-10-22 15:54:11.663 [DEBUG] [pool-2-thread-1] [com.huobi.wss.handle.WssNotificationHandle.dealPing:129] - 发送pong:1729583651717
2024-10-22 15:54:15.360 [ERROR] [WebSocketConnectReadThread-13] [com.huobi.wss.handle.WssNotificationHandle.onClose:101] - onClose i:1006,s:,b:true
2024-10-22 15:54:15.552 [DEBUG] [pool-2-thread-7] [com.huobi.wss.handle.WssNotificationHandle.dealPing:129] - 发送pong:1729583655557
2024-10-22 15:54:20.700 [DEBUG] [pool-2-thread-8] [com.huobi.wss.handle.WssNotificationHandle.dealPing:129] - 发送pong:1729583660742
2024-10-22 15:54:25.835 [DEBUG] [pool-2-thread-9] [com.huobi.wss.handle.WssNotificationHandle.dealPing:129] - 发送pong:1729583665896
2024-10-22 15:54:54.864 [INFO] [WebSocketConnectReadThread-11] [com.huobi.wss.handle.WssNotificationHandle.addAuth:157] - before send 
2024-10-22 15:54:54.868 [INFO] [WebSocketConnectReadThread-11] [com.huobi.wss.handle.WssNotificationHandle.addAuth:159] - after send 
2024-10-22 15:55:10.115 [ERROR] [WebSocketConnectReadThread-11] [com.huobi.wss.handle.WssNotificationHandle.onClose:101] - onClose i:1006,s:,b:true
2024-10-22 15:55:41.113 [INFO] [WebSocketConnectReadThread-11] [com.huobi.wss.handle.WssNotificationHandle.addAuth:174] - before send 
2024-10-22 15:55:41.117 [INFO] [WebSocketConnectReadThread-11] [com.huobi.wss.handle.WssNotificationHandle.addAuth:176] - after send 
2024-10-22 15:55:41.364 [INFO] [pool-2-thread-2] [com.huobi.future.wss.WssCenterNotificationSubHmac256Test.lambda$test1$0:30] - 用户收到的数据===============:{"op":"notify","topic":"public.futures.heartbeat","event":"init","ts":1729583741407,"data":{"heartbeat":1,"estimated_recovery_time":null}}
2024-10-22 15:55:41.384 [INFO] [pool-2-thread-2] [com.huobi.future.wss.WssCenterNotificationSubHmac256Test.lambda$test1$0:33] - ts为：1729583741407,当前的时间戳为：1729583741366,时间间隔为：-41毫秒
2024-10-22 15:55:46.405 [DEBUG] [pool-2-thread-4] [com.huobi.wss.handle.WssNotificationHandle.dealPing:129] - 发送pong:1729583746408
2024-10-22 15:55:51.636 [DEBUG] [pool-2-thread-5] [com.huobi.wss.handle.WssNotificationHandle.dealPing:129] - 发送pong:1729583751595
2024-10-22 15:55:54.883 [ERROR] [pool-1-thread-1] [com.huobi.wss.handle.WssNotificationHandle.run:191] - isClosed:true,isClosing:false，准备重连
2024-10-22 15:55:56.891 [DEBUG] [pool-2-thread-6] [com.huobi.wss.handle.WssNotificationHandle.dealPing:129] - 发送pong:1729583756825
2024-10-22 15:56:02.077 [DEBUG] [pool-2-thread-7] [com.huobi.wss.handle.WssNotificationHandle.dealPing:129] - 发送pong:1729583762080
2024-10-22 15:56:07.212 [DEBUG] [pool-2-thread-8] [com.huobi.wss.handle.WssNotificationHandle.dealPing:129] - 发送pong:1729583767267
2024-10-22 15:56:12.333 [DEBUG] [pool-2-thread-9] [com.huobi.wss.handle.WssNotificationHandle.dealPing:129] - 发送pong:1729583772403
2024-10-22 15:56:33.694 [INFO] [WebSocketConnectReadThread-11] [com.huobi.wss.handle.WssNotificationHandle.addAuth:157] - before send 
2024-10-22 15:56:33.706 [INFO] [WebSocketConnectReadThread-11] [com.huobi.wss.handle.WssNotificationHandle.addAuth:159] - after send 
2024-10-22 15:56:33.988 [INFO] [pool-2-thread-2] [com.huobi.future.wss.WssCenterNotificationSubHmac256Test.lambda$test1$0:28] - 用户收到的数据===============:{"op":"notify","topic":"public.futures.heartbeat","event":"init","ts":1729583794012,"data":{"heartbeat":1,"estimated_recovery_time":null}}
2024-10-22 15:56:34.006 [INFO] [pool-2-thread-2] [com.huobi.future.wss.WssCenterNotificationSubHmac256Test.lambda$test1$0:31] - ts为：1729583794012,当前的时间戳为：1729583793990,时间间隔为：-22毫秒
2024-10-22 15:56:39.020 [DEBUG] [pool-2-thread-4] [com.huobi.wss.handle.WssNotificationHandle.dealPing:129] - 发送pong:1729583799013
2024-10-22 15:56:44.198 [DEBUG] [pool-2-thread-5] [com.huobi.wss.handle.WssNotificationHandle.dealPing:129] - 发送pong:1729583804210
2024-10-22 15:56:49.368 [DEBUG] [pool-2-thread-6] [com.huobi.wss.handle.WssNotificationHandle.dealPing:129] - 发送pong:1729583809393
2024-10-22 15:56:54.525 [DEBUG] [pool-2-thread-7] [com.huobi.wss.handle.WssNotificationHandle.dealPing:129] - 发送pong:1729583814558
2024-10-22 15:56:59.736 [DEBUG] [pool-2-thread-8] [com.huobi.wss.handle.WssNotificationHandle.dealPing:129] - 发送pong:1729583819719
2024-10-22 15:57:04.453 [ERROR] [WebSocketConnectReadThread-11] [com.huobi.wss.handle.WssNotificationHandle.onClose:101] - onClose i:-1,s:,b:true
2024-10-22 15:57:04.921 [DEBUG] [pool-2-thread-9] [com.huobi.wss.handle.WssNotificationHandle.dealPing:129] - 发送pong:1729583824925
2024-10-22 15:57:10.112 [DEBUG] [pool-2-thread-10] [com.huobi.wss.handle.WssNotificationHandle.dealPing:129] - 发送pong:1729583830113
2024-10-22 15:57:11.049 [ERROR] [WebSocketConnectReadThread-18] [com.huobi.wss.handle.WssNotificationHandle.onClose:101] - onClose i:-1,s:,b:true
2024-10-22 15:57:11.050 [ERROR] [pool-1-thread-1] [com.huobi.wss.handle.WssNotificationHandle.run:193] - 重连的结果为：false
2024-10-22 15:57:11.051 [ERROR] [pool-1-thread-1] [com.huobi.wss.handle.WssNotificationHandle.run:196] - closeBlocking
2024-10-22 15:57:11.051 [ERROR] [pool-1-thread-1] [com.huobi.wss.handle.WssNotificationHandle.run:191] - isClosed:true,isClosing:false，准备重连
2024-10-22 15:57:12.217 [INFO] [WebSocketConnectReadThread-20] [com.huobi.wss.handle.WssNotificationHandle.addAuth:157] - before send 
2024-10-22 15:57:12.217 [INFO] [WebSocketConnectReadThread-20] [com.huobi.wss.handle.WssNotificationHandle.addAuth:159] - after send 
2024-10-22 15:57:12.218 [ERROR] [pool-1-thread-1] [com.huobi.wss.handle.WssNotificationHandle.run:193] - 重连的结果为：true
2024-10-22 15:57:15.288 [DEBUG] [pool-2-thread-1] [com.huobi.wss.handle.WssNotificationHandle.dealPing:129] - 发送pong:1729583835301
2024-10-22 15:57:16.444 [ERROR] [WebSocketConnectReadThread-11] [com.huobi.wss.handle.WssNotificationHandle.onError:106] - onError:{}
java.net.ConnectException: Operation timed out (Connection timed out)
	at java.net.PlainSocketImpl.socketConnect(Native Method)
	at java.net.AbstractPlainSocketImpl.doConnect(AbstractPlainSocketImpl.java:476)
	at java.net.AbstractPlainSocketImpl.connectToAddress(AbstractPlainSocketImpl.java:218)
	at java.net.AbstractPlainSocketImpl.connect(AbstractPlainSocketImpl.java:200)
	at java.net.Socket.connect(Socket.java:606)
	at org.java_websocket.client.WebSocketClient.run(WebSocketClient.java:395)
	at java.lang.Thread.run(Thread.java:750)
2024-10-22 15:57:16.448 [ERROR] [WebSocketConnectReadThread-11] [com.huobi.wss.handle.WssNotificationHandle.onClose:101] - onClose i:-1,s:Operation timed out (Connection timed out),b:false
2024-10-22 15:57:20.509 [DEBUG] [pool-2-thread-3] [com.huobi.wss.handle.WssNotificationHandle.dealPing:129] - 发送pong:1729583840479
2024-10-22 15:57:25.676 [DEBUG] [pool-2-thread-2] [com.huobi.wss.handle.WssNotificationHandle.dealPing:129] - 发送pong:1729583845698
2024-10-22 15:57:27.551 [ERROR] [WebSocketConnectReadThread-20] [com.huobi.wss.handle.WssNotificationHandle.onClose:101] - onClose i:1006,s:,b:true
2024-10-22 15:57:30.865 [DEBUG] [pool-2-thread-4] [com.huobi.wss.handle.WssNotificationHandle.dealPing:129] - 发送pong:1729583850865
2024-10-22 15:57:34.879 [ERROR] [pool-1-thread-1] [com.huobi.wss.handle.WssNotificationHandle.run:191] - isClosed:true,isClosing:false，准备重连
2024-10-22 15:57:38.781 [DEBUG] [pool-2-thread-5] [com.huobi.wss.handle.WssNotificationHandle.dealPing:129] - 发送pong:1729583858837
2024-10-22 15:57:43.928 [DEBUG] [pool-2-thread-6] [com.huobi.wss.handle.WssNotificationHandle.dealPing:129] - 发送pong:1729583863972
2024-10-22 15:57:49.091 [DEBUG] [pool-2-thread-7] [com.huobi.wss.handle.WssNotificationHandle.dealPing:129] - 发送pong:1729583869117
2024-10-22 15:57:54.258 [DEBUG] [pool-2-thread-8] [com.huobi.wss.handle.WssNotificationHandle.dealPing:129] - 发送pong:1729583874279
2024-10-22 15:57:59.453 [DEBUG] [pool-2-thread-9] [com.huobi.wss.handle.WssNotificationHandle.dealPing:129] - 发送pong:1729583879446
2024-10-22 15:58:04.069 [ERROR] [WebSocketConnectReadThread-25] [com.huobi.wss.handle.WssNotificationHandle.onError:106] - onError:{}
java.net.ConnectException: Operation timed out (Connection timed out)
	at java.net.PlainSocketImpl.socketConnect(Native Method)
	at java.net.AbstractPlainSocketImpl.doConnect(AbstractPlainSocketImpl.java:476)
	at java.net.AbstractPlainSocketImpl.connectToAddress(AbstractPlainSocketImpl.java:218)
	at java.net.AbstractPlainSocketImpl.connect(AbstractPlainSocketImpl.java:200)
	at java.net.Socket.connect(Socket.java:606)
	at org.java_websocket.client.WebSocketClient.run(WebSocketClient.java:395)
	at java.lang.Thread.run(Thread.java:750)
2024-10-22 15:58:04.073 [ERROR] [WebSocketConnectReadThread-25] [com.huobi.wss.handle.WssNotificationHandle.onClose:101] - onClose i:-1,s:Operation timed out (Connection timed out),b:false
2024-10-22 15:58:04.074 [ERROR] [pool-1-thread-1] [com.huobi.wss.handle.WssNotificationHandle.run:193] - 重连的结果为：false
2024-10-22 15:58:04.076 [ERROR] [pool-1-thread-1] [com.huobi.wss.handle.WssNotificationHandle.run:196] - closeBlocking
2024-10-22 15:58:04.077 [ERROR] [pool-1-thread-1] [com.huobi.wss.handle.WssNotificationHandle.run:191] - isClosed:true,isClosing:false，准备重连
2024-10-22 15:58:04.621 [DEBUG] [pool-2-thread-10] [com.huobi.wss.handle.WssNotificationHandle.dealPing:129] - 发送pong:1729583884645
2024-10-22 15:58:04.903 [INFO] [WebSocketConnectReadThread-26] [com.huobi.wss.handle.WssNotificationHandle.addAuth:157] - before send 
2024-10-22 15:58:04.903 [INFO] [WebSocketConnectReadThread-26] [com.huobi.wss.handle.WssNotificationHandle.addAuth:159] - after send 
2024-10-22 15:58:04.904 [ERROR] [pool-1-thread-1] [com.huobi.wss.handle.WssNotificationHandle.run:193] - 重连的结果为：true
2024-10-22 15:58:09.858 [DEBUG] [pool-2-thread-1] [com.huobi.wss.handle.WssNotificationHandle.dealPing:129] - 发送pong:1729583889810
2024-10-22 15:58:15.032 [DEBUG] [pool-2-thread-3] [com.huobi.wss.handle.WssNotificationHandle.dealPing:129] - 发送pong:1729583895047
2024-10-22 15:58:19.950 [ERROR] [WebSocketConnectReadThread-26] [com.huobi.wss.handle.WssNotificationHandle.onClose:101] - onClose i:1006,s:,b:true
2024-10-22 15:58:20.224 [DEBUG] [pool-2-thread-2] [com.huobi.wss.handle.WssNotificationHandle.dealPing:129] - 发送pong:1729583900220
2024-10-22 15:58:22.223 [ERROR] [pool-1-thread-1] [com.huobi.wss.handle.WssNotificationHandle.run:191] - isClosed:true,isClosing:false，准备重连
2024-10-22 15:58:24.871 [INFO] [WebSocketConnectReadThread-31] [com.huobi.wss.handle.WssNotificationHandle.addAuth:157] - before send 
2024-10-22 15:58:24.871 [INFO] [WebSocketConnectReadThread-31] [com.huobi.wss.handle.WssNotificationHandle.addAuth:159] - after send 
2024-10-22 15:58:24.872 [ERROR] [pool-1-thread-1] [com.huobi.wss.handle.WssNotificationHandle.run:193] - 重连的结果为：true
2024-10-22 15:58:25.454 [DEBUG] [pool-2-thread-4] [com.huobi.wss.handle.WssNotificationHandle.dealPing:129] - 发送pong:1729583905423
2024-10-22 15:58:30.683 [DEBUG] [pool-2-thread-5] [com.huobi.wss.handle.WssNotificationHandle.dealPing:129] - 发送pong:1729583910642
2024-10-22 15:58:38.872 [DEBUG] [pool-2-thread-6] [com.huobi.wss.handle.WssNotificationHandle.dealPing:129] - 发送pong:1729583918831
2024-10-22 15:58:39.905 [ERROR] [WebSocketConnectReadThread-31] [com.huobi.wss.handle.WssNotificationHandle.onClose:101] - onClose i:1006,s:,b:true
2024-10-22 15:58:42.220 [ERROR] [pool-1-thread-1] [com.huobi.wss.handle.WssNotificationHandle.run:191] - isClosed:true,isClosing:false，准备重连
2024-10-22 15:58:43.351 [INFO] [WebSocketConnectReadThread-36] [com.huobi.wss.handle.WssNotificationHandle.addAuth:157] - before send 
2024-10-22 15:58:43.351 [INFO] [WebSocketConnectReadThread-36] [com.huobi.wss.handle.WssNotificationHandle.addAuth:159] - after send 
2024-10-22 15:58:43.352 [ERROR] [pool-1-thread-1] [com.huobi.wss.handle.WssNotificationHandle.run:193] - 重连的结果为：true
2024-10-22 15:58:44.115 [DEBUG] [pool-2-thread-7] [com.huobi.wss.handle.WssNotificationHandle.dealPing:129] - 发送pong:1729583924060
2024-10-22 15:58:49.396 [DEBUG] [pool-2-thread-8] [com.huobi.wss.handle.WssNotificationHandle.dealPing:129] - 发送pong:1729583929307
2024-10-22 15:58:54.735 [DEBUG] [pool-2-thread-9] [com.huobi.wss.handle.WssNotificationHandle.dealPing:129] - 发送pong:1729583934584
2024-10-22 15:58:58.750 [ERROR] [WebSocketConnectReadThread-36] [com.huobi.wss.handle.WssNotificationHandle.onClose:101] - onClose i:1006,s:,b:true
2024-10-22 15:58:59.964 [DEBUG] [pool-2-thread-10] [com.huobi.wss.handle.WssNotificationHandle.dealPing:129] - 发送pong:1729583939923
2024-10-22 15:59:02.223 [ERROR] [pool-1-thread-1] [com.huobi.wss.handle.WssNotificationHandle.run:191] - isClosed:true,isClosing:false，准备重连
2024-10-22 15:59:03.092 [INFO] [WebSocketConnectReadThread-41] [com.huobi.wss.handle.WssNotificationHandle.addAuth:157] - before send 
2024-10-22 15:59:03.092 [INFO] [WebSocketConnectReadThread-41] [com.huobi.wss.handle.WssNotificationHandle.addAuth:159] - after send 
2024-10-22 15:59:03.094 [ERROR] [pool-1-thread-1] [com.huobi.wss.handle.WssNotificationHandle.run:193] - 重连的结果为：true
2024-10-22 15:59:05.169 [DEBUG] [pool-2-thread-1] [com.huobi.wss.handle.WssNotificationHandle.dealPing:129] - 发送pong:1729583945155
2024-10-22 15:59:10.389 [DEBUG] [pool-2-thread-3] [com.huobi.wss.handle.WssNotificationHandle.dealPing:129] - 发送pong:1729583950360
2024-10-22 15:59:15.589 [DEBUG] [pool-2-thread-2] [com.huobi.wss.handle.WssNotificationHandle.dealPing:129] - 发送pong:1729583955579
2024-10-22 15:59:18.514 [ERROR] [WebSocketConnectReadThread-41] [com.huobi.wss.handle.WssNotificationHandle.onClose:101] - onClose i:1006,s:,b:true
2024-10-22 15:59:20.825 [DEBUG] [pool-2-thread-4] [com.huobi.wss.handle.WssNotificationHandle.dealPing:129] - 发送pong:1729583960776
2024-10-22 15:59:22.220 [ERROR] [pool-1-thread-1] [com.huobi.wss.handle.WssNotificationHandle.run:191] - isClosed:true,isClosing:false，准备重连
2024-10-22 15:59:26.170 [DEBUG] [pool-2-thread-5] [com.huobi.wss.handle.WssNotificationHandle.dealPing:129] - 发送pong:1729583966013
2024-10-22 15:59:31.407 [DEBUG] [pool-2-thread-6] [com.huobi.wss.handle.WssNotificationHandle.dealPing:129] - 发送pong:1729583971357
2024-10-22 15:59:38.920 [DEBUG] [pool-2-thread-7] [com.huobi.wss.handle.WssNotificationHandle.dealPing:129] - 发送pong:1729583978832
2024-10-22 15:59:44.139 [DEBUG] [pool-2-thread-8] [com.huobi.wss.handle.WssNotificationHandle.dealPing:129] - 发送pong:1729583984108
2024-10-22 15:59:49.365 [DEBUG] [pool-2-thread-9] [com.huobi.wss.handle.WssNotificationHandle.dealPing:129] - 发送pong:1729583989327
2024-10-22 15:59:54.571 [DEBUG] [pool-2-thread-10] [com.huobi.wss.handle.WssNotificationHandle.dealPing:129] - 发送pong:1729583994553
2024-10-22 15:59:59.858 [DEBUG] [pool-2-thread-1] [com.huobi.wss.handle.WssNotificationHandle.dealPing:129] - 发送pong:1729583999760
