2024-01-18 12:37:36.506 [ERROR] [WebSocketConnectReadThread-12] [com.huobi.wss.handle.WssMarketHandle.onError:98] - onError:
java.net.ConnectException: Connection timed out: connect
	at java.net.DualStackPlainSocketImpl.connect0(Native Method)
	at java.net.DualStackPlainSocketImpl.socketConnect(DualStackPlainSocketImpl.java:75)
	at java.net.AbstractPlainSocketImpl.doConnect(AbstractPlainSocketImpl.java:476)
	at java.net.AbstractPlainSocketImpl.connectToAddress(AbstractPlainSocketImpl.java:218)
	at java.net.AbstractPlainSocketImpl.connect(AbstractPlainSocketImpl.java:200)
	at java.net.PlainSocketImpl.connect(PlainSocketImpl.java:162)
	at java.net.Socket.connect(Socket.java:606)
	at org.java_websocket.client.WebSocketClient.run(WebSocketClient.java:395)
	at java.lang.Thread.run(Thread.java:750)
2024-01-18 12:37:36.516 [ERROR] [WebSocketConnectReadThread-12] [com.huobi.wss.handle.WssMarketHandle.onClose:93] - onClose i:-1,s:Connection timed out: connect,b:false
2024-01-18 12:39:13.702 [ERROR] [WebSocketConnectReadThread-12] [com.huobi.wss.handle.WssMarketHandle.onError:98] - onError:
java.net.ConnectException: Connection timed out: connect
	at java.net.DualStackPlainSocketImpl.connect0(Native Method)
	at java.net.DualStackPlainSocketImpl.socketConnect(DualStackPlainSocketImpl.java:75)
	at java.net.AbstractPlainSocketImpl.doConnect(AbstractPlainSocketImpl.java:476)
	at java.net.AbstractPlainSocketImpl.connectToAddress(AbstractPlainSocketImpl.java:218)
	at java.net.AbstractPlainSocketImpl.connect(AbstractPlainSocketImpl.java:200)
	at java.net.PlainSocketImpl.connect(PlainSocketImpl.java:162)
	at java.net.Socket.connect(Socket.java:606)
	at org.java_websocket.client.WebSocketClient.run(WebSocketClient.java:395)
	at java.lang.Thread.run(Thread.java:750)
2024-01-18 12:39:13.706 [ERROR] [WebSocketConnectReadThread-12] [com.huobi.wss.handle.WssMarketHandle.onClose:93] - onClose i:-1,s:Connection timed out: connect,b:false
2024-01-18 12:39:53.209 [ERROR] [WebSocketConnectReadThread-12] [com.huobi.wss.handle.WssMarketHandle.onError:98] - onError:
java.net.ConnectException: Connection timed out: connect
	at java.net.DualStackPlainSocketImpl.connect0(Native Method)
	at java.net.DualStackPlainSocketImpl.socketConnect(DualStackPlainSocketImpl.java:75)
	at java.net.AbstractPlainSocketImpl.doConnect(AbstractPlainSocketImpl.java:476)
	at java.net.AbstractPlainSocketImpl.connectToAddress(AbstractPlainSocketImpl.java:218)
	at java.net.AbstractPlainSocketImpl.connect(AbstractPlainSocketImpl.java:200)
	at java.net.PlainSocketImpl.connect(PlainSocketImpl.java:162)
	at java.net.Socket.connect(Socket.java:606)
	at org.java_websocket.client.WebSocketClient.run(WebSocketClient.java:395)
	at java.lang.Thread.run(Thread.java:750)
2024-01-18 12:39:53.212 [ERROR] [WebSocketConnectReadThread-12] [com.huobi.wss.handle.WssMarketHandle.onClose:93] - onClose i:-1,s:Connection timed out: connect,b:false
2024-01-18 12:40:37.310 [INFO] [pool-2-thread-1] [com.huobi.usdt.wss.WssMarketSubTest.lambda$test6$5:141] - 订阅买一卖一逐笔行情推送用户收到的数据===============:{"ch":"market.BTC-USDT.bbo","ts":1705552835109,"tick":{"mrid":100021894695098,"id":1705552835,"bid":[42709.9,4856],"ask":[42710,1225],"ts":1705552835106,"version":100021894695098,"ch":"market.BTC-USDT.bbo"}}
2024-01-18 12:40:37.324 [INFO] [pool-2-thread-1] [com.huobi.usdt.wss.WssMarketSubTest.lambda$test6$5:144] - 订阅买一卖一逐笔行情推送的ts为：1705552835109,当前的时间戳为：1705552837311,时间间隔为：2202毫秒
2024-01-18 12:40:37.715 [INFO] [pool-2-thread-1] [com.huobi.usdt.wss.WssMarketSubTest.lambda$test6$5:141] - 订阅买一卖一逐笔行情推送用户收到的数据===============:{"ch":"market.BTC-USDT.bbo","ts":1705552836320,"tick":{"mrid":100021894695315,"id":1705552836,"bid":[42709.9,4853],"ask":[42710,1225],"ts":1705552836318,"version":100021894695315,"ch":"market.BTC-USDT.bbo"}}
2024-01-18 12:40:37.716 [INFO] [pool-2-thread-1] [com.huobi.usdt.wss.WssMarketSubTest.lambda$test6$5:144] - 订阅买一卖一逐笔行情推送的ts为：1705552836320,当前的时间戳为：1705552837716,时间间隔为：1396毫秒
2024-01-18 12:40:37.866 [INFO] [pool-2-thread-1] [com.huobi.usdt.wss.WssMarketSubTest.lambda$test6$5:141] - 订阅买一卖一逐笔行情推送用户收到的数据===============:{"ch":"market.BTC-USDT.bbo","ts":1705552836468,"tick":{"mrid":100021894695351,"id":1705552836,"bid":[42709.9,4853],"ask":[42710,1090],"ts":1705552836465,"version":100021894695351,"ch":"market.BTC-USDT.bbo"}}
2024-01-18 12:40:37.866 [INFO] [pool-2-thread-1] [com.huobi.usdt.wss.WssMarketSubTest.lambda$test6$5:144] - 订阅买一卖一逐笔行情推送的ts为：1705552836468,当前的时间戳为：1705552837866,时间间隔为：1398毫秒
2024-01-18 12:40:37.867 [INFO] [pool-2-thread-1] [com.huobi.usdt.wss.WssMarketSubTest.lambda$test6$5:141] - 订阅买一卖一逐笔行情推送用户收到的数据===============:{"ch":"market.BTC-USDT.bbo","ts":1705552836469,"tick":{"mrid":100021894695352,"id":1705552836,"bid":[42709.9,4853],"ask":[42710,1015],"ts":1705552836465,"version":100021894695352,"ch":"market.BTC-USDT.bbo"}}
2024-01-18 12:40:37.868 [INFO] [pool-2-thread-1] [com.huobi.usdt.wss.WssMarketSubTest.lambda$test6$5:144] - 订阅买一卖一逐笔行情推送的ts为：1705552836469,当前的时间戳为：1705552837867,时间间隔为：1398毫秒
2024-01-18 12:40:37.892 [INFO] [pool-2-thread-1] [com.huobi.usdt.wss.WssMarketSubTest.lambda$test6$5:141] - 订阅买一卖一逐笔行情推送用户收到的数据===============:{"ch":"market.BTC-USDT.bbo","ts":1705552836493,"tick":{"mrid":100021894695360,"id":1705552836,"bid":[42709.9,4853],"ask":[42710,1573],"ts":1705552836491,"version":100021894695360,"ch":"market.BTC-USDT.bbo"}}
2024-01-18 12:40:37.893 [INFO] [pool-2-thread-1] [com.huobi.usdt.wss.WssMarketSubTest.lambda$test6$5:144] - 订阅买一卖一逐笔行情推送的ts为：1705552836493,当前的时间戳为：1705552837893,时间间隔为：1400毫秒
2024-01-18 12:40:38.491 [INFO] [pool-2-thread-1] [com.huobi.usdt.wss.WssMarketSubTest.lambda$test6$5:141] - 订阅买一卖一逐笔行情推送用户收到的数据===============:{"ch":"market.BTC-USDT.bbo","ts":1705552837099,"tick":{"mrid":100021894695477,"id":1705552837,"bid":[42709.9,4852],"ask":[42710,1573],"ts":1705552837097,"version":100021894695477,"ch":"market.BTC-USDT.bbo"}}
2024-01-18 12:40:38.492 [INFO] [pool-2-thread-1] [com.huobi.usdt.wss.WssMarketSubTest.lambda$test6$5:144] - 订阅买一卖一逐笔行情推送的ts为：1705552837099,当前的时间戳为：1705552838492,时间间隔为：1393毫秒
2024-01-18 12:40:38.588 [INFO] [pool-2-thread-1] [com.huobi.usdt.wss.WssMarketSubTest.lambda$test6$5:141] - 订阅买一卖一逐笔行情推送用户收到的数据===============:{"ch":"market.BTC-USDT.bbo","ts":1705552837193,"tick":{"mrid":100021894695517,"id":1705552837,"bid":[42709.9,4853],"ask":[42710,1573],"ts":1705552837192,"version":100021894695517,"ch":"market.BTC-USDT.bbo"}}
2024-01-18 12:40:38.588 [INFO] [pool-2-thread-1] [com.huobi.usdt.wss.WssMarketSubTest.lambda$test6$5:144] - 订阅买一卖一逐笔行情推送的ts为：1705552837193,当前的时间戳为：1705552838588,时间间隔为：1395毫秒
2024-01-18 12:40:38.929 [INFO] [pool-2-thread-1] [com.huobi.usdt.wss.WssMarketSubTest.lambda$test6$5:141] - 订阅买一卖一逐笔行情推送用户收到的数据===============:{"ch":"market.BTC-USDT.bbo","ts":1705552837528,"tick":{"mrid":100021894695594,"id":1705552837,"bid":[42709.9,4849],"ask":[42710,1573],"ts":1705552837525,"version":100021894695594,"ch":"market.BTC-USDT.bbo"}}
2024-01-18 12:40:38.930 [INFO] [pool-2-thread-1] [com.huobi.usdt.wss.WssMarketSubTest.lambda$test6$5:144] - 订阅买一卖一逐笔行情推送的ts为：1705552837528,当前的时间戳为：1705552838930,时间间隔为：1402毫秒
2024-01-18 12:40:39.262 [INFO] [pool-2-thread-1] [com.huobi.usdt.wss.WssMarketSubTest.lambda$test6$5:141] - 订阅买一卖一逐笔行情推送用户收到的数据===============:{"ch":"market.BTC-USDT.bbo","ts":1705552837868,"tick":{"mrid":100021894695718,"id":1705552837,"bid":[42709.9,4853],"ask":[42710,1573],"ts":1705552837866,"version":100021894695718,"ch":"market.BTC-USDT.bbo"}}
2024-01-18 12:40:39.263 [INFO] [pool-2-thread-1] [com.huobi.usdt.wss.WssMarketSubTest.lambda$test6$5:144] - 订阅买一卖一逐笔行情推送的ts为：1705552837868,当前的时间戳为：1705552839263,时间间隔为：1395毫秒
2024-01-18 12:40:39.498 [INFO] [pool-2-thread-1] [com.huobi.usdt.wss.WssMarketSubTest.lambda$test6$5:141] - 订阅买一卖一逐笔行情推送用户收到的数据===============:{"ch":"market.BTC-USDT.bbo","ts":1705552838105,"tick":{"mrid":100021894695763,"id":1705552838,"bid":[42709.9,4852],"ask":[42710,1573],"ts":1705552838103,"version":100021894695763,"ch":"market.BTC-USDT.bbo"}}
2024-01-18 12:40:39.498 [INFO] [pool-2-thread-1] [com.huobi.usdt.wss.WssMarketSubTest.lambda$test6$5:144] - 订阅买一卖一逐笔行情推送的ts为：1705552838105,当前的时间戳为：1705552839498,时间间隔为：1393毫秒
2024-01-18 12:40:39.601 [INFO] [pool-2-thread-1] [com.huobi.usdt.wss.WssMarketSubTest.lambda$test6$5:141] - 订阅买一卖一逐笔行情推送用户收到的数据===============:{"ch":"market.BTC-USDT.bbo","ts":1705552838208,"tick":{"mrid":100021894695787,"id":1705552838,"bid":[42709.9,4853],"ask":[42710,1573],"ts":1705552838206,"version":100021894695787,"ch":"market.BTC-USDT.bbo"}}
2024-01-18 12:40:39.602 [INFO] [pool-2-thread-1] [com.huobi.usdt.wss.WssMarketSubTest.lambda$test6$5:144] - 订阅买一卖一逐笔行情推送的ts为：1705552838208,当前的时间戳为：1705552839602,时间间隔为：1394毫秒
2024-01-18 12:40:40.493 [INFO] [pool-2-thread-1] [com.huobi.usdt.wss.WssMarketSubTest.lambda$test6$5:141] - 订阅买一卖一逐笔行情推送用户收到的数据===============:{"ch":"market.BTC-USDT.bbo","ts":1705552839098,"tick":{"mrid":100021894695927,"id":1705552839,"bid":[42709.9,4852],"ask":[42710,1573],"ts":1705552839096,"version":100021894695927,"ch":"market.BTC-USDT.bbo"}}
2024-01-18 12:40:40.495 [INFO] [pool-2-thread-1] [com.huobi.usdt.wss.WssMarketSubTest.lambda$test6$5:144] - 订阅买一卖一逐笔行情推送的ts为：1705552839098,当前的时间戳为：1705552840495,时间间隔为：1397毫秒
2024-01-18 12:40:40.597 [INFO] [pool-2-thread-1] [com.huobi.usdt.wss.WssMarketSubTest.lambda$test6$5:141] - 订阅买一卖一逐笔行情推送用户收到的数据===============:{"ch":"market.BTC-USDT.bbo","ts":1705552839205,"tick":{"mrid":100021894695962,"id":1705552839,"bid":[42709.9,4853],"ask":[42710,1573],"ts":1705552839203,"version":100021894695962,"ch":"market.BTC-USDT.bbo"}}
2024-01-18 12:40:40.598 [INFO] [pool-2-thread-1] [com.huobi.usdt.wss.WssMarketSubTest.lambda$test6$5:144] - 订阅买一卖一逐笔行情推送的ts为：1705552839205,当前的时间戳为：1705552840598,时间间隔为：1393毫秒
2024-01-18 12:40:41.276 [INFO] [pool-2-thread-1] [com.huobi.usdt.wss.WssMarketSubTest.lambda$test6$5:141] - 订阅买一卖一逐笔行情推送用户收到的数据===============:{"ch":"market.BTC-USDT.bbo","ts":1705552839880,"tick":{"mrid":100021894696121,"id":1705552839,"bid":[42709.9,4853],"ask":[42710,1015],"ts":1705552839879,"version":100021894696121,"ch":"market.BTC-USDT.bbo"}}
2024-01-18 12:40:41.276 [INFO] [pool-2-thread-1] [com.huobi.usdt.wss.WssMarketSubTest.lambda$test6$5:144] - 订阅买一卖一逐笔行情推送的ts为：1705552839880,当前的时间戳为：1705552841276,时间间隔为：1396毫秒
2024-01-18 12:40:41.277 [INFO] [pool-2-thread-1] [com.huobi.usdt.wss.WssMarketSubTest.lambda$test6$5:141] - 订阅买一卖一逐笔行情推送用户收到的数据===============:{"ch":"market.BTC-USDT.bbo","ts":1705552839883,"tick":{"mrid":100021894696122,"id":1705552839,"bid":[42709.9,4853],"ask":[42710,889],"ts":1705552839881,"version":100021894696122,"ch":"market.BTC-USDT.bbo"}}
2024-01-18 12:40:41.277 [INFO] [pool-2-thread-1] [com.huobi.usdt.wss.WssMarketSubTest.lambda$test6$5:144] - 订阅买一卖一逐笔行情推送的ts为：1705552839883,当前的时间戳为：1705552841277,时间间隔为：1394毫秒
2024-01-18 12:40:41.284 [INFO] [pool-2-thread-1] [com.huobi.usdt.wss.WssMarketSubTest.lambda$test6$5:141] - 订阅买一卖一逐笔行情推送用户收到的数据===============:{"ch":"market.BTC-USDT.bbo","ts":1705552839888,"tick":{"mrid":100021894696125,"id":1705552839,"bid":[42709.9,4953],"ask":[42710,889],"ts":1705552839885,"version":100021894696125,"ch":"market.BTC-USDT.bbo"}}
2024-01-18 12:40:41.285 [INFO] [pool-2-thread-1] [com.huobi.usdt.wss.WssMarketSubTest.lambda$test6$5:144] - 订阅买一卖一逐笔行情推送的ts为：1705552839888,当前的时间戳为：1705552841284,时间间隔为：1396毫秒
2024-01-18 12:40:41.302 [INFO] [pool-2-thread-1] [com.huobi.usdt.wss.WssMarketSubTest.lambda$test6$5:141] - 订阅买一卖一逐笔行情推送用户收到的数据===============:{"ch":"market.BTC-USDT.bbo","ts":1705552839904,"tick":{"mrid":100021894696137,"id":1705552839,"bid":[42709.9,4953],"ask":[42710,703],"ts":1705552839899,"version":100021894696137,"ch":"market.BTC-USDT.bbo"}}
2024-01-18 12:40:41.303 [INFO] [pool-2-thread-1] [com.huobi.usdt.wss.WssMarketSubTest.lambda$test6$5:144] - 订阅买一卖一逐笔行情推送的ts为：1705552839904,当前的时间戳为：1705552841303,时间间隔为：1399毫秒
2024-01-18 12:40:41.310 [INFO] [pool-2-thread-1] [com.huobi.usdt.wss.WssMarketSubTest.lambda$test6$5:141] - 订阅买一卖一逐笔行情推送用户收到的数据===============:{"ch":"market.BTC-USDT.bbo","ts":1705552839915,"tick":{"mrid":100021894696150,"id":1705552839,"bid":[42709.9,4953],"ask":[42713.1,843],"ts":1705552839912,"version":100021894696150,"ch":"market.BTC-USDT.bbo"}}
2024-01-18 12:40:41.310 [INFO] [pool-2-thread-1] [com.huobi.usdt.wss.WssMarketSubTest.lambda$test6$5:144] - 订阅买一卖一逐笔行情推送的ts为：1705552839915,当前的时间戳为：1705552841310,时间间隔为：1395毫秒
2024-01-18 12:40:41.310 [INFO] [pool-2-thread-1] [com.huobi.usdt.wss.WssMarketSubTest.lambda$test6$5:141] - 订阅买一卖一逐笔行情推送用户收到的数据===============:{"ch":"market.BTC-USDT.bbo","ts":1705552839916,"tick":{"mrid":100021894696153,"id":1705552839,"bid":[42713,117],"ask":[42713.1,843],"ts":1705552839914,"version":100021894696153,"ch":"market.BTC-USDT.bbo"}}
2024-01-18 12:40:41.311 [INFO] [pool-2-thread-1] [com.huobi.usdt.wss.WssMarketSubTest.lambda$test6$5:144] - 订阅买一卖一逐笔行情推送的ts为：1705552839916,当前的时间戳为：1705552841311,时间间隔为：1395毫秒
2024-01-18 12:40:41.315 [INFO] [pool-2-thread-1] [com.huobi.usdt.wss.WssMarketSubTest.lambda$test6$5:141] - 订阅买一卖一逐笔行情推送用户收到的数据===============:{"ch":"market.BTC-USDT.bbo","ts":1705552839922,"tick":{"mrid":100021894696156,"id":1705552839,"bid":[42713,117],"ask":[42714,1],"ts":1705552839919,"version":100021894696156,"ch":"market.BTC-USDT.bbo"}}
2024-01-18 12:40:41.316 [INFO] [pool-2-thread-1] [com.huobi.usdt.wss.WssMarketSubTest.lambda$test6$5:144] - 订阅买一卖一逐笔行情推送的ts为：1705552839922,当前的时间戳为：1705552841316,时间间隔为：1394毫秒
2024-01-18 12:40:41.329 [INFO] [pool-2-thread-1] [com.huobi.usdt.wss.WssMarketSubTest.lambda$test6$5:141] - 订阅买一卖一逐笔行情推送用户收到的数据===============:{"ch":"market.BTC-USDT.bbo","ts":1705552839928,"tick":{"mrid":100021894696170,"id":1705552839,"bid":[42713,234],"ask":[42714,1],"ts":1705552839924,"version":100021894696170,"ch":"market.BTC-USDT.bbo"}}
2024-01-18 12:40:41.329 [INFO] [pool-2-thread-1] [com.huobi.usdt.wss.WssMarketSubTest.lambda$test6$5:144] - 订阅买一卖一逐笔行情推送的ts为：1705552839928,当前的时间戳为：1705552841329,时间间隔为：1401毫秒
2024-01-18 12:40:41.330 [INFO] [pool-2-thread-1] [com.huobi.usdt.wss.WssMarketSubTest.lambda$test6$5:141] - 订阅买一卖一逐笔行情推送用户收到的数据===============:{"ch":"market.BTC-USDT.bbo","ts":1705552839928,"tick":{"mrid":100021894696171,"id":1705552839,"bid":[42713.9,24],"ask":[42714,1],"ts":1705552839925,"version":100021894696171,"ch":"market.BTC-USDT.bbo"}}
2024-01-18 12:40:41.330 [INFO] [pool-2-thread-1] [com.huobi.usdt.wss.WssMarketSubTest.lambda$test6$5:144] - 订阅买一卖一逐笔行情推送的ts为：1705552839928,当前的时间戳为：1705552841330,时间间隔为：1402毫秒
2024-01-18 12:40:41.330 [INFO] [pool-2-thread-1] [com.huobi.usdt.wss.WssMarketSubTest.lambda$test6$5:141] - 订阅买一卖一逐笔行情推送用户收到的数据===============:{"ch":"market.BTC-USDT.bbo","ts":1705552839937,"tick":{"mrid":100021894696196,"id":1705552839,"bid":[42713.9,24],"ask":[42714,136],"ts":1705552839934,"version":100021894696196,"ch":"market.BTC-USDT.bbo"}}
2024-01-18 12:40:41.330 [INFO] [pool-2-thread-1] [com.huobi.usdt.wss.WssMarketSubTest.lambda$test6$5:144] - 订阅买一卖一逐笔行情推送的ts为：1705552839937,当前的时间戳为：1705552841330,时间间隔为：1393毫秒
2024-01-18 12:40:41.334 [INFO] [pool-2-thread-1] [com.huobi.usdt.wss.WssMarketSubTest.lambda$test6$5:141] - 订阅买一卖一逐笔行情推送用户收到的数据===============:{"ch":"market.BTC-USDT.bbo","ts":1705552839938,"tick":{"mrid":100021894696202,"id":1705552839,"bid":[42713.9,25],"ask":[42714,136],"ts":1705552839935,"version":100021894696202,"ch":"market.BTC-USDT.bbo"}}
2024-01-18 12:40:41.334 [INFO] [pool-2-thread-1] [com.huobi.usdt.wss.WssMarketSubTest.lambda$test6$5:144] - 订阅买一卖一逐笔行情推送的ts为：1705552839938,当前的时间戳为：1705552841334,时间间隔为：1396毫秒
2024-01-18 12:40:41.335 [INFO] [pool-2-thread-1] [com.huobi.usdt.wss.WssMarketSubTest.lambda$test6$5:141] - 订阅买一卖一逐笔行情推送用户收到的数据===============:{"ch":"market.BTC-USDT.bbo","ts":1705552839939,"tick":{"mrid":100021894696203,"id":1705552839,"bid":[42713.9,1602],"ask":[42714,136],"ts":1705552839936,"version":100021894696203,"ch":"market.BTC-USDT.bbo"}}
2024-01-18 12:40:41.335 [INFO] [pool-2-thread-1] [com.huobi.usdt.wss.WssMarketSubTest.lambda$test6$5:144] - 订阅买一卖一逐笔行情推送的ts为：1705552839939,当前的时间戳为：1705552841335,时间间隔为：1396毫秒
2024-01-18 12:40:41.335 [INFO] [pool-2-thread-1] [com.huobi.usdt.wss.WssMarketSubTest.lambda$test6$5:141] - 订阅买一卖一逐笔行情推送用户收到的数据===============:{"ch":"market.BTC-USDT.bbo","ts":1705552839939,"tick":{"mrid":100021894696209,"id":1705552839,"bid":[42713.9,1718],"ask":[42714,136],"ts":1705552839937,"version":100021894696209,"ch":"market.BTC-USDT.bbo"}}
2024-01-18 12:40:41.336 [INFO] [pool-2-thread-1] [com.huobi.usdt.wss.WssMarketSubTest.lambda$test6$5:144] - 订阅买一卖一逐笔行情推送的ts为：1705552839939,当前的时间戳为：1705552841335,时间间隔为：1396毫秒
2024-01-18 12:40:41.341 [INFO] [pool-2-thread-1] [com.huobi.usdt.wss.WssMarketSubTest.lambda$test6$5:141] - 订阅买一卖一逐笔行情推送用户收到的数据===============:{"ch":"market.BTC-USDT.bbo","ts":1705552839942,"tick":{"mrid":100021894696216,"id":1705552839,"bid":[42713.9,1867],"ask":[42714,136],"ts":1705552839938,"version":100021894696216,"ch":"market.BTC-USDT.bbo"}}
2024-01-18 12:40:41.341 [INFO] [pool-2-thread-1] [com.huobi.usdt.wss.WssMarketSubTest.lambda$test6$5:144] - 订阅买一卖一逐笔行情推送的ts为：1705552839942,当前的时间戳为：1705552841341,时间间隔为：1399毫秒
2024-01-18 12:40:41.342 [INFO] [pool-2-thread-1] [com.huobi.usdt.wss.WssMarketSubTest.lambda$test6$5:141] - 订阅买一卖一逐笔行情推送用户收到的数据===============:{"ch":"market.BTC-USDT.bbo","ts":1705552839945,"tick":{"mrid":100021894696236,"id":1705552839,"bid":[42713.9,2302],"ask":[42714,136],"ts":1705552839943,"version":100021894696236,"ch":"market.BTC-USDT.bbo"}}
2024-01-18 12:40:41.342 [INFO] [pool-2-thread-1] [com.huobi.usdt.wss.WssMarketSubTest.lambda$test6$5:144] - 订阅买一卖一逐笔行情推送的ts为：1705552839945,当前的时间戳为：1705552841342,时间间隔为：1397毫秒
2024-01-18 12:40:41.342 [INFO] [pool-2-thread-1] [com.huobi.usdt.wss.WssMarketSubTest.lambda$test6$5:141] - 订阅买一卖一逐笔行情推送用户收到的数据===============:{"ch":"market.BTC-USDT.bbo","ts":1705552839947,"tick":{"mrid":100021894696240,"id":1705552839,"bid":[42713.9,2302],"ask":[42714,694],"ts":1705552839943,"version":100021894696240,"ch":"market.BTC-USDT.bbo"}}
2024-01-18 12:40:41.342 [INFO] [pool-2-thread-1] [com.huobi.usdt.wss.WssMarketSubTest.lambda$test6$5:144] - 订阅买一卖一逐笔行情推送的ts为：1705552839947,当前的时间戳为：1705552841342,时间间隔为：1395毫秒
2024-01-18 12:40:41.346 [INFO] [pool-2-thread-1] [com.huobi.usdt.wss.WssMarketSubTest.lambda$test6$5:141] - 订阅买一卖一逐笔行情推送用户收到的数据===============:{"ch":"market.BTC-USDT.bbo","ts":1705552839951,"tick":{"mrid":100021894696255,"id":1705552839,"bid":[42713.9,2303],"ask":[42714,694],"ts":1705552839948,"version":100021894696255,"ch":"market.BTC-USDT.bbo"}}
2024-01-18 12:40:41.347 [INFO] [pool-2-thread-1] [com.huobi.usdt.wss.WssMarketSubTest.lambda$test6$5:144] - 订阅买一卖一逐笔行情推送的ts为：1705552839951,当前的时间戳为：1705552841347,时间间隔为：1396毫秒
2024-01-18 12:40:41.347 [INFO] [pool-2-thread-1] [com.huobi.usdt.wss.WssMarketSubTest.lambda$test6$5:141] - 订阅买一卖一逐笔行情推送用户收到的数据===============:{"ch":"market.BTC-USDT.bbo","ts":1705552839951,"tick":{"mrid":100021894696256,"id":1705552839,"bid":[42713.9,2407],"ask":[42714,694],"ts":1705552839948,"version":100021894696256,"ch":"market.BTC-USDT.bbo"}}
2024-01-18 12:40:41.347 [INFO] [pool-2-thread-1] [com.huobi.usdt.wss.WssMarketSubTest.lambda$test6$5:144] - 订阅买一卖一逐笔行情推送的ts为：1705552839951,当前的时间戳为：1705552841347,时间间隔为：1396毫秒
2024-01-18 12:40:41.348 [INFO] [pool-2-thread-1] [com.huobi.usdt.wss.WssMarketSubTest.lambda$test6$5:141] - 订阅买一卖一逐笔行情推送用户收到的数据===============:{"ch":"market.BTC-USDT.bbo","ts":1705552839951,"tick":{"mrid":100021894696260,"id":1705552839,"bid":[42713.9,2508],"ask":[42714,694],"ts":1705552839949,"version":100021894696260,"ch":"market.BTC-USDT.bbo"}}
2024-01-18 12:40:41.348 [INFO] [pool-2-thread-1] [com.huobi.usdt.wss.WssMarketSubTest.lambda$test6$5:144] - 订阅买一卖一逐笔行情推送的ts为：1705552839951,当前的时间戳为：1705552841348,时间间隔为：1397毫秒
2024-01-18 12:40:41.348 [INFO] [pool-2-thread-1] [com.huobi.usdt.wss.WssMarketSubTest.lambda$test6$5:141] - 订阅买一卖一逐笔行情推送用户收到的数据===============:{"ch":"market.BTC-USDT.bbo","ts":1705552839953,"tick":{"mrid":100021894696266,"id":1705552839,"bid":[42713.9,2730],"ask":[42714,694],"ts":1705552839951,"version":100021894696266,"ch":"market.BTC-USDT.bbo"}}
2024-01-18 12:40:41.348 [INFO] [pool-2-thread-1] [com.huobi.usdt.wss.WssMarketSubTest.lambda$test6$5:144] - 订阅买一卖一逐笔行情推送的ts为：1705552839953,当前的时间戳为：1705552841348,时间间隔为：1395毫秒
2024-01-18 12:40:41.355 [INFO] [pool-2-thread-1] [com.huobi.usdt.wss.WssMarketSubTest.lambda$test6$5:141] - 订阅买一卖一逐笔行情推送用户收到的数据===============:{"ch":"market.BTC-USDT.bbo","ts":1705552839956,"tick":{"mrid":100021894696275,"id":1705552839,"bid":[42713.9,2730],"ask":[42714,874],"ts":1705552839953,"version":100021894696275,"ch":"market.BTC-USDT.bbo"}}
2024-01-18 12:40:41.356 [INFO] [pool-2-thread-1] [com.huobi.usdt.wss.WssMarketSubTest.lambda$test6$5:144] - 订阅买一卖一逐笔行情推送的ts为：1705552839956,当前的时间戳为：1705552841356,时间间隔为：1400毫秒
2024-01-18 12:40:41.356 [INFO] [pool-2-thread-1] [com.huobi.usdt.wss.WssMarketSubTest.lambda$test6$5:141] - 订阅买一卖一逐笔行情推送用户收到的数据===============:{"ch":"market.BTC-USDT.bbo","ts":1705552839957,"tick":{"mrid":100021894696282,"id":1705552839,"bid":[42713.9,2844],"ask":[42714,874],"ts":1705552839954,"version":100021894696282,"ch":"market.BTC-USDT.bbo"}}
2024-01-18 12:40:41.357 [INFO] [pool-2-thread-1] [com.huobi.usdt.wss.WssMarketSubTest.lambda$test6$5:144] - 订阅买一卖一逐笔行情推送的ts为：1705552839957,当前的时间戳为：1705552841356,时间间隔为：1399毫秒
2024-01-18 12:40:41.357 [INFO] [pool-2-thread-1] [com.huobi.usdt.wss.WssMarketSubTest.lambda$test6$5:141] - 订阅买一卖一逐笔行情推送用户收到的数据===============:{"ch":"market.BTC-USDT.bbo","ts":1705552839957,"tick":{"mrid":100021894696284,"id":1705552839,"bid":[42713.9,4044],"ask":[42714,874],"ts":1705552839955,"version":100021894696284,"ch":"market.BTC-USDT.bbo"}}
2024-01-18 12:40:41.357 [INFO] [pool-2-thread-1] [com.huobi.usdt.wss.WssMarketSubTest.lambda$test6$5:144] - 订阅买一卖一逐笔行情推送的ts为：1705552839957,当前的时间戳为：1705552841357,时间间隔为：1400毫秒
2024-01-18 12:40:41.357 [INFO] [pool-2-thread-1] [com.huobi.usdt.wss.WssMarketSubTest.lambda$test6$5:141] - 订阅买一卖一逐笔行情推送用户收到的数据===============:{"ch":"market.BTC-USDT.bbo","ts":1705552839958,"tick":{"mrid":100021894696290,"id":1705552839,"bid":[42713.9,4252],"ask":[42714,874],"ts":1705552839955,"version":100021894696290,"ch":"market.BTC-USDT.bbo"}}
2024-01-18 12:40:41.357 [INFO] [pool-2-thread-1] [com.huobi.usdt.wss.WssMarketSubTest.lambda$test6$5:144] - 订阅买一卖一逐笔行情推送的ts为：1705552839958,当前的时间戳为：1705552841357,时间间隔为：1399毫秒
2024-01-18 12:40:41.358 [INFO] [pool-2-thread-1] [com.huobi.usdt.wss.WssMarketSubTest.lambda$test6$5:141] - 订阅买一卖一逐笔行情推送用户收到的数据===============:{"ch":"market.BTC-USDT.bbo","ts":1705552839959,"tick":{"mrid":100021894696291,"id":1705552839,"bid":[42713.9,4252],"ask":[42714,1577],"ts":1705552839956,"version":100021894696291,"ch":"market.BTC-USDT.bbo"}}
2024-01-18 12:40:41.358 [INFO] [pool-2-thread-1] [com.huobi.usdt.wss.WssMarketSubTest.lambda$test6$5:144] - 订阅买一卖一逐笔行情推送的ts为：1705552839959,当前的时间戳为：1705552841358,时间间隔为：1399毫秒
2024-01-18 12:40:41.358 [INFO] [pool-2-thread-1] [com.huobi.usdt.wss.WssMarketSubTest.lambda$test6$5:141] - 订阅买一卖一逐笔行情推送用户收到的数据===============:{"ch":"market.BTC-USDT.bbo","ts":1705552839962,"tick":{"mrid":100021894696298,"id":1705552839,"bid":[42713.9,4537],"ask":[42714,1577],"ts":1705552839959,"version":100021894696298,"ch":"market.BTC-USDT.bbo"}}
2024-01-18 12:40:41.358 [INFO] [pool-2-thread-1] [com.huobi.usdt.wss.WssMarketSubTest.lambda$test6$5:144] - 订阅买一卖一逐笔行情推送的ts为：1705552839962,当前的时间戳为：1705552841358,时间间隔为：1396毫秒
2024-01-18 12:40:41.358 [INFO] [pool-2-thread-1] [com.huobi.usdt.wss.WssMarketSubTest.lambda$test6$5:141] - 订阅买一卖一逐笔行情推送用户收到的数据===============:{"ch":"market.BTC-USDT.bbo","ts":1705552839962,"tick":{"mrid":100021894696300,"id":1705552839,"bid":[42713.9,4541],"ask":[42714,1577],"ts":1705552839959,"version":100021894696300,"ch":"market.BTC-USDT.bbo"}}
2024-01-18 12:40:41.359 [INFO] [pool-2-thread-1] [com.huobi.usdt.wss.WssMarketSubTest.lambda$test6$5:144] - 订阅买一卖一逐笔行情推送的ts为：1705552839962,当前的时间戳为：1705552841358,时间间隔为：1396毫秒
2024-01-18 12:40:41.362 [INFO] [pool-2-thread-1] [com.huobi.usdt.wss.WssMarketSubTest.lambda$test6$5:141] - 订阅买一卖一逐笔行情推送用户收到的数据===============:{"ch":"market.BTC-USDT.bbo","ts":1705552839963,"tick":{"mrid":100021894696303,"id":1705552839,"bid":[42713.9,4617],"ask":[42714,1577],"ts":1705552839960,"version":100021894696303,"ch":"market.BTC-USDT.bbo"}}
2024-01-18 12:40:41.363 [INFO] [pool-2-thread-1] [com.huobi.usdt.wss.WssMarketSubTest.lambda$test6$5:144] - 订阅买一卖一逐笔行情推送的ts为：1705552839963,当前的时间戳为：1705552841363,时间间隔为：1400毫秒
2024-01-18 12:40:41.365 [INFO] [pool-2-thread-1] [com.huobi.usdt.wss.WssMarketSubTest.lambda$test6$5:141] - 订阅买一卖一逐笔行情推送用户收到的数据===============:{"ch":"market.BTC-USDT.bbo","ts":1705552839966,"tick":{"mrid":100021894696313,"id":1705552839,"bid":[42713.9,4815],"ask":[42714,1577],"ts":1705552839963,"version":100021894696313,"ch":"market.BTC-USDT.bbo"}}
2024-01-18 12:40:41.365 [INFO] [pool-2-thread-1] [com.huobi.usdt.wss.WssMarketSubTest.lambda$test6$5:144] - 订阅买一卖一逐笔行情推送的ts为：1705552839966,当前的时间戳为：1705552841365,时间间隔为：1399毫秒
2024-01-18 12:40:41.372 [INFO] [pool-2-thread-1] [com.huobi.usdt.wss.WssMarketSubTest.lambda$test6$5:141] - 订阅买一卖一逐笔行情推送用户收到的数据===============:{"ch":"market.BTC-USDT.bbo","ts":1705552839976,"tick":{"mrid":100021894696329,"id":1705552839,"bid":[42713.9,3238],"ask":[42714,1577],"ts":1705552839973,"version":100021894696329,"ch":"market.BTC-USDT.bbo"}}
2024-01-18 12:40:41.373 [INFO] [pool-2-thread-1] [com.huobi.usdt.wss.WssMarketSubTest.lambda$test6$5:144] - 订阅买一卖一逐笔行情推送的ts为：1705552839976,当前的时间戳为：1705552841372,时间间隔为：1396毫秒
2024-01-18 12:40:41.373 [INFO] [pool-2-thread-1] [com.huobi.usdt.wss.WssMarketSubTest.lambda$test6$5:141] - 订阅买一卖一逐笔行情推送用户收到的数据===============:{"ch":"market.BTC-USDT.bbo","ts":1705552839976,"tick":{"mrid":100021894696331,"id":1705552839,"bid":[42713.9,4262],"ask":[42714,1577],"ts":1705552839974,"version":100021894696331,"ch":"market.BTC-USDT.bbo"}}
2024-01-18 12:40:41.373 [INFO] [pool-2-thread-1] [com.huobi.usdt.wss.WssMarketSubTest.lambda$test6$5:144] - 订阅买一卖一逐笔行情推送的ts为：1705552839976,当前的时间戳为：1705552841373,时间间隔为：1397毫秒
2024-01-18 12:40:41.373 [INFO] [pool-2-thread-1] [com.huobi.usdt.wss.WssMarketSubTest.lambda$test6$5:141] - 订阅买一卖一逐笔行情推送用户收到的数据===============:{"ch":"market.BTC-USDT.bbo","ts":1705552839977,"tick":{"mrid":100021894696332,"id":1705552839,"bid":[42713.9,4262],"ask":[42714,1727],"ts":1705552839975,"version":100021894696332,"ch":"market.BTC-USDT.bbo"}}
2024-01-18 12:40:41.373 [INFO] [pool-2-thread-1] [com.huobi.usdt.wss.WssMarketSubTest.lambda$test6$5:144] - 订阅买一卖一逐笔行情推送的ts为：1705552839977,当前的时间戳为：1705552841373,时间间隔为：1396毫秒
2024-01-18 12:40:41.383 [INFO] [pool-2-thread-1] [com.huobi.usdt.wss.WssMarketSubTest.lambda$test6$5:141] - 订阅买一卖一逐笔行情推送用户收到的数据===============:{"ch":"market.BTC-USDT.bbo","ts":1705552839988,"tick":{"mrid":100021894696343,"id":1705552839,"bid":[42713.9,4598],"ask":[42714,1727],"ts":1705552839986,"version":100021894696343,"ch":"market.BTC-USDT.bbo"}}
2024-01-18 12:40:41.384 [INFO] [pool-2-thread-1] [com.huobi.usdt.wss.WssMarketSubTest.lambda$test6$5:144] - 订阅买一卖一逐笔行情推送的ts为：1705552839988,当前的时间戳为：1705552841383,时间间隔为：1395毫秒
2024-01-18 12:40:41.400 [INFO] [pool-2-thread-1] [com.huobi.usdt.wss.WssMarketSubTest.lambda$test6$5:141] - 订阅买一卖一逐笔行情推送用户收到的数据===============:{"ch":"market.BTC-USDT.bbo","ts":1705552840003,"tick":{"mrid":100021894696357,"id":1705552839,"bid":[42713.9,4598],"ask":[42714,1853],"ts":1705552839999,"version":100021894696357,"ch":"market.BTC-USDT.bbo"}}
2024-01-18 12:40:41.400 [INFO] [pool-2-thread-1] [com.huobi.usdt.wss.WssMarketSubTest.lambda$test6$5:144] - 订阅买一卖一逐笔行情推送的ts为：1705552840003,当前的时间戳为：1705552841400,时间间隔为：1397毫秒
2024-01-18 12:40:41.401 [INFO] [pool-2-thread-1] [com.huobi.usdt.wss.WssMarketSubTest.lambda$test6$5:141] - 订阅买一卖一逐笔行情推送用户收到的数据===============:{"ch":"market.BTC-USDT.bbo","ts":1705552840004,"tick":{"mrid":100021894696358,"id":1705552840,"bid":[42713.9,5571],"ask":[42714,1853],"ts":1705552840002,"version":100021894696358,"ch":"market.BTC-USDT.bbo"}}
2024-01-18 12:40:41.402 [INFO] [pool-2-thread-1] [com.huobi.usdt.wss.WssMarketSubTest.lambda$test6$5:144] - 订阅买一卖一逐笔行情推送的ts为：1705552840004,当前的时间戳为：1705552841402,时间间隔为：1398毫秒
2024-01-18 12:40:41.408 [INFO] [pool-2-thread-1] [com.huobi.usdt.wss.WssMarketSubTest.lambda$test6$5:141] - 订阅买一卖一逐笔行情推送用户收到的数据===============:{"ch":"market.BTC-USDT.bbo","ts":1705552840010,"tick":{"mrid":100021894696368,"id":1705552840,"bid":[42713.9,4598],"ask":[42714,1853],"ts":1705552840007,"version":100021894696368,"ch":"market.BTC-USDT.bbo"}}
2024-01-18 12:40:41.408 [INFO] [pool-2-thread-1] [com.huobi.usdt.wss.WssMarketSubTest.lambda$test6$5:144] - 订阅买一卖一逐笔行情推送的ts为：1705552840010,当前的时间戳为：1705552841408,时间间隔为：1398毫秒
2024-01-18 12:40:41.408 [INFO] [pool-2-thread-1] [com.huobi.usdt.wss.WssMarketSubTest.lambda$test6$5:141] - 订阅买一卖一逐笔行情推送用户收到的数据===============:{"ch":"market.BTC-USDT.bbo","ts":1705552840010,"tick":{"mrid":100021894696370,"id":1705552840,"bid":[42713.9,4658],"ask":[42714,1853],"ts":1705552840008,"version":100021894696370,"ch":"market.BTC-USDT.bbo"}}
2024-01-18 12:40:41.408 [INFO] [pool-2-thread-1] [com.huobi.usdt.wss.WssMarketSubTest.lambda$test6$5:144] - 订阅买一卖一逐笔行情推送的ts为：1705552840010,当前的时间戳为：1705552841408,时间间隔为：1398毫秒
2024-01-18 12:40:41.426 [INFO] [pool-2-thread-1] [com.huobi.usdt.wss.WssMarketSubTest.lambda$test6$5:141] - 订阅买一卖一逐笔行情推送用户收到的数据===============:{"ch":"market.BTC-USDT.bbo","ts":1705552840015,"tick":{"mrid":100021894696376,"id":1705552840,"bid":[42713.9,4450],"ask":[42714,1853],"ts":1705552840012,"version":100021894696376,"ch":"market.BTC-USDT.bbo"}}
2024-01-18 12:40:41.426 [INFO] [pool-2-thread-1] [com.huobi.usdt.wss.WssMarketSubTest.lambda$test6$5:144] - 订阅买一卖一逐笔行情推送的ts为：1705552840015,当前的时间戳为：1705552841426,时间间隔为：1411毫秒
2024-01-18 12:40:41.429 [INFO] [pool-2-thread-1] [com.huobi.usdt.wss.WssMarketSubTest.lambda$test6$5:141] - 订阅买一卖一逐笔行情推送用户收到的数据===============:{"ch":"market.BTC-USDT.bbo","ts":1705552840034,"tick":{"mrid":100021894696389,"id":1705552840,"bid":[42713.9,4566],"ask":[42714,1853],"ts":1705552840032,"version":100021894696389,"ch":"market.BTC-USDT.bbo"}}
2024-01-18 12:40:41.429 [INFO] [pool-2-thread-1] [com.huobi.usdt.wss.WssMarketSubTest.lambda$test6$5:144] - 订阅买一卖一逐笔行情推送的ts为：1705552840034,当前的时间戳为：1705552841429,时间间隔为：1395毫秒
2024-01-18 12:40:41.443 [INFO] [pool-2-thread-1] [com.huobi.usdt.wss.WssMarketSubTest.lambda$test6$5:141] - 订阅买一卖一逐笔行情推送用户收到的数据===============:{"ch":"market.BTC-USDT.bbo","ts":1705552840046,"tick":{"mrid":100021894696398,"id":1705552840,"bid":[42713.9,5539],"ask":[42714,1853],"ts":1705552840044,"version":100021894696398,"ch":"market.BTC-USDT.bbo"}}
2024-01-18 12:40:41.444 [INFO] [pool-2-thread-1] [com.huobi.usdt.wss.WssMarketSubTest.lambda$test6$5:144] - 订阅买一卖一逐笔行情推送的ts为：1705552840046,当前的时间戳为：1705552841444,时间间隔为：1398毫秒
2024-01-18 12:40:41.505 [INFO] [pool-2-thread-1] [com.huobi.usdt.wss.WssMarketSubTest.lambda$test6$5:141] - 订阅买一卖一逐笔行情推送用户收到的数据===============:{"ch":"market.BTC-USDT.bbo","ts":1705552840109,"tick":{"mrid":100021894696424,"id":1705552840,"bid":[42713.9,6160],"ask":[42714,1853],"ts":1705552840107,"version":100021894696424,"ch":"market.BTC-USDT.bbo"}}
2024-01-18 12:40:41.505 [INFO] [pool-2-thread-1] [com.huobi.usdt.wss.WssMarketSubTest.lambda$test6$5:144] - 订阅买一卖一逐笔行情推送的ts为：1705552840109,当前的时间戳为：1705552841505,时间间隔为：1396毫秒
2024-01-18 12:40:41.587 [INFO] [pool-2-thread-1] [com.huobi.usdt.wss.WssMarketSubTest.lambda$test6$5:141] - 订阅买一卖一逐笔行情推送用户收到的数据===============:{"ch":"market.BTC-USDT.bbo","ts":1705552840194,"tick":{"mrid":100021894696440,"id":1705552840,"bid":[42713.9,6161],"ask":[42714,1853],"ts":1705552840192,"version":100021894696440,"ch":"market.BTC-USDT.bbo"}}
2024-01-18 12:40:41.588 [INFO] [pool-2-thread-1] [com.huobi.usdt.wss.WssMarketSubTest.lambda$test6$5:144] - 订阅买一卖一逐笔行情推送的ts为：1705552840194,当前的时间戳为：1705552841588,时间间隔为：1394毫秒
2024-01-18 12:40:41.689 [INFO] [pool-2-thread-1] [com.huobi.usdt.wss.WssMarketSubTest.lambda$test6$5:141] - 订阅买一卖一逐笔行情推送用户收到的数据===============:{"ch":"market.BTC-USDT.bbo","ts":1705552840287,"tick":{"mrid":100021894696469,"id":1705552840,"bid":[42713.9,6719],"ask":[42714,1853],"ts":1705552840283,"version":100021894696469,"ch":"market.BTC-USDT.bbo"}}
2024-01-18 12:40:41.689 [INFO] [pool-2-thread-1] [com.huobi.usdt.wss.WssMarketSubTest.lambda$test6$5:144] - 订阅买一卖一逐笔行情推送的ts为：1705552840287,当前的时间戳为：1705552841689,时间间隔为：1402毫秒
2024-01-18 12:40:42.612 [INFO] [pool-2-thread-1] [com.huobi.usdt.wss.WssMarketSubTest.lambda$test6$5:141] - 订阅买一卖一逐笔行情推送用户收到的数据===============:{"ch":"market.BTC-USDT.bbo","ts":1705552841095,"tick":{"mrid":100021894696626,"id":1705552841,"bid":[42713.9,6718],"ask":[42714,1853],"ts":1705552841093,"version":100021894696626,"ch":"market.BTC-USDT.bbo"}}
2024-01-18 12:40:42.612 [INFO] [pool-2-thread-1] [com.huobi.usdt.wss.WssMarketSubTest.lambda$test6$5:144] - 订阅买一卖一逐笔行情推送的ts为：1705552841095,当前的时间戳为：1705552842612,时间间隔为：1517毫秒
2024-01-18 12:40:42.613 [INFO] [pool-2-thread-1] [com.huobi.usdt.wss.WssMarketSubTest.lambda$test6$5:141] - 订阅买一卖一逐笔行情推送用户收到的数据===============:{"ch":"market.BTC-USDT.bbo","ts":1705552841194,"tick":{"mrid":100021894696675,"id":1705552841,"bid":[42713.9,6718],"ask":[42714,2877],"ts":1705552841191,"version":100021894696675,"ch":"market.BTC-USDT.bbo"}}
2024-01-18 12:40:42.613 [INFO] [pool-2-thread-1] [com.huobi.usdt.wss.WssMarketSubTest.lambda$test6$5:144] - 订阅买一卖一逐笔行情推送的ts为：1705552841194,当前的时间戳为：1705552842613,时间间隔为：1419毫秒
2024-01-18 12:40:42.613 [INFO] [pool-2-thread-1] [com.huobi.usdt.wss.WssMarketSubTest.lambda$test6$5:141] - 订阅买一卖一逐笔行情推送用户收到的数据===============:{"ch":"market.BTC-USDT.bbo","ts":1705552841198,"tick":{"mrid":100021894696677,"id":1705552841,"bid":[42713.9,6719],"ask":[42714,2877],"ts":1705552841195,"version":100021894696677,"ch":"market.BTC-USDT.bbo"}}
2024-01-18 12:40:42.613 [INFO] [pool-2-thread-1] [com.huobi.usdt.wss.WssMarketSubTest.lambda$test6$5:144] - 订阅买一卖一逐笔行情推送的ts为：1705552841198,当前的时间戳为：1705552842613,时间间隔为：1415毫秒
2024-01-18 12:40:42.769 [INFO] [pool-2-thread-1] [com.huobi.usdt.wss.WssMarketSubTest.lambda$test6$5:141] - 订阅买一卖一逐笔行情推送用户收到的数据===============:{"ch":"market.BTC-USDT.bbo","ts":1705552841375,"tick":{"mrid":100021894696723,"id":1705552841,"bid":[42713.9,6721],"ask":[42714,2877],"ts":1705552841373,"version":100021894696723,"ch":"market.BTC-USDT.bbo"}}
2024-01-18 12:40:42.770 [INFO] [pool-2-thread-1] [com.huobi.usdt.wss.WssMarketSubTest.lambda$test6$5:144] - 订阅买一卖一逐笔行情推送的ts为：1705552841375,当前的时间戳为：1705552842769,时间间隔为：1394毫秒
2024-01-18 12:40:42.913 [INFO] [pool-2-thread-1] [com.huobi.usdt.wss.WssMarketSubTest.lambda$test6$5:141] - 订阅买一卖一逐笔行情推送用户收到的数据===============:{"ch":"market.BTC-USDT.bbo","ts":1705552841516,"tick":{"mrid":100021894696756,"id":1705552841,"bid":[42713.9,6725],"ask":[42714,2877],"ts":1705552841514,"version":100021894696756,"ch":"market.BTC-USDT.bbo"}}
2024-01-18 12:40:42.914 [INFO] [pool-2-thread-1] [com.huobi.usdt.wss.WssMarketSubTest.lambda$test6$5:144] - 订阅买一卖一逐笔行情推送的ts为：1705552841516,当前的时间戳为：1705552842913,时间间隔为：1397毫秒
2024-01-18 12:40:43.374 [INFO] [pool-2-thread-1] [com.huobi.usdt.wss.WssMarketSubTest.lambda$test6$5:141] - 订阅买一卖一逐笔行情推送用户收到的数据===============:{"ch":"market.BTC-USDT.bbo","ts":1705552841980,"tick":{"mrid":100021894696851,"id":1705552841,"bid":[42713.9,6725],"ask":[42714,3079],"ts":1705552841978,"version":100021894696851,"ch":"market.BTC-USDT.bbo"}}
2024-01-18 12:40:43.376 [INFO] [pool-2-thread-1] [com.huobi.usdt.wss.WssMarketSubTest.lambda$test6$5:144] - 订阅买一卖一逐笔行情推送的ts为：1705552841980,当前的时间戳为：1705552843376,时间间隔为：1396毫秒
2024-01-18 12:40:43.431 [INFO] [pool-2-thread-1] [com.huobi.usdt.wss.WssMarketSubTest.lambda$test6$5:141] - 订阅买一卖一逐笔行情推送用户收到的数据===============:{"ch":"market.BTC-USDT.bbo","ts":1705552842035,"tick":{"mrid":100021894696879,"id":1705552842,"bid":[42713.9,6503],"ask":[42714,3079],"ts":1705552842033,"version":100021894696879,"ch":"market.BTC-USDT.bbo"}}
2024-01-18 12:40:43.432 [INFO] [pool-2-thread-1] [com.huobi.usdt.wss.WssMarketSubTest.lambda$test6$5:144] - 订阅买一卖一逐笔行情推送的ts为：1705552842035,当前的时间戳为：1705552843431,时间间隔为：1396毫秒
2024-01-18 12:40:43.464 [INFO] [pool-2-thread-1] [com.huobi.usdt.wss.WssMarketSubTest.lambda$test6$5:141] - 订阅买一卖一逐笔行情推送用户收到的数据===============:{"ch":"market.BTC-USDT.bbo","ts":1705552842068,"tick":{"mrid":100021894696887,"id":1705552842,"bid":[42713.9,6305],"ask":[42714,3079],"ts":1705552842064,"version":100021894696887,"ch":"market.BTC-USDT.bbo"}}
2024-01-18 12:40:43.464 [INFO] [pool-2-thread-1] [com.huobi.usdt.wss.WssMarketSubTest.lambda$test6$5:144] - 订阅买一卖一逐笔行情推送的ts为：1705552842068,当前的时间戳为：1705552843464,时间间隔为：1396毫秒
2024-01-18 12:40:43.466 [INFO] [pool-2-thread-1] [com.huobi.usdt.wss.WssMarketSubTest.lambda$test6$5:141] - 订阅买一卖一逐笔行情推送用户收到的数据===============:{"ch":"market.BTC-USDT.bbo","ts":1705552842071,"tick":{"mrid":100021894696890,"id":1705552842,"bid":[42713.9,5747],"ask":[42714,3079],"ts":1705552842069,"version":100021894696890,"ch":"market.BTC-USDT.bbo"}}
2024-01-18 12:40:43.466 [INFO] [pool-2-thread-1] [com.huobi.usdt.wss.WssMarketSubTest.lambda$test6$5:144] - 订阅买一卖一逐笔行情推送的ts为：1705552842071,当前的时间戳为：1705552843466,时间间隔为：1395毫秒
2024-01-18 12:40:43.482 [INFO] [pool-2-thread-1] [com.huobi.usdt.wss.WssMarketSubTest.lambda$test6$5:141] - 订阅买一卖一逐笔行情推送用户收到的数据===============:{"ch":"market.BTC-USDT.bbo","ts":1705552842083,"tick":{"mrid":100021894696897,"id":1705552842,"bid":[42713.9,5743],"ask":[42714,3079],"ts":1705552842081,"version":100021894696897,"ch":"market.BTC-USDT.bbo"}}
2024-01-18 12:40:43.483 [INFO] [pool-2-thread-1] [com.huobi.usdt.wss.WssMarketSubTest.lambda$test6$5:144] - 订阅买一卖一逐笔行情推送的ts为：1705552842083,当前的时间戳为：1705552843482,时间间隔为：1399毫秒
2024-01-18 12:40:43.496 [INFO] [pool-2-thread-1] [com.huobi.usdt.wss.WssMarketSubTest.lambda$test6$5:141] - 订阅买一卖一逐笔行情推送用户收到的数据===============:{"ch":"market.BTC-USDT.bbo","ts":1705552842099,"tick":{"mrid":100021894696903,"id":1705552842,"bid":[42713.9,5742],"ask":[42714,3079],"ts":1705552842096,"version":100021894696903,"ch":"market.BTC-USDT.bbo"}}
2024-01-18 12:40:43.496 [INFO] [pool-2-thread-1] [com.huobi.usdt.wss.WssMarketSubTest.lambda$test6$5:144] - 订阅买一卖一逐笔行情推送的ts为：1705552842099,当前的时间戳为：1705552843496,时间间隔为：1397毫秒
2024-01-18 12:40:43.555 [INFO] [pool-2-thread-1] [com.huobi.usdt.wss.WssMarketSubTest.lambda$test6$5:141] - 订阅买一卖一逐笔行情推送用户收到的数据===============:{"ch":"market.BTC-USDT.bbo","ts":1705552842158,"tick":{"mrid":100021894696916,"id":1705552842,"bid":[42713.9,4769],"ask":[42714,3079],"ts":1705552842156,"version":100021894696916,"ch":"market.BTC-USDT.bbo"}}
2024-01-18 12:40:43.556 [INFO] [pool-2-thread-1] [com.huobi.usdt.wss.WssMarketSubTest.lambda$test6$5:144] - 订阅买一卖一逐笔行情推送的ts为：1705552842158,当前的时间戳为：1705552843556,时间间隔为：1398毫秒
2024-01-18 12:40:43.585 [INFO] [pool-2-thread-1] [com.huobi.usdt.wss.WssMarketSubTest.lambda$test6$5:141] - 订阅买一卖一逐笔行情推送用户收到的数据===============:{"ch":"market.BTC-USDT.bbo","ts":1705552842190,"tick":{"mrid":100021894696921,"id":1705552842,"bid":[42713.9,4770],"ask":[42714,3079],"ts":1705552842188,"version":100021894696921,"ch":"market.BTC-USDT.bbo"}}
2024-01-18 12:40:43.586 [INFO] [pool-2-thread-1] [com.huobi.usdt.wss.WssMarketSubTest.lambda$test6$5:144] - 订阅买一卖一逐笔行情推送的ts为：1705552842190,当前的时间戳为：1705552843585,时间间隔为：1395毫秒
2024-01-18 12:40:43.667 [INFO] [pool-2-thread-1] [com.huobi.usdt.wss.WssMarketSubTest.lambda$test6$5:141] - 订阅买一卖一逐笔行情推送用户收到的数据===============:{"ch":"market.BTC-USDT.bbo","ts":1705552842270,"tick":{"mrid":100021894696944,"id":1705552842,"bid":[42713.9,4968],"ask":[42714,3079],"ts":1705552842268,"version":100021894696944,"ch":"market.BTC-USDT.bbo"}}
2024-01-18 12:40:43.667 [INFO] [pool-2-thread-1] [com.huobi.usdt.wss.WssMarketSubTest.lambda$test6$5:144] - 订阅买一卖一逐笔行情推送的ts为：1705552842270,当前的时间戳为：1705552843667,时间间隔为：1397毫秒
2024-01-18 12:40:43.696 [INFO] [pool-2-thread-1] [com.huobi.usdt.wss.WssMarketSubTest.lambda$test6$5:141] - 订阅买一卖一逐笔行情推送用户收到的数据===============:{"ch":"market.BTC-USDT.bbo","ts":1705552842298,"tick":{"mrid":100021894696959,"id":1705552842,"bid":[42713.9,4970],"ask":[42714,3079],"ts":1705552842296,"version":100021894696959,"ch":"market.BTC-USDT.bbo"}}
2024-01-18 12:40:43.697 [INFO] [pool-2-thread-1] [com.huobi.usdt.wss.WssMarketSubTest.lambda$test6$5:144] - 订阅买一卖一逐笔行情推送的ts为：1705552842298,当前的时间戳为：1705552843697,时间间隔为：1399毫秒
2024-01-18 12:40:43.847 [INFO] [pool-2-thread-1] [com.huobi.usdt.wss.WssMarketSubTest.lambda$test6$5:141] - 订阅买一卖一逐笔行情推送用户收到的数据===============:{"ch":"market.BTC-USDT.bbo","ts":1705552842449,"tick":{"mrid":100021894696993,"id":1705552842,"bid":[42713.9,5943],"ask":[42714,3079],"ts":1705552842447,"version":100021894696993,"ch":"market.BTC-USDT.bbo"}}
2024-01-18 12:40:43.847 [INFO] [pool-2-thread-1] [com.huobi.usdt.wss.WssMarketSubTest.lambda$test6$5:144] - 订阅买一卖一逐笔行情推送的ts为：1705552842449,当前的时间戳为：1705552843847,时间间隔为：1398毫秒
2024-01-18 12:40:43.901 [INFO] [pool-2-thread-1] [com.huobi.usdt.wss.WssMarketSubTest.lambda$test6$5:141] - 订阅买一卖一逐笔行情推送用户收到的数据===============:{"ch":"market.BTC-USDT.bbo","ts":1705552842507,"tick":{"mrid":100021894697000,"id":1705552842,"bid":[42713.9,4970],"ask":[42714,3079],"ts":1705552842505,"version":100021894697000,"ch":"market.BTC-USDT.bbo"}}
2024-01-18 12:40:43.902 [INFO] [pool-2-thread-1] [com.huobi.usdt.wss.WssMarketSubTest.lambda$test6$5:144] - 订阅买一卖一逐笔行情推送的ts为：1705552842507,当前的时间戳为：1705552843902,时间间隔为：1395毫秒
2024-01-18 12:40:44.050 [INFO] [pool-2-thread-1] [com.huobi.usdt.wss.WssMarketSubTest.lambda$test6$5:141] - 订阅买一卖一逐笔行情推送用户收到的数据===============:{"ch":"market.BTC-USDT.bbo","ts":1705552842657,"tick":{"mrid":100021894697028,"id":1705552842,"bid":[42713.9,4969],"ask":[42714,3079],"ts":1705552842655,"version":100021894697028,"ch":"market.BTC-USDT.bbo"}}
2024-01-18 12:40:44.051 [INFO] [pool-2-thread-1] [com.huobi.usdt.wss.WssMarketSubTest.lambda$test6$5:144] - 订阅买一卖一逐笔行情推送的ts为：1705552842657,当前的时间戳为：1705552844051,时间间隔为：1394毫秒
2024-01-18 12:40:44.376 [INFO] [pool-2-thread-1] [com.huobi.usdt.wss.WssMarketSubTest.lambda$test6$5:141] - 订阅买一卖一逐笔行情推送用户收到的数据===============:{"ch":"market.BTC-USDT.bbo","ts":1705552842980,"tick":{"mrid":100021894697094,"id":1705552842,"bid":[42713.9,4969],"ask":[42714,3160],"ts":1705552842978,"version":100021894697094,"ch":"market.BTC-USDT.bbo"}}
2024-01-18 12:40:44.376 [INFO] [pool-2-thread-1] [com.huobi.usdt.wss.WssMarketSubTest.lambda$test6$5:144] - 订阅买一卖一逐笔行情推送的ts为：1705552842980,当前的时间戳为：1705552844376,时间间隔为：1396毫秒
2024-01-18 12:40:44.493 [INFO] [pool-2-thread-1] [com.huobi.usdt.wss.WssMarketSubTest.lambda$test6$5:141] - 订阅买一卖一逐笔行情推送用户收到的数据===============:{"ch":"market.BTC-USDT.bbo","ts":1705552843100,"tick":{"mrid":100021894697123,"id":1705552843,"bid":[42713.9,4968],"ask":[42714,3160],"ts":1705552843098,"version":100021894697123,"ch":"market.BTC-USDT.bbo"}}
2024-01-18 12:40:44.494 [INFO] [pool-2-thread-1] [com.huobi.usdt.wss.WssMarketSubTest.lambda$test6$5:144] - 订阅买一卖一逐笔行情推送的ts为：1705552843100,当前的时间戳为：1705552844494,时间间隔为：1394毫秒
2024-01-18 12:40:44.589 [INFO] [pool-2-thread-1] [com.huobi.usdt.wss.WssMarketSubTest.lambda$test6$5:141] - 订阅买一卖一逐笔行情推送用户收到的数据===============:{"ch":"market.BTC-USDT.bbo","ts":1705552843196,"tick":{"mrid":100021894697188,"id":1705552843,"bid":[42713.9,4969],"ask":[42714,3160],"ts":1705552843194,"version":100021894697188,"ch":"market.BTC-USDT.bbo"}}
2024-01-18 12:40:44.589 [INFO] [pool-2-thread-1] [com.huobi.usdt.wss.WssMarketSubTest.lambda$test6$5:144] - 订阅买一卖一逐笔行情推送的ts为：1705552843196,当前的时间戳为：1705552844589,时间间隔为：1393毫秒
2024-01-18 12:40:44.773 [INFO] [pool-2-thread-1] [com.huobi.usdt.wss.WssMarketSubTest.lambda$test6$5:141] - 订阅买一卖一逐笔行情推送用户收到的数据===============:{"ch":"market.BTC-USDT.bbo","ts":1705552843378,"tick":{"mrid":100021894697228,"id":1705552843,"bid":[42713.9,5527],"ask":[42714,3160],"ts":1705552843375,"version":100021894697228,"ch":"market.BTC-USDT.bbo"}}
2024-01-18 12:40:44.774 [INFO] [pool-2-thread-1] [com.huobi.usdt.wss.WssMarketSubTest.lambda$test6$5:144] - 订阅买一卖一逐笔行情推送的ts为：1705552843378,当前的时间戳为：1705552844774,时间间隔为：1396毫秒
2024-01-18 12:40:45.157 [INFO] [pool-2-thread-1] [com.huobi.usdt.wss.WssMarketSubTest.lambda$test6$5:141] - 订阅买一卖一逐笔行情推送用户收到的数据===============:{"ch":"market.BTC-USDT.bbo","ts":1705552843763,"tick":{"mrid":100021894697311,"id":1705552843,"bid":[42713.9,7026],"ask":[42714,3160],"ts":1705552843761,"version":100021894697311,"ch":"market.BTC-USDT.bbo"}}
2024-01-18 12:40:45.158 [INFO] [pool-2-thread-1] [com.huobi.usdt.wss.WssMarketSubTest.lambda$test6$5:144] - 订阅买一卖一逐笔行情推送的ts为：1705552843763,当前的时间戳为：1705552845157,时间间隔为：1394毫秒
2024-01-18 12:40:45.491 [INFO] [pool-2-thread-1] [com.huobi.usdt.wss.WssMarketSubTest.lambda$test6$5:141] - 订阅买一卖一逐笔行情推送用户收到的数据===============:{"ch":"market.BTC-USDT.bbo","ts":1705552844097,"tick":{"mrid":100021894697388,"id":1705552844,"bid":[42713.9,7025],"ask":[42714,3160],"ts":1705552844094,"version":100021894697388,"ch":"market.BTC-USDT.bbo"}}
2024-01-18 12:40:45.492 [INFO] [pool-2-thread-1] [com.huobi.usdt.wss.WssMarketSubTest.lambda$test6$5:144] - 订阅买一卖一逐笔行情推送的ts为：1705552844097,当前的时间戳为：1705552845492,时间间隔为：1395毫秒
2024-01-18 12:40:45.584 [INFO] [pool-2-thread-1] [com.huobi.usdt.wss.WssMarketSubTest.lambda$test6$5:141] - 订阅买一卖一逐笔行情推送用户收到的数据===============:{"ch":"market.BTC-USDT.bbo","ts":1705552844190,"tick":{"mrid":100021894697419,"id":1705552844,"bid":[42713.9,7026],"ask":[42714,3160],"ts":1705552844188,"version":100021894697419,"ch":"market.BTC-USDT.bbo"}}
2024-01-18 12:40:45.584 [INFO] [pool-2-thread-1] [com.huobi.usdt.wss.WssMarketSubTest.lambda$test6$5:144] - 订阅买一卖一逐笔行情推送的ts为：1705552844190,当前的时间戳为：1705552845584,时间间隔为：1394毫秒
